CRITICAL - 2023-06-23 11:27:43 --> in_array() expects parameter 2 to be array, int given
in APPPATH/Views/pages/settings/payment_type_add.php on line 108.
 1 [internal function]: CodeIgniter\Debug\Exceptions->errorHandler()
 2 APPPATH/Views/pages/settings/payment_type_add.php(108): in_array()
 3 SYSTEMPATH/View/View.php(224): include('/www/wwwroot/enterpro.net/app/Views/pages/settings/payment_type_add.php')
 4 SYSTEMPATH/View/View.php(227): CodeIgniter\View\View->CodeIgniter\View\{closure}()
 5 SYSTEMPATH/Common.php(1180): CodeIgniter\View\View->render()
 6 APPPATH/Libraries/Template.php(10): view()
 7 APPPATH/Controllers/SettingsController.php(213): App\Libraries\Template->render()
 8 SYSTEMPATH/CodeIgniter.php(932): App\Controllers\SettingsController->Edit_payment()
 9 SYSTEMPATH/CodeIgniter.php(497): CodeIgniter\CodeIgniter->runController()
10 SYSTEMPATH/CodeIgniter.php(366): CodeIgniter\CodeIgniter->handleRequest()
11 FCPATH/index.php(67): CodeIgniter\CodeIgniter->run()
CRITICAL - 2023-06-23 11:27:57 --> in_array() expects parameter 2 to be array, int given
in APPPATH/Views/pages/settings/payment_type_add.php on line 108.
 1 [internal function]: CodeIgniter\Debug\Exceptions->errorHandler()
 2 APPPATH/Views/pages/settings/payment_type_add.php(108): in_array()
 3 SYSTEMPATH/View/View.php(224): include('/www/wwwroot/enterpro.net/app/Views/pages/settings/payment_type_add.php')
 4 SYSTEMPATH/View/View.php(227): CodeIgniter\View\View->CodeIgniter\View\{closure}()
 5 SYSTEMPATH/Common.php(1180): CodeIgniter\View\View->render()
 6 APPPATH/Libraries/Template.php(10): view()
 7 APPPATH/Controllers/SettingsController.php(213): App\Libraries\Template->render()
 8 SYSTEMPATH/CodeIgniter.php(932): App\Controllers\SettingsController->Edit_payment()
 9 SYSTEMPATH/CodeIgniter.php(497): CodeIgniter\CodeIgniter->runController()
10 SYSTEMPATH/CodeIgniter.php(366): CodeIgniter\CodeIgniter->handleRequest()
11 FCPATH/index.php(67): CodeIgniter\CodeIgniter->run()
CRITICAL - 2023-06-23 11:28:05 --> in_array() expects parameter 2 to be array, int given
in APPPATH/Views/pages/settings/payment_type_add.php on line 108.
 1 [internal function]: CodeIgniter\Debug\Exceptions->errorHandler()
 2 APPPATH/Views/pages/settings/payment_type_add.php(108): in_array()
 3 SYSTEMPATH/View/View.php(224): include('/www/wwwroot/enterpro.net/app/Views/pages/settings/payment_type_add.php')
 4 SYSTEMPATH/View/View.php(227): CodeIgniter\View\View->CodeIgniter\View\{closure}()
 5 SYSTEMPATH/Common.php(1180): CodeIgniter\View\View->render()
 6 APPPATH/Libraries/Template.php(10): view()
 7 APPPATH/Controllers/SettingsController.php(213): App\Libraries\Template->render()
 8 SYSTEMPATH/CodeIgniter.php(932): App\Controllers\SettingsController->Edit_payment()
 9 SYSTEMPATH/CodeIgniter.php(497): CodeIgniter\CodeIgniter->runController()
10 SYSTEMPATH/CodeIgniter.php(366): CodeIgniter\CodeIgniter->handleRequest()
11 FCPATH/index.php(67): CodeIgniter\CodeIgniter->run()
