CRITICAL - 2023-06-26 10:00:49 --> in_array() expects parameter 2 to be array, int given
in APPPATH/Views/pages/settings/payment_type_add.php on line 108.
 1 [internal function]: CodeIgniter\Debug\Exceptions->errorHandler()
 2 APPPATH/Views/pages/settings/payment_type_add.php(108): in_array()
 3 SYSTEMPATH/View/View.php(224): include('/www/wwwroot/enterpro.net/app/Views/pages/settings/payment_type_add.php')
 4 SYSTEMPATH/View/View.php(227): CodeIgniter\View\View->CodeIgniter\View\{closure}()
 5 SYSTEMPATH/Common.php(1180): CodeIgniter\View\View->render()
 6 APPPATH/Libraries/Template.php(10): view()
 7 APPPATH/Controllers/SettingsController.php(213): App\Libraries\Template->render()
 8 SYSTEMPATH/CodeIgniter.php(932): App\Controllers\SettingsController->Edit_payment()
 9 SYSTEMPATH/CodeIgniter.php(497): CodeIgniter\CodeIgniter->runController()
10 SYSTEMPATH/CodeIgniter.php(366): CodeIgniter\CodeIgniter->handleRequest()
11 FCPATH/index.php(67): CodeIgniter\CodeIgniter->run()
CRITICAL - 2023-06-26 10:05:20 --> in_array() expects parameter 2 to be array, int given
in APPPATH/Views/pages/settings/payment_type_add.php on line 108.
 1 [internal function]: CodeIgniter\Debug\Exceptions->errorHandler()
 2 APPPATH/Views/pages/settings/payment_type_add.php(108): in_array()
 3 SYSTEMPATH/View/View.php(224): include('/www/wwwroot/enterpro.net/app/Views/pages/settings/payment_type_add.php')
 4 SYSTEMPATH/View/View.php(227): CodeIgniter\View\View->CodeIgniter\View\{closure}()
 5 SYSTEMPATH/Common.php(1180): CodeIgniter\View\View->render()
 6 APPPATH/Libraries/Template.php(10): view()
 7 APPPATH/Controllers/SettingsController.php(213): App\Libraries\Template->render()
 8 SYSTEMPATH/CodeIgniter.php(932): App\Controllers\SettingsController->Edit_payment()
 9 SYSTEMPATH/CodeIgniter.php(497): CodeIgniter\CodeIgniter->runController()
10 SYSTEMPATH/CodeIgniter.php(366): CodeIgniter\CodeIgniter->handleRequest()
11 FCPATH/index.php(67): CodeIgniter\CodeIgniter->run()
CRITICAL - 2023-06-26 10:08:01 --> in_array() expects parameter 2 to be array, int given
in APPPATH/Views/pages/settings/payment_type_add.php on line 108.
 1 [internal function]: CodeIgniter\Debug\Exceptions->errorHandler()
 2 APPPATH/Views/pages/settings/payment_type_add.php(108): in_array()
 3 SYSTEMPATH/View/View.php(224): include('/www/wwwroot/enterpro.net/app/Views/pages/settings/payment_type_add.php')
 4 SYSTEMPATH/View/View.php(227): CodeIgniter\View\View->CodeIgniter\View\{closure}()
 5 SYSTEMPATH/Common.php(1180): CodeIgniter\View\View->render()
 6 APPPATH/Libraries/Template.php(10): view()
 7 APPPATH/Controllers/SettingsController.php(213): App\Libraries\Template->render()
 8 SYSTEMPATH/CodeIgniter.php(932): App\Controllers\SettingsController->Edit_payment()
 9 SYSTEMPATH/CodeIgniter.php(497): CodeIgniter\CodeIgniter->runController()
10 SYSTEMPATH/CodeIgniter.php(366): CodeIgniter\CodeIgniter->handleRequest()
11 FCPATH/index.php(67): CodeIgniter\CodeIgniter->run()
ERROR - 2023-06-26 10:28:59 --> mysqli_sql_exception: Column 'description' cannot be null in /www/wwwroot/enterpro.net/system/Database/MySQLi/Connection.php:295
Stack trace:
#0 /www/wwwroot/enterpro.net/system/Database/MySQLi/Connection.php(295): mysqli->query()
#1 /www/wwwroot/enterpro.net/system/Database/BaseConnection.php(692): CodeIgniter\Database\MySQLi\Connection->execute()
#2 /www/wwwroot/enterpro.net/system/Database/BaseConnection.php(606): CodeIgniter\Database\BaseConnection->simpleQuery()
#3 /www/wwwroot/enterpro.net/system/Database/BaseBuilder.php(2309): CodeIgniter\Database\BaseConnection->query()
#4 /www/wwwroot/enterpro.net/app/Models/CommonModel.php(17): CodeIgniter\Database\BaseBuilder->insert()
#5 /www/wwwroot/enterpro.net/app/Controllers/ItemsController.php(606): App\Models\CommonModel->AddData()
#6 /www/wwwroot/enterpro.net/system/CodeIgniter.php(932): App\Controllers\ItemsController->Post_Data()
#7 /www/wwwroot/enterpro.net/system/CodeIgniter.php(497): CodeIgniter\CodeIgniter->runController()
#8 /www/wwwroot/enterpro.net/system/CodeIgniter.php(366): CodeIgniter\CodeIgniter->handleRequest()
#9 /www/wwwroot/enterpro.net/index.php(67): CodeIgniter\CodeIgniter->run()
#10 {main}
CRITICAL - 2023-06-26 10:28:59 --> Column 'description' cannot be null
in SYSTEMPATH/Database/MySQLi/Connection.php on line 295.
 1 SYSTEMPATH/Database/MySQLi/Connection.php(295): mysqli->query()
 2 SYSTEMPATH/Database/BaseConnection.php(692): CodeIgniter\Database\MySQLi\Connection->execute()
 3 SYSTEMPATH/Database/BaseConnection.php(606): CodeIgniter\Database\BaseConnection->simpleQuery()
 4 SYSTEMPATH/Database/BaseBuilder.php(2309): CodeIgniter\Database\BaseConnection->query()
 5 APPPATH/Models/CommonModel.php(17): CodeIgniter\Database\BaseBuilder->insert()
 6 APPPATH/Controllers/ItemsController.php(606): App\Models\CommonModel->AddData()
 7 SYSTEMPATH/CodeIgniter.php(932): App\Controllers\ItemsController->Post_Data()
 8 SYSTEMPATH/CodeIgniter.php(497): CodeIgniter\CodeIgniter->runController()
 9 SYSTEMPATH/CodeIgniter.php(366): CodeIgniter\CodeIgniter->handleRequest()
10 FCPATH/index.php(67): CodeIgniter\CodeIgniter->run()
ERROR - 2023-06-26 10:29:26 --> mysqli_sql_exception: Column 'description' cannot be null in /www/wwwroot/enterpro.net/system/Database/MySQLi/Connection.php:295
Stack trace:
#0 /www/wwwroot/enterpro.net/system/Database/MySQLi/Connection.php(295): mysqli->query()
#1 /www/wwwroot/enterpro.net/system/Database/BaseConnection.php(692): CodeIgniter\Database\MySQLi\Connection->execute()
#2 /www/wwwroot/enterpro.net/system/Database/BaseConnection.php(606): CodeIgniter\Database\BaseConnection->simpleQuery()
#3 /www/wwwroot/enterpro.net/system/Database/BaseBuilder.php(2309): CodeIgniter\Database\BaseConnection->query()
#4 /www/wwwroot/enterpro.net/app/Models/CommonModel.php(17): CodeIgniter\Database\BaseBuilder->insert()
#5 /www/wwwroot/enterpro.net/app/Controllers/ItemsController.php(606): App\Models\CommonModel->AddData()
#6 /www/wwwroot/enterpro.net/system/CodeIgniter.php(932): App\Controllers\ItemsController->Post_Data()
#7 /www/wwwroot/enterpro.net/system/CodeIgniter.php(497): CodeIgniter\CodeIgniter->runController()
#8 /www/wwwroot/enterpro.net/system/CodeIgniter.php(366): CodeIgniter\CodeIgniter->handleRequest()
#9 /www/wwwroot/enterpro.net/index.php(67): CodeIgniter\CodeIgniter->run()
#10 {main}
CRITICAL - 2023-06-26 10:29:26 --> Column 'description' cannot be null
in SYSTEMPATH/Database/MySQLi/Connection.php on line 295.
 1 SYSTEMPATH/Database/MySQLi/Connection.php(295): mysqli->query()
 2 SYSTEMPATH/Database/BaseConnection.php(692): CodeIgniter\Database\MySQLi\Connection->execute()
 3 SYSTEMPATH/Database/BaseConnection.php(606): CodeIgniter\Database\BaseConnection->simpleQuery()
 4 SYSTEMPATH/Database/BaseBuilder.php(2309): CodeIgniter\Database\BaseConnection->query()
 5 APPPATH/Models/CommonModel.php(17): CodeIgniter\Database\BaseBuilder->insert()
 6 APPPATH/Controllers/ItemsController.php(606): App\Models\CommonModel->AddData()
 7 SYSTEMPATH/CodeIgniter.php(932): App\Controllers\ItemsController->Post_Data()
 8 SYSTEMPATH/CodeIgniter.php(497): CodeIgniter\CodeIgniter->runController()
 9 SYSTEMPATH/CodeIgniter.php(366): CodeIgniter\CodeIgniter->handleRequest()
10 FCPATH/index.php(67): CodeIgniter\CodeIgniter->run()
