WARNING - 2023-08-08 04:34:12 --> [DEPRECATED] The behavior of unparenthesized expressions containing both '.' and '+'/'-' will change in PHP 8: '+'/'-' will take a higher precedence in APPPATH\Controllers\ItemsController.php on line 405.
 1 SYSTEMPATH\Autoloader\Autoloader.php(312): include_once()
 2 SYSTEMPATH\Autoloader\Autoloader.php(289): CodeIgniter\Autoloader\Autoloader->includeFile('C:\\xampp\\htdocs\\enterpro\\app\\Controllers\\ItemsController.php')
 3 SYSTEMPATH\Autoloader\Autoloader.php(267): CodeIgniter\Autoloader\Autoloader->loadInNamespace('App\\Controllers\\ItemsController')
 4 [internal function]: CodeIgniter\Autoloader\Autoloader->loadClass('App\\Controllers\\ItemsController')
 5 [internal function]: spl_autoload_call('App\\Controllers\\ItemsController')
 6 SYSTEMPATH\CodeIgniter.php(890): class_exists('\\App\\Controllers\\ItemsController', true)
 7 SYSTEMPATH\CodeIgniter.php(484): CodeIgniter\CodeIgniter->startController()
 8 SYSTEMPATH\CodeIgniter.php(366): CodeIgniter\CodeIgniter->handleRequest(null, Object(Config\Cache), false)
 9 FCPATH\index.php(67): CodeIgniter\CodeIgniter->run()
INFO - 2023-08-08 04:34:13 --> Session: Class initialized using 'CodeIgniter\Session\Handlers\FileHandler' driver.
INFO - 2023-08-08 04:34:13 --> Session: Class initialized using 'CodeIgniter\Session\Handlers\FileHandler' driver.
INFO - 2023-08-08 06:08:29 --> Session: Class initialized using 'CodeIgniter\Session\Handlers\FileHandler' driver.
INFO - 2023-08-08 06:08:30 --> Session: Class initialized using 'CodeIgniter\Session\Handlers\FileHandler' driver.
INFO - 2023-08-08 06:08:31 --> Session: Class initialized using 'CodeIgniter\Session\Handlers\FileHandler' driver.
INFO - 2023-08-08 06:08:31 --> Session: Class initialized using 'CodeIgniter\Session\Handlers\FileHandler' driver.
WARNING - 2023-08-08 06:08:37 --> [DEPRECATED] The behavior of unparenthesized expressions containing both '.' and '+'/'-' will change in PHP 8: '+'/'-' will take a higher precedence in APPPATH\Controllers\ItemsController.php on line 405.
 1 SYSTEMPATH\Autoloader\Autoloader.php(312): include_once()
 2 SYSTEMPATH\Autoloader\Autoloader.php(289): CodeIgniter\Autoloader\Autoloader->includeFile('C:\\xampp\\htdocs\\enterpro\\app\\Controllers\\ItemsController.php')
 3 SYSTEMPATH\Autoloader\Autoloader.php(267): CodeIgniter\Autoloader\Autoloader->loadInNamespace('App\\Controllers\\ItemsController')
 4 [internal function]: CodeIgniter\Autoloader\Autoloader->loadClass('App\\Controllers\\ItemsController')
 5 [internal function]: spl_autoload_call('App\\Controllers\\ItemsController')
 6 SYSTEMPATH\CodeIgniter.php(890): class_exists('\\App\\Controllers\\ItemsController', true)
 7 SYSTEMPATH\CodeIgniter.php(484): CodeIgniter\CodeIgniter->startController()
 8 SYSTEMPATH\CodeIgniter.php(366): CodeIgniter\CodeIgniter->handleRequest(null, Object(Config\Cache), false)
 9 FCPATH\index.php(67): CodeIgniter\CodeIgniter->run()
INFO - 2023-08-08 06:08:37 --> Session: Class initialized using 'CodeIgniter\Session\Handlers\FileHandler' driver.
WARNING - 2023-08-08 06:08:38 --> [DEPRECATED] The behavior of unparenthesized expressions containing both '.' and '+'/'-' will change in PHP 8: '+'/'-' will take a higher precedence in APPPATH\Controllers\ItemsController.php on line 405.
 1 SYSTEMPATH\Autoloader\Autoloader.php(312): include_once()
 2 SYSTEMPATH\Autoloader\Autoloader.php(289): CodeIgniter\Autoloader\Autoloader->includeFile('C:\\xampp\\htdocs\\enterpro\\app\\Controllers\\ItemsController.php')
 3 SYSTEMPATH\Autoloader\Autoloader.php(267): CodeIgniter\Autoloader\Autoloader->loadInNamespace('App\\Controllers\\ItemsController')
 4 [internal function]: CodeIgniter\Autoloader\Autoloader->loadClass('App\\Controllers\\ItemsController')
 5 [internal function]: spl_autoload_call('App\\Controllers\\ItemsController')
 6 SYSTEMPATH\CodeIgniter.php(890): class_exists('\\App\\Controllers\\ItemsController', true)
 7 SYSTEMPATH\CodeIgniter.php(484): CodeIgniter\CodeIgniter->startController()
 8 SYSTEMPATH\CodeIgniter.php(366): CodeIgniter\CodeIgniter->handleRequest(null, Object(Config\Cache), false)
 9 FCPATH\index.php(67): CodeIgniter\CodeIgniter->run()
WARNING - 2023-08-08 06:08:38 --> [DEPRECATED] The behavior of unparenthesized expressions containing both '.' and '+'/'-' will change in PHP 8: '+'/'-' will take a higher precedence in APPPATH\Controllers\ItemsController.php on line 405.
 1 SYSTEMPATH\Autoloader\Autoloader.php(312): include_once()
 2 SYSTEMPATH\Autoloader\Autoloader.php(289): CodeIgniter\Autoloader\Autoloader->includeFile('C:\\xampp\\htdocs\\enterpro\\app\\Controllers\\ItemsController.php')
 3 SYSTEMPATH\Autoloader\Autoloader.php(267): CodeIgniter\Autoloader\Autoloader->loadInNamespace('App\\Controllers\\ItemsController')
 4 [internal function]: CodeIgniter\Autoloader\Autoloader->loadClass('App\\Controllers\\ItemsController')
 5 [internal function]: spl_autoload_call('App\\Controllers\\ItemsController')
 6 SYSTEMPATH\CodeIgniter.php(890): class_exists('\\App\\Controllers\\ItemsController', true)
 7 SYSTEMPATH\CodeIgniter.php(484): CodeIgniter\CodeIgniter->startController()
 8 SYSTEMPATH\CodeIgniter.php(366): CodeIgniter\CodeIgniter->handleRequest(null, Object(Config\Cache), false)
 9 FCPATH\index.php(67): CodeIgniter\CodeIgniter->run()
INFO - 2023-08-08 06:08:38 --> Session: Class initialized using 'CodeIgniter\Session\Handlers\FileHandler' driver.
WARNING - 2023-08-08 06:08:38 --> [DEPRECATED] The behavior of unparenthesized expressions containing both '.' and '+'/'-' will change in PHP 8: '+'/'-' will take a higher precedence in APPPATH\Controllers\ItemsController.php on line 405.
 1 SYSTEMPATH\Autoloader\Autoloader.php(312): include_once()
 2 SYSTEMPATH\Autoloader\Autoloader.php(289): CodeIgniter\Autoloader\Autoloader->includeFile('C:\\xampp\\htdocs\\enterpro\\app\\Controllers\\ItemsController.php')
 3 SYSTEMPATH\Autoloader\Autoloader.php(267): CodeIgniter\Autoloader\Autoloader->loadInNamespace('App\\Controllers\\ItemsController')
 4 [internal function]: CodeIgniter\Autoloader\Autoloader->loadClass('App\\Controllers\\ItemsController')
 5 [internal function]: spl_autoload_call('App\\Controllers\\ItemsController')
 6 SYSTEMPATH\CodeIgniter.php(890): class_exists('\\App\\Controllers\\ItemsController', true)
 7 SYSTEMPATH\CodeIgniter.php(484): CodeIgniter\CodeIgniter->startController()
 8 SYSTEMPATH\CodeIgniter.php(366): CodeIgniter\CodeIgniter->handleRequest(null, Object(Config\Cache), false)
 9 FCPATH\index.php(67): CodeIgniter\CodeIgniter->run()
WARNING - 2023-08-08 06:08:38 --> [DEPRECATED] The behavior of unparenthesized expressions containing both '.' and '+'/'-' will change in PHP 8: '+'/'-' will take a higher precedence in APPPATH\Controllers\ItemsController.php on line 405.
 1 SYSTEMPATH\Autoloader\Autoloader.php(312): include_once()
 2 SYSTEMPATH\Autoloader\Autoloader.php(289): CodeIgniter\Autoloader\Autoloader->includeFile('C:\\xampp\\htdocs\\enterpro\\app\\Controllers\\ItemsController.php')
 3 SYSTEMPATH\Autoloader\Autoloader.php(267): CodeIgniter\Autoloader\Autoloader->loadInNamespace('App\\Controllers\\ItemsController')
 4 [internal function]: CodeIgniter\Autoloader\Autoloader->loadClass('App\\Controllers\\ItemsController')
 5 [internal function]: spl_autoload_call('App\\Controllers\\ItemsController')
 6 SYSTEMPATH\CodeIgniter.php(890): class_exists('\\App\\Controllers\\ItemsController', true)
 7 SYSTEMPATH\CodeIgniter.php(484): CodeIgniter\CodeIgniter->startController()
 8 SYSTEMPATH\CodeIgniter.php(366): CodeIgniter\CodeIgniter->handleRequest(null, Object(Config\Cache), false)
 9 FCPATH\index.php(67): CodeIgniter\CodeIgniter->run()
WARNING - 2023-08-08 06:08:38 --> [DEPRECATED] The behavior of unparenthesized expressions containing both '.' and '+'/'-' will change in PHP 8: '+'/'-' will take a higher precedence in APPPATH\Controllers\ItemsController.php on line 405.
 1 SYSTEMPATH\Autoloader\Autoloader.php(312): include_once()
 2 SYSTEMPATH\Autoloader\Autoloader.php(289): CodeIgniter\Autoloader\Autoloader->includeFile('C:\\xampp\\htdocs\\enterpro\\app\\Controllers\\ItemsController.php')
 3 SYSTEMPATH\Autoloader\Autoloader.php(267): CodeIgniter\Autoloader\Autoloader->loadInNamespace('App\\Controllers\\ItemsController')
 4 [internal function]: CodeIgniter\Autoloader\Autoloader->loadClass('App\\Controllers\\ItemsController')
 5 [internal function]: spl_autoload_call('App\\Controllers\\ItemsController')
 6 SYSTEMPATH\CodeIgniter.php(890): class_exists('\\App\\Controllers\\ItemsController', true)
 7 SYSTEMPATH\CodeIgniter.php(484): CodeIgniter\CodeIgniter->startController()
 8 SYSTEMPATH\CodeIgniter.php(366): CodeIgniter\CodeIgniter->handleRequest(null, Object(Config\Cache), false)
 9 FCPATH\index.php(67): CodeIgniter\CodeIgniter->run()
WARNING - 2023-08-08 06:08:38 --> [DEPRECATED] The behavior of unparenthesized expressions containing both '.' and '+'/'-' will change in PHP 8: '+'/'-' will take a higher precedence in APPPATH\Controllers\ItemsController.php on line 405.
 1 SYSTEMPATH\Autoloader\Autoloader.php(312): include_once()
 2 SYSTEMPATH\Autoloader\Autoloader.php(289): CodeIgniter\Autoloader\Autoloader->includeFile('C:\\xampp\\htdocs\\enterpro\\app\\Controllers\\ItemsController.php')
 3 SYSTEMPATH\Autoloader\Autoloader.php(267): CodeIgniter\Autoloader\Autoloader->loadInNamespace('App\\Controllers\\ItemsController')
 4 [internal function]: CodeIgniter\Autoloader\Autoloader->loadClass('App\\Controllers\\ItemsController')
 5 [internal function]: spl_autoload_call('App\\Controllers\\ItemsController')
 6 SYSTEMPATH\CodeIgniter.php(890): class_exists('\\App\\Controllers\\ItemsController', true)
 7 SYSTEMPATH\CodeIgniter.php(484): CodeIgniter\CodeIgniter->startController()
 8 SYSTEMPATH\CodeIgniter.php(366): CodeIgniter\CodeIgniter->handleRequest(null, Object(Config\Cache), false)
 9 FCPATH\index.php(67): CodeIgniter\CodeIgniter->run()
INFO - 2023-08-08 06:08:38 --> Session: Class initialized using 'CodeIgniter\Session\Handlers\FileHandler' driver.
WARNING - 2023-08-08 06:08:38 --> [DEPRECATED] The behavior of unparenthesized expressions containing both '.' and '+'/'-' will change in PHP 8: '+'/'-' will take a higher precedence in APPPATH\Controllers\ItemsController.php on line 405.
 1 SYSTEMPATH\Autoloader\Autoloader.php(312): include_once()
 2 SYSTEMPATH\Autoloader\Autoloader.php(289): CodeIgniter\Autoloader\Autoloader->includeFile('C:\\xampp\\htdocs\\enterpro\\app\\Controllers\\ItemsController.php')
 3 SYSTEMPATH\Autoloader\Autoloader.php(267): CodeIgniter\Autoloader\Autoloader->loadInNamespace('App\\Controllers\\ItemsController')
 4 [internal function]: CodeIgniter\Autoloader\Autoloader->loadClass('App\\Controllers\\ItemsController')
 5 [internal function]: spl_autoload_call('App\\Controllers\\ItemsController')
 6 SYSTEMPATH\CodeIgniter.php(890): class_exists('\\App\\Controllers\\ItemsController', true)
 7 SYSTEMPATH\CodeIgniter.php(484): CodeIgniter\CodeIgniter->startController()
 8 SYSTEMPATH\CodeIgniter.php(366): CodeIgniter\CodeIgniter->handleRequest(null, Object(Config\Cache), false)
 9 FCPATH\index.php(67): CodeIgniter\CodeIgniter->run()
INFO - 2023-08-08 06:08:38 --> Session: Class initialized using 'CodeIgniter\Session\Handlers\FileHandler' driver.
INFO - 2023-08-08 06:08:38 --> Session: Class initialized using 'CodeIgniter\Session\Handlers\FileHandler' driver.
WARNING - 2023-08-08 06:08:38 --> [DEPRECATED] The behavior of unparenthesized expressions containing both '.' and '+'/'-' will change in PHP 8: '+'/'-' will take a higher precedence in APPPATH\Controllers\ItemsController.php on line 405.
 1 SYSTEMPATH\Autoloader\Autoloader.php(312): include_once()
 2 SYSTEMPATH\Autoloader\Autoloader.php(289): CodeIgniter\Autoloader\Autoloader->includeFile('C:\\xampp\\htdocs\\enterpro\\app\\Controllers\\ItemsController.php')
 3 SYSTEMPATH\Autoloader\Autoloader.php(267): CodeIgniter\Autoloader\Autoloader->loadInNamespace('App\\Controllers\\ItemsController')
 4 [internal function]: CodeIgniter\Autoloader\Autoloader->loadClass('App\\Controllers\\ItemsController')
 5 [internal function]: spl_autoload_call('App\\Controllers\\ItemsController')
 6 SYSTEMPATH\CodeIgniter.php(890): class_exists('\\App\\Controllers\\ItemsController', true)
 7 SYSTEMPATH\CodeIgniter.php(484): CodeIgniter\CodeIgniter->startController()
 8 SYSTEMPATH\CodeIgniter.php(366): CodeIgniter\CodeIgniter->handleRequest(null, Object(Config\Cache), false)
 9 FCPATH\index.php(67): CodeIgniter\CodeIgniter->run()
WARNING - 2023-08-08 06:08:38 --> [DEPRECATED] The behavior of unparenthesized expressions containing both '.' and '+'/'-' will change in PHP 8: '+'/'-' will take a higher precedence in APPPATH\Controllers\ItemsController.php on line 405.
 1 SYSTEMPATH\Autoloader\Autoloader.php(312): include_once()
 2 SYSTEMPATH\Autoloader\Autoloader.php(289): CodeIgniter\Autoloader\Autoloader->includeFile('C:\\xampp\\htdocs\\enterpro\\app\\Controllers\\ItemsController.php')
 3 SYSTEMPATH\Autoloader\Autoloader.php(267): CodeIgniter\Autoloader\Autoloader->loadInNamespace('App\\Controllers\\ItemsController')
 4 [internal function]: CodeIgniter\Autoloader\Autoloader->loadClass('App\\Controllers\\ItemsController')
 5 [internal function]: spl_autoload_call('App\\Controllers\\ItemsController')
 6 SYSTEMPATH\CodeIgniter.php(890): class_exists('\\App\\Controllers\\ItemsController', true)
 7 SYSTEMPATH\CodeIgniter.php(484): CodeIgniter\CodeIgniter->startController()
 8 SYSTEMPATH\CodeIgniter.php(366): CodeIgniter\CodeIgniter->handleRequest(null, Object(Config\Cache), false)
 9 FCPATH\index.php(67): CodeIgniter\CodeIgniter->run()
INFO - 2023-08-08 06:08:38 --> Session: Class initialized using 'CodeIgniter\Session\Handlers\FileHandler' driver.
INFO - 2023-08-08 06:08:38 --> Session: Class initialized using 'CodeIgniter\Session\Handlers\FileHandler' driver.
INFO - 2023-08-08 06:08:38 --> Session: Class initialized using 'CodeIgniter\Session\Handlers\FileHandler' driver.
INFO - 2023-08-08 06:08:38 --> Session: Class initialized using 'CodeIgniter\Session\Handlers\FileHandler' driver.
INFO - 2023-08-08 06:08:38 --> Session: Class initialized using 'CodeIgniter\Session\Handlers\FileHandler' driver.
WARNING - 2023-08-08 06:08:41 --> [DEPRECATED] The behavior of unparenthesized expressions containing both '.' and '+'/'-' will change in PHP 8: '+'/'-' will take a higher precedence in APPPATH\Controllers\ItemsController.php on line 405.
 1 SYSTEMPATH\Autoloader\Autoloader.php(312): include_once()
 2 SYSTEMPATH\Autoloader\Autoloader.php(289): CodeIgniter\Autoloader\Autoloader->includeFile('C:\\xampp\\htdocs\\enterpro\\app\\Controllers\\ItemsController.php')
 3 SYSTEMPATH\Autoloader\Autoloader.php(267): CodeIgniter\Autoloader\Autoloader->loadInNamespace('App\\Controllers\\ItemsController')
 4 [internal function]: CodeIgniter\Autoloader\Autoloader->loadClass('App\\Controllers\\ItemsController')
 5 [internal function]: spl_autoload_call('App\\Controllers\\ItemsController')
 6 SYSTEMPATH\CodeIgniter.php(890): class_exists('\\App\\Controllers\\ItemsController', true)
 7 SYSTEMPATH\CodeIgniter.php(484): CodeIgniter\CodeIgniter->startController()
 8 SYSTEMPATH\CodeIgniter.php(366): CodeIgniter\CodeIgniter->handleRequest(null, Object(Config\Cache), false)
 9 FCPATH\index.php(67): CodeIgniter\CodeIgniter->run()
INFO - 2023-08-08 06:08:41 --> Session: Class initialized using 'CodeIgniter\Session\Handlers\FileHandler' driver.
WARNING - 2023-08-08 06:12:11 --> [DEPRECATED] The behavior of unparenthesized expressions containing both '.' and '+'/'-' will change in PHP 8: '+'/'-' will take a higher precedence in APPPATH\Controllers\ItemsController.php on line 405.
 1 SYSTEMPATH\Autoloader\Autoloader.php(312): include_once()
 2 SYSTEMPATH\Autoloader\Autoloader.php(289): CodeIgniter\Autoloader\Autoloader->includeFile('C:\\xampp\\htdocs\\enterpro\\app\\Controllers\\ItemsController.php')
 3 SYSTEMPATH\Autoloader\Autoloader.php(267): CodeIgniter\Autoloader\Autoloader->loadInNamespace('App\\Controllers\\ItemsController')
 4 [internal function]: CodeIgniter\Autoloader\Autoloader->loadClass('App\\Controllers\\ItemsController')
 5 [internal function]: spl_autoload_call('App\\Controllers\\ItemsController')
 6 SYSTEMPATH\CodeIgniter.php(890): class_exists('\\App\\Controllers\\ItemsController', true)
 7 SYSTEMPATH\CodeIgniter.php(484): CodeIgniter\CodeIgniter->startController()
 8 SYSTEMPATH\CodeIgniter.php(366): CodeIgniter\CodeIgniter->handleRequest(null, Object(Config\Cache), false)
 9 FCPATH\index.php(67): CodeIgniter\CodeIgniter->run()
INFO - 2023-08-08 06:12:11 --> Session: Class initialized using 'CodeIgniter\Session\Handlers\FileHandler' driver.
WARNING - 2023-08-08 06:16:21 --> [DEPRECATED] The behavior of unparenthesized expressions containing both '.' and '+'/'-' will change in PHP 8: '+'/'-' will take a higher precedence in APPPATH\Controllers\ItemsController.php on line 405.
 1 SYSTEMPATH\Autoloader\Autoloader.php(312): include_once()
 2 SYSTEMPATH\Autoloader\Autoloader.php(289): CodeIgniter\Autoloader\Autoloader->includeFile('C:\\xampp\\htdocs\\enterpro\\app\\Controllers\\ItemsController.php')
 3 SYSTEMPATH\Autoloader\Autoloader.php(267): CodeIgniter\Autoloader\Autoloader->loadInNamespace('App\\Controllers\\ItemsController')
 4 [internal function]: CodeIgniter\Autoloader\Autoloader->loadClass('App\\Controllers\\ItemsController')
 5 [internal function]: spl_autoload_call('App\\Controllers\\ItemsController')
 6 SYSTEMPATH\CodeIgniter.php(890): class_exists('\\App\\Controllers\\ItemsController', true)
 7 SYSTEMPATH\CodeIgniter.php(484): CodeIgniter\CodeIgniter->startController()
 8 SYSTEMPATH\CodeIgniter.php(366): CodeIgniter\CodeIgniter->handleRequest(null, Object(Config\Cache), false)
 9 FCPATH\index.php(67): CodeIgniter\CodeIgniter->run()
INFO - 2023-08-08 06:16:21 --> Session: Class initialized using 'CodeIgniter\Session\Handlers\FileHandler' driver.
WARNING - 2023-08-08 06:19:41 --> [DEPRECATED] The behavior of unparenthesized expressions containing both '.' and '+'/'-' will change in PHP 8: '+'/'-' will take a higher precedence in APPPATH\Controllers\ItemsController.php on line 405.
 1 SYSTEMPATH\Autoloader\Autoloader.php(312): include_once()
 2 SYSTEMPATH\Autoloader\Autoloader.php(289): CodeIgniter\Autoloader\Autoloader->includeFile('C:\\xampp\\htdocs\\enterpro\\app\\Controllers\\ItemsController.php')
 3 SYSTEMPATH\Autoloader\Autoloader.php(267): CodeIgniter\Autoloader\Autoloader->loadInNamespace('App\\Controllers\\ItemsController')
 4 [internal function]: CodeIgniter\Autoloader\Autoloader->loadClass('App\\Controllers\\ItemsController')
 5 [internal function]: spl_autoload_call('App\\Controllers\\ItemsController')
 6 SYSTEMPATH\CodeIgniter.php(890): class_exists('\\App\\Controllers\\ItemsController', true)
 7 SYSTEMPATH\CodeIgniter.php(484): CodeIgniter\CodeIgniter->startController()
 8 SYSTEMPATH\CodeIgniter.php(366): CodeIgniter\CodeIgniter->handleRequest(null, Object(Config\Cache), false)
 9 FCPATH\index.php(67): CodeIgniter\CodeIgniter->run()
INFO - 2023-08-08 06:19:41 --> Session: Class initialized using 'CodeIgniter\Session\Handlers\FileHandler' driver.
WARNING - 2023-08-08 06:19:47 --> [DEPRECATED] The behavior of unparenthesized expressions containing both '.' and '+'/'-' will change in PHP 8: '+'/'-' will take a higher precedence in APPPATH\Controllers\ItemsController.php on line 405.
 1 SYSTEMPATH\Autoloader\Autoloader.php(312): include_once()
 2 SYSTEMPATH\Autoloader\Autoloader.php(289): CodeIgniter\Autoloader\Autoloader->includeFile('C:\\xampp\\htdocs\\enterpro\\app\\Controllers\\ItemsController.php')
 3 SYSTEMPATH\Autoloader\Autoloader.php(267): CodeIgniter\Autoloader\Autoloader->loadInNamespace('App\\Controllers\\ItemsController')
 4 [internal function]: CodeIgniter\Autoloader\Autoloader->loadClass('App\\Controllers\\ItemsController')
 5 [internal function]: spl_autoload_call('App\\Controllers\\ItemsController')
 6 SYSTEMPATH\CodeIgniter.php(890): class_exists('\\App\\Controllers\\ItemsController', true)
 7 SYSTEMPATH\CodeIgniter.php(484): CodeIgniter\CodeIgniter->startController()
 8 SYSTEMPATH\CodeIgniter.php(366): CodeIgniter\CodeIgniter->handleRequest(null, Object(Config\Cache), false)
 9 FCPATH\index.php(67): CodeIgniter\CodeIgniter->run()
INFO - 2023-08-08 06:19:47 --> Session: Class initialized using 'CodeIgniter\Session\Handlers\FileHandler' driver.
WARNING - 2023-08-08 06:20:05 --> [DEPRECATED] The behavior of unparenthesized expressions containing both '.' and '+'/'-' will change in PHP 8: '+'/'-' will take a higher precedence in APPPATH\Controllers\ItemsController.php on line 405.
 1 SYSTEMPATH\Autoloader\Autoloader.php(312): include_once()
 2 SYSTEMPATH\Autoloader\Autoloader.php(289): CodeIgniter\Autoloader\Autoloader->includeFile('C:\\xampp\\htdocs\\enterpro\\app\\Controllers\\ItemsController.php')
 3 SYSTEMPATH\Autoloader\Autoloader.php(267): CodeIgniter\Autoloader\Autoloader->loadInNamespace('App\\Controllers\\ItemsController')
 4 [internal function]: CodeIgniter\Autoloader\Autoloader->loadClass('App\\Controllers\\ItemsController')
 5 [internal function]: spl_autoload_call('App\\Controllers\\ItemsController')
 6 SYSTEMPATH\CodeIgniter.php(890): class_exists('\\App\\Controllers\\ItemsController', true)
 7 SYSTEMPATH\CodeIgniter.php(484): CodeIgniter\CodeIgniter->startController()
 8 SYSTEMPATH\CodeIgniter.php(366): CodeIgniter\CodeIgniter->handleRequest(null, Object(Config\Cache), false)
 9 FCPATH\index.php(67): CodeIgniter\CodeIgniter->run()
INFO - 2023-08-08 06:20:05 --> Session: Class initialized using 'CodeIgniter\Session\Handlers\FileHandler' driver.
WARNING - 2023-08-08 06:29:12 --> [DEPRECATED] The behavior of unparenthesized expressions containing both '.' and '+'/'-' will change in PHP 8: '+'/'-' will take a higher precedence in APPPATH\Controllers\ItemsController.php on line 405.
 1 SYSTEMPATH\Autoloader\Autoloader.php(312): include_once()
 2 SYSTEMPATH\Autoloader\Autoloader.php(289): CodeIgniter\Autoloader\Autoloader->includeFile('C:\\xampp\\htdocs\\enterpro\\app\\Controllers\\ItemsController.php')
 3 SYSTEMPATH\Autoloader\Autoloader.php(267): CodeIgniter\Autoloader\Autoloader->loadInNamespace('App\\Controllers\\ItemsController')
 4 [internal function]: CodeIgniter\Autoloader\Autoloader->loadClass('App\\Controllers\\ItemsController')
 5 [internal function]: spl_autoload_call('App\\Controllers\\ItemsController')
 6 SYSTEMPATH\CodeIgniter.php(890): class_exists('\\App\\Controllers\\ItemsController', true)
 7 SYSTEMPATH\CodeIgniter.php(484): CodeIgniter\CodeIgniter->startController()
 8 SYSTEMPATH\CodeIgniter.php(366): CodeIgniter\CodeIgniter->handleRequest(null, Object(Config\Cache), false)
 9 FCPATH\index.php(67): CodeIgniter\CodeIgniter->run()
INFO - 2023-08-08 06:29:12 --> Session: Class initialized using 'CodeIgniter\Session\Handlers\FileHandler' driver.
WARNING - 2023-08-08 06:29:27 --> [DEPRECATED] The behavior of unparenthesized expressions containing both '.' and '+'/'-' will change in PHP 8: '+'/'-' will take a higher precedence in APPPATH\Controllers\ItemsController.php on line 405.
 1 SYSTEMPATH\Autoloader\Autoloader.php(312): include_once()
 2 SYSTEMPATH\Autoloader\Autoloader.php(289): CodeIgniter\Autoloader\Autoloader->includeFile('C:\\xampp\\htdocs\\enterpro\\app\\Controllers\\ItemsController.php')
 3 SYSTEMPATH\Autoloader\Autoloader.php(267): CodeIgniter\Autoloader\Autoloader->loadInNamespace('App\\Controllers\\ItemsController')
 4 [internal function]: CodeIgniter\Autoloader\Autoloader->loadClass('App\\Controllers\\ItemsController')
 5 [internal function]: spl_autoload_call('App\\Controllers\\ItemsController')
 6 SYSTEMPATH\CodeIgniter.php(890): class_exists('\\App\\Controllers\\ItemsController', true)
 7 SYSTEMPATH\CodeIgniter.php(484): CodeIgniter\CodeIgniter->startController()
 8 SYSTEMPATH\CodeIgniter.php(366): CodeIgniter\CodeIgniter->handleRequest(null, Object(Config\Cache), false)
 9 FCPATH\index.php(67): CodeIgniter\CodeIgniter->run()
INFO - 2023-08-08 06:29:27 --> Session: Class initialized using 'CodeIgniter\Session\Handlers\FileHandler' driver.
WARNING - 2023-08-08 06:30:25 --> [DEPRECATED] The behavior of unparenthesized expressions containing both '.' and '+'/'-' will change in PHP 8: '+'/'-' will take a higher precedence in APPPATH\Controllers\ItemsController.php on line 405.
 1 SYSTEMPATH\Autoloader\Autoloader.php(312): include_once()
 2 SYSTEMPATH\Autoloader\Autoloader.php(289): CodeIgniter\Autoloader\Autoloader->includeFile('C:\\xampp\\htdocs\\enterpro\\app\\Controllers\\ItemsController.php')
 3 SYSTEMPATH\Autoloader\Autoloader.php(267): CodeIgniter\Autoloader\Autoloader->loadInNamespace('App\\Controllers\\ItemsController')
 4 [internal function]: CodeIgniter\Autoloader\Autoloader->loadClass('App\\Controllers\\ItemsController')
 5 [internal function]: spl_autoload_call('App\\Controllers\\ItemsController')
 6 SYSTEMPATH\CodeIgniter.php(890): class_exists('\\App\\Controllers\\ItemsController', true)
 7 SYSTEMPATH\CodeIgniter.php(484): CodeIgniter\CodeIgniter->startController()
 8 SYSTEMPATH\CodeIgniter.php(366): CodeIgniter\CodeIgniter->handleRequest(null, Object(Config\Cache), false)
 9 FCPATH\index.php(67): CodeIgniter\CodeIgniter->run()
INFO - 2023-08-08 06:30:25 --> Session: Class initialized using 'CodeIgniter\Session\Handlers\FileHandler' driver.
WARNING - 2023-08-08 06:31:14 --> [DEPRECATED] The behavior of unparenthesized expressions containing both '.' and '+'/'-' will change in PHP 8: '+'/'-' will take a higher precedence in APPPATH\Controllers\ItemsController.php on line 405.
 1 SYSTEMPATH\Autoloader\Autoloader.php(312): include_once()
 2 SYSTEMPATH\Autoloader\Autoloader.php(289): CodeIgniter\Autoloader\Autoloader->includeFile('C:\\xampp\\htdocs\\enterpro\\app\\Controllers\\ItemsController.php')
 3 SYSTEMPATH\Autoloader\Autoloader.php(267): CodeIgniter\Autoloader\Autoloader->loadInNamespace('App\\Controllers\\ItemsController')
 4 [internal function]: CodeIgniter\Autoloader\Autoloader->loadClass('App\\Controllers\\ItemsController')
 5 [internal function]: spl_autoload_call('App\\Controllers\\ItemsController')
 6 SYSTEMPATH\CodeIgniter.php(890): class_exists('\\App\\Controllers\\ItemsController', true)
 7 SYSTEMPATH\CodeIgniter.php(484): CodeIgniter\CodeIgniter->startController()
 8 SYSTEMPATH\CodeIgniter.php(366): CodeIgniter\CodeIgniter->handleRequest(null, Object(Config\Cache), false)
 9 FCPATH\index.php(67): CodeIgniter\CodeIgniter->run()
INFO - 2023-08-08 06:31:14 --> Session: Class initialized using 'CodeIgniter\Session\Handlers\FileHandler' driver.
WARNING - 2023-08-08 06:31:44 --> [DEPRECATED] The behavior of unparenthesized expressions containing both '.' and '+'/'-' will change in PHP 8: '+'/'-' will take a higher precedence in APPPATH\Controllers\ItemsController.php on line 405.
 1 SYSTEMPATH\Autoloader\Autoloader.php(312): include_once()
 2 SYSTEMPATH\Autoloader\Autoloader.php(289): CodeIgniter\Autoloader\Autoloader->includeFile('C:\\xampp\\htdocs\\enterpro\\app\\Controllers\\ItemsController.php')
 3 SYSTEMPATH\Autoloader\Autoloader.php(267): CodeIgniter\Autoloader\Autoloader->loadInNamespace('App\\Controllers\\ItemsController')
 4 [internal function]: CodeIgniter\Autoloader\Autoloader->loadClass('App\\Controllers\\ItemsController')
 5 [internal function]: spl_autoload_call('App\\Controllers\\ItemsController')
 6 SYSTEMPATH\CodeIgniter.php(890): class_exists('\\App\\Controllers\\ItemsController', true)
 7 SYSTEMPATH\CodeIgniter.php(484): CodeIgniter\CodeIgniter->startController()
 8 SYSTEMPATH\CodeIgniter.php(366): CodeIgniter\CodeIgniter->handleRequest(null, Object(Config\Cache), false)
 9 FCPATH\index.php(67): CodeIgniter\CodeIgniter->run()
INFO - 2023-08-08 06:31:44 --> Session: Class initialized using 'CodeIgniter\Session\Handlers\FileHandler' driver.
WARNING - 2023-08-08 06:32:10 --> [DEPRECATED] The behavior of unparenthesized expressions containing both '.' and '+'/'-' will change in PHP 8: '+'/'-' will take a higher precedence in APPPATH\Controllers\ItemsController.php on line 405.
 1 SYSTEMPATH\Autoloader\Autoloader.php(312): include_once()
 2 SYSTEMPATH\Autoloader\Autoloader.php(289): CodeIgniter\Autoloader\Autoloader->includeFile('C:\\xampp\\htdocs\\enterpro\\app\\Controllers\\ItemsController.php')
 3 SYSTEMPATH\Autoloader\Autoloader.php(267): CodeIgniter\Autoloader\Autoloader->loadInNamespace('App\\Controllers\\ItemsController')
 4 [internal function]: CodeIgniter\Autoloader\Autoloader->loadClass('App\\Controllers\\ItemsController')
 5 [internal function]: spl_autoload_call('App\\Controllers\\ItemsController')
 6 SYSTEMPATH\CodeIgniter.php(890): class_exists('\\App\\Controllers\\ItemsController', true)
 7 SYSTEMPATH\CodeIgniter.php(484): CodeIgniter\CodeIgniter->startController()
 8 SYSTEMPATH\CodeIgniter.php(366): CodeIgniter\CodeIgniter->handleRequest(null, Object(Config\Cache), false)
 9 FCPATH\index.php(67): CodeIgniter\CodeIgniter->run()
INFO - 2023-08-08 06:32:10 --> Session: Class initialized using 'CodeIgniter\Session\Handlers\FileHandler' driver.
WARNING - 2023-08-08 06:32:54 --> [DEPRECATED] The behavior of unparenthesized expressions containing both '.' and '+'/'-' will change in PHP 8: '+'/'-' will take a higher precedence in APPPATH\Controllers\ItemsController.php on line 405.
 1 SYSTEMPATH\Autoloader\Autoloader.php(312): include_once()
 2 SYSTEMPATH\Autoloader\Autoloader.php(289): CodeIgniter\Autoloader\Autoloader->includeFile('C:\\xampp\\htdocs\\enterpro\\app\\Controllers\\ItemsController.php')
 3 SYSTEMPATH\Autoloader\Autoloader.php(267): CodeIgniter\Autoloader\Autoloader->loadInNamespace('App\\Controllers\\ItemsController')
 4 [internal function]: CodeIgniter\Autoloader\Autoloader->loadClass('App\\Controllers\\ItemsController')
 5 [internal function]: spl_autoload_call('App\\Controllers\\ItemsController')
 6 SYSTEMPATH\CodeIgniter.php(890): class_exists('\\App\\Controllers\\ItemsController', true)
 7 SYSTEMPATH\CodeIgniter.php(484): CodeIgniter\CodeIgniter->startController()
 8 SYSTEMPATH\CodeIgniter.php(366): CodeIgniter\CodeIgniter->handleRequest(null, Object(Config\Cache), false)
 9 FCPATH\index.php(67): CodeIgniter\CodeIgniter->run()
INFO - 2023-08-08 06:32:54 --> Session: Class initialized using 'CodeIgniter\Session\Handlers\FileHandler' driver.
WARNING - 2023-08-08 06:38:54 --> [DEPRECATED] The behavior of unparenthesized expressions containing both '.' and '+'/'-' will change in PHP 8: '+'/'-' will take a higher precedence in APPPATH\Controllers\ItemsController.php on line 405.
 1 SYSTEMPATH\Autoloader\Autoloader.php(312): include_once()
 2 SYSTEMPATH\Autoloader\Autoloader.php(289): CodeIgniter\Autoloader\Autoloader->includeFile('C:\\xampp\\htdocs\\enterpro\\app\\Controllers\\ItemsController.php')
 3 SYSTEMPATH\Autoloader\Autoloader.php(267): CodeIgniter\Autoloader\Autoloader->loadInNamespace('App\\Controllers\\ItemsController')
 4 [internal function]: CodeIgniter\Autoloader\Autoloader->loadClass('App\\Controllers\\ItemsController')
 5 [internal function]: spl_autoload_call('App\\Controllers\\ItemsController')
 6 SYSTEMPATH\CodeIgniter.php(890): class_exists('\\App\\Controllers\\ItemsController', true)
 7 SYSTEMPATH\CodeIgniter.php(484): CodeIgniter\CodeIgniter->startController()
 8 SYSTEMPATH\CodeIgniter.php(366): CodeIgniter\CodeIgniter->handleRequest(null, Object(Config\Cache), false)
 9 FCPATH\index.php(67): CodeIgniter\CodeIgniter->run()
INFO - 2023-08-08 06:38:54 --> Session: Class initialized using 'CodeIgniter\Session\Handlers\FileHandler' driver.
WARNING - 2023-08-08 06:48:11 --> [DEPRECATED] The behavior of unparenthesized expressions containing both '.' and '+'/'-' will change in PHP 8: '+'/'-' will take a higher precedence in APPPATH\Controllers\ItemsController.php on line 405.
 1 SYSTEMPATH\Autoloader\Autoloader.php(312): include_once()
 2 SYSTEMPATH\Autoloader\Autoloader.php(289): CodeIgniter\Autoloader\Autoloader->includeFile('C:\\xampp\\htdocs\\enterpro\\app\\Controllers\\ItemsController.php')
 3 SYSTEMPATH\Autoloader\Autoloader.php(267): CodeIgniter\Autoloader\Autoloader->loadInNamespace('App\\Controllers\\ItemsController')
 4 [internal function]: CodeIgniter\Autoloader\Autoloader->loadClass('App\\Controllers\\ItemsController')
 5 [internal function]: spl_autoload_call('App\\Controllers\\ItemsController')
 6 SYSTEMPATH\CodeIgniter.php(890): class_exists('\\App\\Controllers\\ItemsController', true)
 7 SYSTEMPATH\CodeIgniter.php(484): CodeIgniter\CodeIgniter->startController()
 8 SYSTEMPATH\CodeIgniter.php(366): CodeIgniter\CodeIgniter->handleRequest(null, Object(Config\Cache), false)
 9 FCPATH\index.php(67): CodeIgniter\CodeIgniter->run()
INFO - 2023-08-08 06:48:12 --> Session: Class initialized using 'CodeIgniter\Session\Handlers\FileHandler' driver.
WARNING - 2023-08-08 06:50:10 --> [DEPRECATED] The behavior of unparenthesized expressions containing both '.' and '+'/'-' will change in PHP 8: '+'/'-' will take a higher precedence in APPPATH\Controllers\ItemsController.php on line 405.
 1 SYSTEMPATH\Autoloader\Autoloader.php(312): include_once()
 2 SYSTEMPATH\Autoloader\Autoloader.php(289): CodeIgniter\Autoloader\Autoloader->includeFile('C:\\xampp\\htdocs\\enterpro\\app\\Controllers\\ItemsController.php')
 3 SYSTEMPATH\Autoloader\Autoloader.php(267): CodeIgniter\Autoloader\Autoloader->loadInNamespace('App\\Controllers\\ItemsController')
 4 [internal function]: CodeIgniter\Autoloader\Autoloader->loadClass('App\\Controllers\\ItemsController')
 5 [internal function]: spl_autoload_call('App\\Controllers\\ItemsController')
 6 SYSTEMPATH\CodeIgniter.php(890): class_exists('\\App\\Controllers\\ItemsController', true)
 7 SYSTEMPATH\CodeIgniter.php(484): CodeIgniter\CodeIgniter->startController()
 8 SYSTEMPATH\CodeIgniter.php(366): CodeIgniter\CodeIgniter->handleRequest(null, Object(Config\Cache), false)
 9 FCPATH\index.php(67): CodeIgniter\CodeIgniter->run()
INFO - 2023-08-08 06:50:10 --> Session: Class initialized using 'CodeIgniter\Session\Handlers\FileHandler' driver.
WARNING - 2023-08-08 07:22:57 --> [DEPRECATED] The behavior of unparenthesized expressions containing both '.' and '+'/'-' will change in PHP 8: '+'/'-' will take a higher precedence in APPPATH\Controllers\ItemsController.php on line 405.
 1 SYSTEMPATH\Autoloader\Autoloader.php(312): include_once()
 2 SYSTEMPATH\Autoloader\Autoloader.php(289): CodeIgniter\Autoloader\Autoloader->includeFile('C:\\xampp\\htdocs\\enterpro\\app\\Controllers\\ItemsController.php')
 3 SYSTEMPATH\Autoloader\Autoloader.php(267): CodeIgniter\Autoloader\Autoloader->loadInNamespace('App\\Controllers\\ItemsController')
 4 [internal function]: CodeIgniter\Autoloader\Autoloader->loadClass('App\\Controllers\\ItemsController')
 5 [internal function]: spl_autoload_call('App\\Controllers\\ItemsController')
 6 SYSTEMPATH\CodeIgniter.php(890): class_exists('\\App\\Controllers\\ItemsController', true)
 7 SYSTEMPATH\CodeIgniter.php(484): CodeIgniter\CodeIgniter->startController()
 8 SYSTEMPATH\CodeIgniter.php(366): CodeIgniter\CodeIgniter->handleRequest(null, Object(Config\Cache), false)
 9 FCPATH\index.php(67): CodeIgniter\CodeIgniter->run()
INFO - 2023-08-08 07:22:57 --> Session: Class initialized using 'CodeIgniter\Session\Handlers\FileHandler' driver.
WARNING - 2023-08-08 07:23:09 --> [DEPRECATED] The behavior of unparenthesized expressions containing both '.' and '+'/'-' will change in PHP 8: '+'/'-' will take a higher precedence in APPPATH\Controllers\ItemsController.php on line 405.
 1 SYSTEMPATH\Autoloader\Autoloader.php(312): include_once()
 2 SYSTEMPATH\Autoloader\Autoloader.php(289): CodeIgniter\Autoloader\Autoloader->includeFile('C:\\xampp\\htdocs\\enterpro\\app\\Controllers\\ItemsController.php')
 3 SYSTEMPATH\Autoloader\Autoloader.php(267): CodeIgniter\Autoloader\Autoloader->loadInNamespace('App\\Controllers\\ItemsController')
 4 [internal function]: CodeIgniter\Autoloader\Autoloader->loadClass('App\\Controllers\\ItemsController')
 5 [internal function]: spl_autoload_call('App\\Controllers\\ItemsController')
 6 SYSTEMPATH\CodeIgniter.php(890): class_exists('\\App\\Controllers\\ItemsController', true)
 7 SYSTEMPATH\CodeIgniter.php(484): CodeIgniter\CodeIgniter->startController()
 8 SYSTEMPATH\CodeIgniter.php(366): CodeIgniter\CodeIgniter->handleRequest(null, Object(Config\Cache), false)
 9 FCPATH\index.php(67): CodeIgniter\CodeIgniter->run()
INFO - 2023-08-08 07:23:09 --> Session: Class initialized using 'CodeIgniter\Session\Handlers\FileHandler' driver.
WARNING - 2023-08-08 07:25:43 --> [DEPRECATED] The behavior of unparenthesized expressions containing both '.' and '+'/'-' will change in PHP 8: '+'/'-' will take a higher precedence in APPPATH\Controllers\ItemsController.php on line 405.
 1 SYSTEMPATH\Autoloader\Autoloader.php(312): include_once()
 2 SYSTEMPATH\Autoloader\Autoloader.php(289): CodeIgniter\Autoloader\Autoloader->includeFile('C:\\xampp\\htdocs\\enterpro\\app\\Controllers\\ItemsController.php')
 3 SYSTEMPATH\Autoloader\Autoloader.php(267): CodeIgniter\Autoloader\Autoloader->loadInNamespace('App\\Controllers\\ItemsController')
 4 [internal function]: CodeIgniter\Autoloader\Autoloader->loadClass('App\\Controllers\\ItemsController')
 5 [internal function]: spl_autoload_call('App\\Controllers\\ItemsController')
 6 SYSTEMPATH\CodeIgniter.php(890): class_exists('\\App\\Controllers\\ItemsController', true)
 7 SYSTEMPATH\CodeIgniter.php(484): CodeIgniter\CodeIgniter->startController()
 8 SYSTEMPATH\CodeIgniter.php(366): CodeIgniter\CodeIgniter->handleRequest(null, Object(Config\Cache), false)
 9 FCPATH\index.php(67): CodeIgniter\CodeIgniter->run()
INFO - 2023-08-08 07:25:43 --> Session: Class initialized using 'CodeIgniter\Session\Handlers\FileHandler' driver.
WARNING - 2023-08-08 07:25:51 --> [DEPRECATED] The behavior of unparenthesized expressions containing both '.' and '+'/'-' will change in PHP 8: '+'/'-' will take a higher precedence in APPPATH\Controllers\ItemsController.php on line 405.
 1 SYSTEMPATH\Autoloader\Autoloader.php(312): include_once()
 2 SYSTEMPATH\Autoloader\Autoloader.php(289): CodeIgniter\Autoloader\Autoloader->includeFile('C:\\xampp\\htdocs\\enterpro\\app\\Controllers\\ItemsController.php')
 3 SYSTEMPATH\Autoloader\Autoloader.php(267): CodeIgniter\Autoloader\Autoloader->loadInNamespace('App\\Controllers\\ItemsController')
 4 [internal function]: CodeIgniter\Autoloader\Autoloader->loadClass('App\\Controllers\\ItemsController')
 5 [internal function]: spl_autoload_call('App\\Controllers\\ItemsController')
 6 SYSTEMPATH\CodeIgniter.php(890): class_exists('\\App\\Controllers\\ItemsController', true)
 7 SYSTEMPATH\CodeIgniter.php(484): CodeIgniter\CodeIgniter->startController()
 8 SYSTEMPATH\CodeIgniter.php(366): CodeIgniter\CodeIgniter->handleRequest(null, Object(Config\Cache), false)
 9 FCPATH\index.php(67): CodeIgniter\CodeIgniter->run()
INFO - 2023-08-08 07:25:51 --> Session: Class initialized using 'CodeIgniter\Session\Handlers\FileHandler' driver.
WARNING - 2023-08-08 07:36:48 --> [DEPRECATED] The behavior of unparenthesized expressions containing both '.' and '+'/'-' will change in PHP 8: '+'/'-' will take a higher precedence in APPPATH\Controllers\ItemsController.php on line 405.
 1 SYSTEMPATH\Autoloader\Autoloader.php(312): include_once()
 2 SYSTEMPATH\Autoloader\Autoloader.php(289): CodeIgniter\Autoloader\Autoloader->includeFile('C:\\xampp\\htdocs\\enterpro\\app\\Controllers\\ItemsController.php')
 3 SYSTEMPATH\Autoloader\Autoloader.php(267): CodeIgniter\Autoloader\Autoloader->loadInNamespace('App\\Controllers\\ItemsController')
 4 [internal function]: CodeIgniter\Autoloader\Autoloader->loadClass('App\\Controllers\\ItemsController')
 5 [internal function]: spl_autoload_call('App\\Controllers\\ItemsController')
 6 SYSTEMPATH\CodeIgniter.php(890): class_exists('\\App\\Controllers\\ItemsController', true)
 7 SYSTEMPATH\CodeIgniter.php(484): CodeIgniter\CodeIgniter->startController()
 8 SYSTEMPATH\CodeIgniter.php(366): CodeIgniter\CodeIgniter->handleRequest(null, Object(Config\Cache), false)
 9 FCPATH\index.php(67): CodeIgniter\CodeIgniter->run()
INFO - 2023-08-08 07:36:48 --> Session: Class initialized using 'CodeIgniter\Session\Handlers\FileHandler' driver.
WARNING - 2023-08-08 07:37:17 --> [DEPRECATED] The behavior of unparenthesized expressions containing both '.' and '+'/'-' will change in PHP 8: '+'/'-' will take a higher precedence in APPPATH\Controllers\ItemsController.php on line 405.
 1 SYSTEMPATH\Autoloader\Autoloader.php(312): include_once()
 2 SYSTEMPATH\Autoloader\Autoloader.php(289): CodeIgniter\Autoloader\Autoloader->includeFile('C:\\xampp\\htdocs\\enterpro\\app\\Controllers\\ItemsController.php')
 3 SYSTEMPATH\Autoloader\Autoloader.php(267): CodeIgniter\Autoloader\Autoloader->loadInNamespace('App\\Controllers\\ItemsController')
 4 [internal function]: CodeIgniter\Autoloader\Autoloader->loadClass('App\\Controllers\\ItemsController')
 5 [internal function]: spl_autoload_call('App\\Controllers\\ItemsController')
 6 SYSTEMPATH\CodeIgniter.php(890): class_exists('\\App\\Controllers\\ItemsController', true)
 7 SYSTEMPATH\CodeIgniter.php(484): CodeIgniter\CodeIgniter->startController()
 8 SYSTEMPATH\CodeIgniter.php(366): CodeIgniter\CodeIgniter->handleRequest(null, Object(Config\Cache), false)
 9 FCPATH\index.php(67): CodeIgniter\CodeIgniter->run()
INFO - 2023-08-08 07:37:18 --> Session: Class initialized using 'CodeIgniter\Session\Handlers\FileHandler' driver.
WARNING - 2023-08-08 07:38:48 --> [DEPRECATED] The behavior of unparenthesized expressions containing both '.' and '+'/'-' will change in PHP 8: '+'/'-' will take a higher precedence in APPPATH\Controllers\ItemsController.php on line 405.
 1 SYSTEMPATH\Autoloader\Autoloader.php(312): include_once()
 2 SYSTEMPATH\Autoloader\Autoloader.php(289): CodeIgniter\Autoloader\Autoloader->includeFile('C:\\xampp\\htdocs\\enterpro\\app\\Controllers\\ItemsController.php')
 3 SYSTEMPATH\Autoloader\Autoloader.php(267): CodeIgniter\Autoloader\Autoloader->loadInNamespace('App\\Controllers\\ItemsController')
 4 [internal function]: CodeIgniter\Autoloader\Autoloader->loadClass('App\\Controllers\\ItemsController')
 5 [internal function]: spl_autoload_call('App\\Controllers\\ItemsController')
 6 SYSTEMPATH\CodeIgniter.php(890): class_exists('\\App\\Controllers\\ItemsController', true)
 7 SYSTEMPATH\CodeIgniter.php(484): CodeIgniter\CodeIgniter->startController()
 8 SYSTEMPATH\CodeIgniter.php(366): CodeIgniter\CodeIgniter->handleRequest(null, Object(Config\Cache), false)
 9 FCPATH\index.php(67): CodeIgniter\CodeIgniter->run()
INFO - 2023-08-08 07:38:48 --> Session: Class initialized using 'CodeIgniter\Session\Handlers\FileHandler' driver.
WARNING - 2023-08-08 09:20:43 --> [DEPRECATED] The behavior of unparenthesized expressions containing both '.' and '+'/'-' will change in PHP 8: '+'/'-' will take a higher precedence in APPPATH\Controllers\ItemsController.php on line 405.
 1 SYSTEMPATH\Autoloader\Autoloader.php(312): include_once()
 2 SYSTEMPATH\Autoloader\Autoloader.php(289): CodeIgniter\Autoloader\Autoloader->includeFile('C:\\xampp\\htdocs\\enterpro\\app\\Controllers\\ItemsController.php')
 3 SYSTEMPATH\Autoloader\Autoloader.php(267): CodeIgniter\Autoloader\Autoloader->loadInNamespace('App\\Controllers\\ItemsController')
 4 [internal function]: CodeIgniter\Autoloader\Autoloader->loadClass('App\\Controllers\\ItemsController')
 5 [internal function]: spl_autoload_call('App\\Controllers\\ItemsController')
 6 SYSTEMPATH\CodeIgniter.php(890): class_exists('\\App\\Controllers\\ItemsController', true)
 7 SYSTEMPATH\CodeIgniter.php(484): CodeIgniter\CodeIgniter->startController()
 8 SYSTEMPATH\CodeIgniter.php(366): CodeIgniter\CodeIgniter->handleRequest(null, Object(Config\Cache), false)
 9 FCPATH\index.php(67): CodeIgniter\CodeIgniter->run()
INFO - 2023-08-08 09:20:44 --> Session: Class initialized using 'CodeIgniter\Session\Handlers\FileHandler' driver.
INFO - 2023-08-08 12:09:06 --> Session: Class initialized using 'CodeIgniter\Session\Handlers\FileHandler' driver.
INFO - 2023-08-08 12:09:06 --> Session: Class initialized using 'CodeIgniter\Session\Handlers\FileHandler' driver.
INFO - 2023-08-08 12:09:13 --> Session: Class initialized using 'CodeIgniter\Session\Handlers\FileHandler' driver.
INFO - 2023-08-08 12:09:14 --> Session: Class initialized using 'CodeIgniter\Session\Handlers\FileHandler' driver.
INFO - 2023-08-08 12:09:16 --> Session: Class initialized using 'CodeIgniter\Session\Handlers\FileHandler' driver.
INFO - 2023-08-08 12:09:16 --> Session: Class initialized using 'CodeIgniter\Session\Handlers\FileHandler' driver.
INFO - 2023-08-08 12:09:19 --> Session: Class initialized using 'CodeIgniter\Session\Handlers\FileHandler' driver.
INFO - 2023-08-08 12:09:21 --> Session: Class initialized using 'CodeIgniter\Session\Handlers\FileHandler' driver.
INFO - 2023-08-08 12:09:21 --> Session: Class initialized using 'CodeIgniter\Session\Handlers\FileHandler' driver.
INFO - 2023-08-08 12:09:22 --> Session: Class initialized using 'CodeIgniter\Session\Handlers\FileHandler' driver.
INFO - 2023-08-08 12:09:22 --> Session: Class initialized using 'CodeIgniter\Session\Handlers\FileHandler' driver.
INFO - 2023-08-08 12:09:22 --> Session: Class initialized using 'CodeIgniter\Session\Handlers\FileHandler' driver.
INFO - 2023-08-08 12:09:22 --> Session: Class initialized using 'CodeIgniter\Session\Handlers\FileHandler' driver.
INFO - 2023-08-08 12:13:30 --> Session: Class initialized using 'CodeIgniter\Session\Handlers\FileHandler' driver.
INFO - 2023-08-08 12:13:34 --> Session: Class initialized using 'CodeIgniter\Session\Handlers\FileHandler' driver.
INFO - 2023-08-08 12:13:35 --> Session: Class initialized using 'CodeIgniter\Session\Handlers\FileHandler' driver.
INFO - 2023-08-08 12:13:35 --> Session: Class initialized using 'CodeIgniter\Session\Handlers\FileHandler' driver.
INFO - 2023-08-08 12:13:35 --> Session: Class initialized using 'CodeIgniter\Session\Handlers\FileHandler' driver.
INFO - 2023-08-08 12:13:35 --> Session: Class initialized using 'CodeIgniter\Session\Handlers\FileHandler' driver.
INFO - 2023-08-08 12:13:35 --> Session: Class initialized using 'CodeIgniter\Session\Handlers\FileHandler' driver.
INFO - 2023-08-08 12:13:35 --> Session: Class initialized using 'CodeIgniter\Session\Handlers\FileHandler' driver.
INFO - 2023-08-08 12:13:38 --> Session: Class initialized using 'CodeIgniter\Session\Handlers\FileHandler' driver.
INFO - 2023-08-08 12:13:45 --> Session: Class initialized using 'CodeIgniter\Session\Handlers\FileHandler' driver.
INFO - 2023-08-08 12:13:46 --> Session: Class initialized using 'CodeIgniter\Session\Handlers\FileHandler' driver.
INFO - 2023-08-08 12:13:47 --> Session: Class initialized using 'CodeIgniter\Session\Handlers\FileHandler' driver.
INFO - 2023-08-08 12:13:47 --> Session: Class initialized using 'CodeIgniter\Session\Handlers\FileHandler' driver.
INFO - 2023-08-08 12:13:47 --> Session: Class initialized using 'CodeIgniter\Session\Handlers\FileHandler' driver.
INFO - 2023-08-08 12:13:47 --> Session: Class initialized using 'CodeIgniter\Session\Handlers\FileHandler' driver.
INFO - 2023-08-08 12:13:47 --> Session: Class initialized using 'CodeIgniter\Session\Handlers\FileHandler' driver.
INFO - 2023-08-08 12:13:54 --> Session: Class initialized using 'CodeIgniter\Session\Handlers\FileHandler' driver.
CRITICAL - 2023-08-08 12:13:54 --> Undefined index: base_currency_id
in APPPATH\Views\pages\purchases\back_order_add.php on line 100.
 1 APPPATH\Views\pages\purchases\back_order_add.php(100): CodeIgniter\Debug\Exceptions->errorHandler(8, 'Undefined index: base_currency_id', 'C:\\xampp\\htdocs\\enterpro\\app\\Views\\pages\\purchases\\back_order_add.php', 100, [...])
 2 SYSTEMPATH\View\View.php(224): include('C:\\xampp\\htdocs\\enterpro\\app\\Views\\pages\\purchases\\back_order_add.php')
 3 SYSTEMPATH\View\View.php(227): CodeIgniter\View\View->CodeIgniter\View\{closure}()
 4 SYSTEMPATH\Common.php(1180): CodeIgniter\View\View->render('pages/purchases/back_order_add', [], true)
 5 APPPATH\Libraries\Template.php(10): view('pages/purchases/back_order_add', [...])
 6 APPPATH\Controllers\PurchasesController.php(528): App\Libraries\Template->render('pages/purchases/back_order_add', [...])
 7 SYSTEMPATH\CodeIgniter.php(932): App\Controllers\PurchasesController->Edit_Back_Order('0')
 8 SYSTEMPATH\CodeIgniter.php(497): CodeIgniter\CodeIgniter->runController(Object(App\Controllers\PurchasesController))
 9 SYSTEMPATH\CodeIgniter.php(366): CodeIgniter\CodeIgniter->handleRequest(null, Object(Config\Cache), false)
10 FCPATH\index.php(67): CodeIgniter\CodeIgniter->run()
INFO - 2023-08-08 12:14:52 --> Session: Class initialized using 'CodeIgniter\Session\Handlers\FileHandler' driver.
CRITICAL - 2023-08-08 12:14:52 --> Undefined variable: sessData
in APPPATH\Controllers\PurchasesController.php on line 522.
 1 APPPATH\Controllers\PurchasesController.php(522): CodeIgniter\Debug\Exceptions->errorHandler(8, 'Undefined variable: sessData', 'C:\\xampp\\htdocs\\enterpro\\app\\Controllers\\PurchasesController.php', 522, [...])
 2 SYSTEMPATH\CodeIgniter.php(932): App\Controllers\PurchasesController->Edit_Back_Order('0')
 3 SYSTEMPATH\CodeIgniter.php(497): CodeIgniter\CodeIgniter->runController(Object(App\Controllers\PurchasesController))
 4 SYSTEMPATH\CodeIgniter.php(366): CodeIgniter\CodeIgniter->handleRequest(null, Object(Config\Cache), false)
 5 FCPATH\index.php(67): CodeIgniter\CodeIgniter->run()
INFO - 2023-08-08 12:15:04 --> Session: Class initialized using 'CodeIgniter\Session\Handlers\FileHandler' driver.
CRITICAL - 2023-08-08 12:15:04 --> Undefined index: items
in APPPATH\Views\pages\purchases\back_order_add.php on line 154.
 1 APPPATH\Views\pages\purchases\back_order_add.php(154): CodeIgniter\Debug\Exceptions->errorHandler(8, 'Undefined index: items', 'C:\\xampp\\htdocs\\enterpro\\app\\Views\\pages\\purchases\\back_order_add.php', 154, [...])
 2 SYSTEMPATH\View\View.php(224): include('C:\\xampp\\htdocs\\enterpro\\app\\Views\\pages\\purchases\\back_order_add.php')
 3 SYSTEMPATH\View\View.php(227): CodeIgniter\View\View->CodeIgniter\View\{closure}()
 4 SYSTEMPATH\Common.php(1180): CodeIgniter\View\View->render('pages/purchases/back_order_add', [], true)
 5 APPPATH\Libraries\Template.php(10): view('pages/purchases/back_order_add', [...])
 6 APPPATH\Controllers\PurchasesController.php(538): App\Libraries\Template->render('pages/purchases/back_order_add', [...])
 7 SYSTEMPATH\CodeIgniter.php(932): App\Controllers\PurchasesController->Edit_Back_Order('0')
 8 SYSTEMPATH\CodeIgniter.php(497): CodeIgniter\CodeIgniter->runController(Object(App\Controllers\PurchasesController))
 9 SYSTEMPATH\CodeIgniter.php(366): CodeIgniter\CodeIgniter->handleRequest(null, Object(Config\Cache), false)
10 FCPATH\index.php(67): CodeIgniter\CodeIgniter->run()
INFO - 2023-08-08 12:15:17 --> Session: Class initialized using 'CodeIgniter\Session\Handlers\FileHandler' driver.
INFO - 2023-08-08 12:15:18 --> Session: Class initialized using 'CodeIgniter\Session\Handlers\FileHandler' driver.
INFO - 2023-08-08 12:16:35 --> Session: Class initialized using 'CodeIgniter\Session\Handlers\FileHandler' driver.
INFO - 2023-08-08 12:16:37 --> Session: Class initialized using 'CodeIgniter\Session\Handlers\FileHandler' driver.
INFO - 2023-08-08 12:20:10 --> Session: Class initialized using 'CodeIgniter\Session\Handlers\FileHandler' driver.
CRITICAL - 2023-08-08 12:20:10 --> Call to undefined method CodeIgniter\Database\MySQLi\Builder::findAll()
in APPPATH\Controllers\PurchasesController.php on line 544.
 1 SYSTEMPATH\CodeIgniter.php(932): App\Controllers\PurchasesController->Edit_Back_Order('1')
 2 SYSTEMPATH\CodeIgniter.php(497): CodeIgniter\CodeIgniter->runController(Object(App\Controllers\PurchasesController))
 3 SYSTEMPATH\CodeIgniter.php(366): CodeIgniter\CodeIgniter->handleRequest(null, Object(Config\Cache), false)
 4 FCPATH\index.php(67): CodeIgniter\CodeIgniter->run()
INFO - 2023-08-08 12:20:18 --> Session: Class initialized using 'CodeIgniter\Session\Handlers\FileHandler' driver.
