WARNING - 2023-08-07 05:16:10 --> [DEPRECATED] The behavior of unparenthesized expressions containing both '.' and '+'/'-' will change in PHP 8: '+'/'-' will take a higher precedence in APPPATH\Controllers\ItemsController.php on line 405.
 1 SYSTEMPATH\Autoloader\Autoloader.php(312): include_once()
 2 SYSTEMPATH\Autoloader\Autoloader.php(289): CodeIgniter\Autoloader\Autoloader->includeFile('C:\\xampp\\htdocs\\enterpro\\app\\Controllers\\ItemsController.php')
 3 SYSTEMPATH\Autoloader\Autoloader.php(267): CodeIgniter\Autoloader\Autoloader->loadInNamespace('App\\Controllers\\ItemsController')
 4 [internal function]: CodeIgniter\Autoloader\Autoloader->loadClass('App\\Controllers\\ItemsController')
 5 [internal function]: spl_autoload_call('App\\Controllers\\ItemsController')
 6 SYSTEMPATH\CodeIgniter.php(890): class_exists('\\App\\Controllers\\ItemsController', true)
 7 SYSTEMPATH\CodeIgniter.php(484): CodeIgniter\CodeIgniter->startController()
 8 SYSTEMPATH\CodeIgniter.php(366): CodeIgniter\CodeIgniter->handleRequest(null, Object(Config\Cache), false)
 9 FCPATH\index.php(67): CodeIgniter\CodeIgniter->run()
INFO - 2023-08-07 05:16:10 --> Session: Class initialized using 'CodeIgniter\Session\Handlers\FileHandler' driver.
INFO - 2023-08-07 05:16:10 --> Session: Class initialized using 'CodeIgniter\Session\Handlers\FileHandler' driver.
INFO - 2023-08-07 05:16:10 --> Session: Class initialized using 'CodeIgniter\Session\Handlers\FileHandler' driver.
INFO - 2023-08-07 05:16:11 --> Session: Class initialized using 'CodeIgniter\Session\Handlers\FileHandler' driver.
CRITICAL - 2023-08-07 05:16:13 --> unlink(C:\xampp\htdocs\enterpro\writable\debugbar/debugbar_1691148483.454747.json): No such file or directory
in SYSTEMPATH\Debug\Toolbar\Collectors\History.php on line 76.
 1 [internal function]: CodeIgniter\Debug\Exceptions->errorHandler(2, 'unlink(C:\\xampp\\htdocs\\enterpro\\writable\\debugbar/debugbar_1691148483.454747.json): No such file or directory', 'C:\\xampp\\htdocs\\enterpro\\system\\Debug\\Toolbar\\Collectors\\History.php', 76, [...])
 2 SYSTEMPATH\Debug\Toolbar\Collectors\History.php(76): unlink('C:\\xampp\\htdocs\\enterpro\\writable\\debugbar/debugbar_1691148483.454747.json')
 3 SYSTEMPATH\Debug\Toolbar.php(497): CodeIgniter\Debug\Toolbar\Collectors\History->setFiles('1691385372.011478', 20)
 4 SYSTEMPATH\Debug\Toolbar.php(474): CodeIgniter\Debug\Toolbar->format([...], 'html')
 5 APPPATH\Config\Events.php(46): CodeIgniter\Debug\Toolbar->respond()
 6 SYSTEMPATH\Events\Events.php(149): CodeIgniter\Events\Events::Config\{closure}()
 7 SYSTEMPATH\CodeIgniter.php(348): CodeIgniter\Events\Events::trigger('pre_system')
 8 FCPATH\index.php(67): CodeIgniter\CodeIgniter->run()
INFO - 2023-08-07 05:46:41 --> Session: Class initialized using 'CodeIgniter\Session\Handlers\FileHandler' driver.
INFO - 2023-08-07 05:46:49 --> Session: Class initialized using 'CodeIgniter\Session\Handlers\FileHandler' driver.
INFO - 2023-08-07 05:46:50 --> Session: Class initialized using 'CodeIgniter\Session\Handlers\FileHandler' driver.
INFO - 2023-08-07 05:46:51 --> Session: Class initialized using 'CodeIgniter\Session\Handlers\FileHandler' driver.
INFO - 2023-08-07 05:46:52 --> Session: Class initialized using 'CodeIgniter\Session\Handlers\FileHandler' driver.
WARNING - 2023-08-07 05:47:12 --> [DEPRECATED] The behavior of unparenthesized expressions containing both '.' and '+'/'-' will change in PHP 8: '+'/'-' will take a higher precedence in APPPATH\Controllers\ItemsController.php on line 405.
 1 SYSTEMPATH\Autoloader\Autoloader.php(312): include_once()
 2 SYSTEMPATH\Autoloader\Autoloader.php(289): CodeIgniter\Autoloader\Autoloader->includeFile('C:\\xampp\\htdocs\\enterpro\\app\\Controllers\\ItemsController.php')
 3 SYSTEMPATH\Autoloader\Autoloader.php(267): CodeIgniter\Autoloader\Autoloader->loadInNamespace('App\\Controllers\\ItemsController')
 4 [internal function]: CodeIgniter\Autoloader\Autoloader->loadClass('App\\Controllers\\ItemsController')
 5 [internal function]: spl_autoload_call('App\\Controllers\\ItemsController')
 6 SYSTEMPATH\CodeIgniter.php(890): class_exists('\\App\\Controllers\\ItemsController', true)
 7 SYSTEMPATH\CodeIgniter.php(484): CodeIgniter\CodeIgniter->startController()
 8 SYSTEMPATH\CodeIgniter.php(366): CodeIgniter\CodeIgniter->handleRequest(null, Object(Config\Cache), false)
 9 FCPATH\index.php(67): CodeIgniter\CodeIgniter->run()
INFO - 2023-08-07 05:47:12 --> Session: Class initialized using 'CodeIgniter\Session\Handlers\FileHandler' driver.
WARNING - 2023-08-07 05:47:13 --> [DEPRECATED] The behavior of unparenthesized expressions containing both '.' and '+'/'-' will change in PHP 8: '+'/'-' will take a higher precedence in APPPATH\Controllers\ItemsController.php on line 405.
 1 SYSTEMPATH\Autoloader\Autoloader.php(312): include_once()
 2 SYSTEMPATH\Autoloader\Autoloader.php(289): CodeIgniter\Autoloader\Autoloader->includeFile('C:\\xampp\\htdocs\\enterpro\\app\\Controllers\\ItemsController.php')
 3 SYSTEMPATH\Autoloader\Autoloader.php(267): CodeIgniter\Autoloader\Autoloader->loadInNamespace('App\\Controllers\\ItemsController')
 4 [internal function]: CodeIgniter\Autoloader\Autoloader->loadClass('App\\Controllers\\ItemsController')
 5 [internal function]: spl_autoload_call('App\\Controllers\\ItemsController')
 6 SYSTEMPATH\CodeIgniter.php(890): class_exists('\\App\\Controllers\\ItemsController', true)
 7 SYSTEMPATH\CodeIgniter.php(484): CodeIgniter\CodeIgniter->startController()
 8 SYSTEMPATH\CodeIgniter.php(366): CodeIgniter\CodeIgniter->handleRequest(null, Object(Config\Cache), false)
 9 FCPATH\index.php(67): CodeIgniter\CodeIgniter->run()
WARNING - 2023-08-07 05:47:13 --> [DEPRECATED] The behavior of unparenthesized expressions containing both '.' and '+'/'-' will change in PHP 8: '+'/'-' will take a higher precedence in APPPATH\Controllers\ItemsController.php on line 405.
 1 SYSTEMPATH\Autoloader\Autoloader.php(312): include_once()
 2 SYSTEMPATH\Autoloader\Autoloader.php(289): CodeIgniter\Autoloader\Autoloader->includeFile('C:\\xampp\\htdocs\\enterpro\\app\\Controllers\\ItemsController.php')
 3 SYSTEMPATH\Autoloader\Autoloader.php(267): CodeIgniter\Autoloader\Autoloader->loadInNamespace('App\\Controllers\\ItemsController')
 4 [internal function]: CodeIgniter\Autoloader\Autoloader->loadClass('App\\Controllers\\ItemsController')
 5 [internal function]: spl_autoload_call('App\\Controllers\\ItemsController')
 6 SYSTEMPATH\CodeIgniter.php(890): class_exists('\\App\\Controllers\\ItemsController', true)
 7 SYSTEMPATH\CodeIgniter.php(484): CodeIgniter\CodeIgniter->startController()
 8 SYSTEMPATH\CodeIgniter.php(366): CodeIgniter\CodeIgniter->handleRequest(null, Object(Config\Cache), false)
 9 FCPATH\index.php(67): CodeIgniter\CodeIgniter->run()
INFO - 2023-08-07 05:47:13 --> Session: Class initialized using 'CodeIgniter\Session\Handlers\FileHandler' driver.
WARNING - 2023-08-07 05:47:13 --> [DEPRECATED] The behavior of unparenthesized expressions containing both '.' and '+'/'-' will change in PHP 8: '+'/'-' will take a higher precedence in APPPATH\Controllers\ItemsController.php on line 405.
 1 SYSTEMPATH\Autoloader\Autoloader.php(312): include_once()
 2 SYSTEMPATH\Autoloader\Autoloader.php(289): CodeIgniter\Autoloader\Autoloader->includeFile('C:\\xampp\\htdocs\\enterpro\\app\\Controllers\\ItemsController.php')
 3 SYSTEMPATH\Autoloader\Autoloader.php(267): CodeIgniter\Autoloader\Autoloader->loadInNamespace('App\\Controllers\\ItemsController')
 4 [internal function]: CodeIgniter\Autoloader\Autoloader->loadClass('App\\Controllers\\ItemsController')
 5 [internal function]: spl_autoload_call('App\\Controllers\\ItemsController')
 6 SYSTEMPATH\CodeIgniter.php(890): class_exists('\\App\\Controllers\\ItemsController', true)
 7 SYSTEMPATH\CodeIgniter.php(484): CodeIgniter\CodeIgniter->startController()
 8 SYSTEMPATH\CodeIgniter.php(366): CodeIgniter\CodeIgniter->handleRequest(null, Object(Config\Cache), false)
 9 FCPATH\index.php(67): CodeIgniter\CodeIgniter->run()
WARNING - 2023-08-07 05:47:13 --> [DEPRECATED] The behavior of unparenthesized expressions containing both '.' and '+'/'-' will change in PHP 8: '+'/'-' will take a higher precedence in APPPATH\Controllers\ItemsController.php on line 405.
 1 SYSTEMPATH\Autoloader\Autoloader.php(312): include_once()
 2 SYSTEMPATH\Autoloader\Autoloader.php(289): CodeIgniter\Autoloader\Autoloader->includeFile('C:\\xampp\\htdocs\\enterpro\\app\\Controllers\\ItemsController.php')
 3 SYSTEMPATH\Autoloader\Autoloader.php(267): CodeIgniter\Autoloader\Autoloader->loadInNamespace('App\\Controllers\\ItemsController')
 4 [internal function]: CodeIgniter\Autoloader\Autoloader->loadClass('App\\Controllers\\ItemsController')
 5 [internal function]: spl_autoload_call('App\\Controllers\\ItemsController')
 6 SYSTEMPATH\CodeIgniter.php(890): class_exists('\\App\\Controllers\\ItemsController', true)
 7 SYSTEMPATH\CodeIgniter.php(484): CodeIgniter\CodeIgniter->startController()
 8 SYSTEMPATH\CodeIgniter.php(366): CodeIgniter\CodeIgniter->handleRequest(null, Object(Config\Cache), false)
 9 FCPATH\index.php(67): CodeIgniter\CodeIgniter->run()
WARNING - 2023-08-07 05:47:13 --> [DEPRECATED] The behavior of unparenthesized expressions containing both '.' and '+'/'-' will change in PHP 8: '+'/'-' will take a higher precedence in APPPATH\Controllers\ItemsController.php on line 405.
 1 SYSTEMPATH\Autoloader\Autoloader.php(312): include_once()
 2 SYSTEMPATH\Autoloader\Autoloader.php(289): CodeIgniter\Autoloader\Autoloader->includeFile('C:\\xampp\\htdocs\\enterpro\\app\\Controllers\\ItemsController.php')
 3 SYSTEMPATH\Autoloader\Autoloader.php(267): CodeIgniter\Autoloader\Autoloader->loadInNamespace('App\\Controllers\\ItemsController')
 4 [internal function]: CodeIgniter\Autoloader\Autoloader->loadClass('App\\Controllers\\ItemsController')
 5 [internal function]: spl_autoload_call('App\\Controllers\\ItemsController')
 6 SYSTEMPATH\CodeIgniter.php(890): class_exists('\\App\\Controllers\\ItemsController', true)
 7 SYSTEMPATH\CodeIgniter.php(484): CodeIgniter\CodeIgniter->startController()
 8 SYSTEMPATH\CodeIgniter.php(366): CodeIgniter\CodeIgniter->handleRequest(null, Object(Config\Cache), false)
 9 FCPATH\index.php(67): CodeIgniter\CodeIgniter->run()
WARNING - 2023-08-07 05:47:13 --> [DEPRECATED] The behavior of unparenthesized expressions containing both '.' and '+'/'-' will change in PHP 8: '+'/'-' will take a higher precedence in APPPATH\Controllers\ItemsController.php on line 405.
 1 SYSTEMPATH\Autoloader\Autoloader.php(312): include_once()
 2 SYSTEMPATH\Autoloader\Autoloader.php(289): CodeIgniter\Autoloader\Autoloader->includeFile('C:\\xampp\\htdocs\\enterpro\\app\\Controllers\\ItemsController.php')
 3 SYSTEMPATH\Autoloader\Autoloader.php(267): CodeIgniter\Autoloader\Autoloader->loadInNamespace('App\\Controllers\\ItemsController')
 4 [internal function]: CodeIgniter\Autoloader\Autoloader->loadClass('App\\Controllers\\ItemsController')
 5 [internal function]: spl_autoload_call('App\\Controllers\\ItemsController')
 6 SYSTEMPATH\CodeIgniter.php(890): class_exists('\\App\\Controllers\\ItemsController', true)
 7 SYSTEMPATH\CodeIgniter.php(484): CodeIgniter\CodeIgniter->startController()
 8 SYSTEMPATH\CodeIgniter.php(366): CodeIgniter\CodeIgniter->handleRequest(null, Object(Config\Cache), false)
 9 FCPATH\index.php(67): CodeIgniter\CodeIgniter->run()
INFO - 2023-08-07 05:47:13 --> Session: Class initialized using 'CodeIgniter\Session\Handlers\FileHandler' driver.
WARNING - 2023-08-07 05:47:13 --> [DEPRECATED] The behavior of unparenthesized expressions containing both '.' and '+'/'-' will change in PHP 8: '+'/'-' will take a higher precedence in APPPATH\Controllers\ItemsController.php on line 405.
 1 SYSTEMPATH\Autoloader\Autoloader.php(312): include_once()
 2 SYSTEMPATH\Autoloader\Autoloader.php(289): CodeIgniter\Autoloader\Autoloader->includeFile('C:\\xampp\\htdocs\\enterpro\\app\\Controllers\\ItemsController.php')
 3 SYSTEMPATH\Autoloader\Autoloader.php(267): CodeIgniter\Autoloader\Autoloader->loadInNamespace('App\\Controllers\\ItemsController')
 4 [internal function]: CodeIgniter\Autoloader\Autoloader->loadClass('App\\Controllers\\ItemsController')
 5 [internal function]: spl_autoload_call('App\\Controllers\\ItemsController')
 6 SYSTEMPATH\CodeIgniter.php(890): class_exists('\\App\\Controllers\\ItemsController', true)
 7 SYSTEMPATH\CodeIgniter.php(484): CodeIgniter\CodeIgniter->startController()
 8 SYSTEMPATH\CodeIgniter.php(366): CodeIgniter\CodeIgniter->handleRequest(null, Object(Config\Cache), false)
 9 FCPATH\index.php(67): CodeIgniter\CodeIgniter->run()
INFO - 2023-08-07 05:47:13 --> Session: Class initialized using 'CodeIgniter\Session\Handlers\FileHandler' driver.
INFO - 2023-08-07 05:47:13 --> Session: Class initialized using 'CodeIgniter\Session\Handlers\FileHandler' driver.
WARNING - 2023-08-07 05:47:13 --> [DEPRECATED] The behavior of unparenthesized expressions containing both '.' and '+'/'-' will change in PHP 8: '+'/'-' will take a higher precedence in APPPATH\Controllers\ItemsController.php on line 405.
 1 SYSTEMPATH\Autoloader\Autoloader.php(312): include_once()
 2 SYSTEMPATH\Autoloader\Autoloader.php(289): CodeIgniter\Autoloader\Autoloader->includeFile('C:\\xampp\\htdocs\\enterpro\\app\\Controllers\\ItemsController.php')
 3 SYSTEMPATH\Autoloader\Autoloader.php(267): CodeIgniter\Autoloader\Autoloader->loadInNamespace('App\\Controllers\\ItemsController')
 4 [internal function]: CodeIgniter\Autoloader\Autoloader->loadClass('App\\Controllers\\ItemsController')
 5 [internal function]: spl_autoload_call('App\\Controllers\\ItemsController')
 6 SYSTEMPATH\CodeIgniter.php(890): class_exists('\\App\\Controllers\\ItemsController', true)
 7 SYSTEMPATH\CodeIgniter.php(484): CodeIgniter\CodeIgniter->startController()
 8 SYSTEMPATH\CodeIgniter.php(366): CodeIgniter\CodeIgniter->handleRequest(null, Object(Config\Cache), false)
 9 FCPATH\index.php(67): CodeIgniter\CodeIgniter->run()
INFO - 2023-08-07 05:47:13 --> Session: Class initialized using 'CodeIgniter\Session\Handlers\FileHandler' driver.
WARNING - 2023-08-07 05:47:13 --> [DEPRECATED] The behavior of unparenthesized expressions containing both '.' and '+'/'-' will change in PHP 8: '+'/'-' will take a higher precedence in APPPATH\Controllers\ItemsController.php on line 405.
 1 SYSTEMPATH\Autoloader\Autoloader.php(312): include_once()
 2 SYSTEMPATH\Autoloader\Autoloader.php(289): CodeIgniter\Autoloader\Autoloader->includeFile('C:\\xampp\\htdocs\\enterpro\\app\\Controllers\\ItemsController.php')
 3 SYSTEMPATH\Autoloader\Autoloader.php(267): CodeIgniter\Autoloader\Autoloader->loadInNamespace('App\\Controllers\\ItemsController')
 4 [internal function]: CodeIgniter\Autoloader\Autoloader->loadClass('App\\Controllers\\ItemsController')
 5 [internal function]: spl_autoload_call('App\\Controllers\\ItemsController')
 6 SYSTEMPATH\CodeIgniter.php(890): class_exists('\\App\\Controllers\\ItemsController', true)
 7 SYSTEMPATH\CodeIgniter.php(484): CodeIgniter\CodeIgniter->startController()
 8 SYSTEMPATH\CodeIgniter.php(366): CodeIgniter\CodeIgniter->handleRequest(null, Object(Config\Cache), false)
 9 FCPATH\index.php(67): CodeIgniter\CodeIgniter->run()
INFO - 2023-08-07 05:47:13 --> Session: Class initialized using 'CodeIgniter\Session\Handlers\FileHandler' driver.
INFO - 2023-08-07 05:47:14 --> Session: Class initialized using 'CodeIgniter\Session\Handlers\FileHandler' driver.
INFO - 2023-08-07 05:47:14 --> Session: Class initialized using 'CodeIgniter\Session\Handlers\FileHandler' driver.
INFO - 2023-08-07 05:47:14 --> Session: Class initialized using 'CodeIgniter\Session\Handlers\FileHandler' driver.
WARNING - 2023-08-07 05:47:15 --> [DEPRECATED] The behavior of unparenthesized expressions containing both '.' and '+'/'-' will change in PHP 8: '+'/'-' will take a higher precedence in APPPATH\Controllers\ItemsController.php on line 405.
 1 SYSTEMPATH\Autoloader\Autoloader.php(312): include_once()
 2 SYSTEMPATH\Autoloader\Autoloader.php(289): CodeIgniter\Autoloader\Autoloader->includeFile('C:\\xampp\\htdocs\\enterpro\\app\\Controllers\\ItemsController.php')
 3 SYSTEMPATH\Autoloader\Autoloader.php(267): CodeIgniter\Autoloader\Autoloader->loadInNamespace('App\\Controllers\\ItemsController')
 4 [internal function]: CodeIgniter\Autoloader\Autoloader->loadClass('App\\Controllers\\ItemsController')
 5 [internal function]: spl_autoload_call('App\\Controllers\\ItemsController')
 6 SYSTEMPATH\CodeIgniter.php(890): class_exists('\\App\\Controllers\\ItemsController', true)
 7 SYSTEMPATH\CodeIgniter.php(484): CodeIgniter\CodeIgniter->startController()
 8 SYSTEMPATH\CodeIgniter.php(366): CodeIgniter\CodeIgniter->handleRequest(null, Object(Config\Cache), false)
 9 FCPATH\index.php(67): CodeIgniter\CodeIgniter->run()
INFO - 2023-08-07 05:47:16 --> Session: Class initialized using 'CodeIgniter\Session\Handlers\FileHandler' driver.
WARNING - 2023-08-07 05:47:26 --> [DEPRECATED] The behavior of unparenthesized expressions containing both '.' and '+'/'-' will change in PHP 8: '+'/'-' will take a higher precedence in APPPATH\Controllers\ItemsController.php on line 405.
 1 SYSTEMPATH\Autoloader\Autoloader.php(312): include_once()
 2 SYSTEMPATH\Autoloader\Autoloader.php(289): CodeIgniter\Autoloader\Autoloader->includeFile('C:\\xampp\\htdocs\\enterpro\\app\\Controllers\\ItemsController.php')
 3 SYSTEMPATH\Autoloader\Autoloader.php(267): CodeIgniter\Autoloader\Autoloader->loadInNamespace('App\\Controllers\\ItemsController')
 4 [internal function]: CodeIgniter\Autoloader\Autoloader->loadClass('App\\Controllers\\ItemsController')
 5 [internal function]: spl_autoload_call('App\\Controllers\\ItemsController')
 6 SYSTEMPATH\CodeIgniter.php(890): class_exists('\\App\\Controllers\\ItemsController', true)
 7 SYSTEMPATH\CodeIgniter.php(484): CodeIgniter\CodeIgniter->startController()
 8 SYSTEMPATH\CodeIgniter.php(366): CodeIgniter\CodeIgniter->handleRequest(null, Object(Config\Cache), false)
 9 FCPATH\index.php(67): CodeIgniter\CodeIgniter->run()
INFO - 2023-08-07 05:47:26 --> Session: Class initialized using 'CodeIgniter\Session\Handlers\FileHandler' driver.
WARNING - 2023-08-07 05:47:27 --> [DEPRECATED] The behavior of unparenthesized expressions containing both '.' and '+'/'-' will change in PHP 8: '+'/'-' will take a higher precedence in APPPATH\Controllers\ItemsController.php on line 405.
 1 SYSTEMPATH\Autoloader\Autoloader.php(312): include_once()
 2 SYSTEMPATH\Autoloader\Autoloader.php(289): CodeIgniter\Autoloader\Autoloader->includeFile('C:\\xampp\\htdocs\\enterpro\\app\\Controllers\\ItemsController.php')
 3 SYSTEMPATH\Autoloader\Autoloader.php(267): CodeIgniter\Autoloader\Autoloader->loadInNamespace('App\\Controllers\\ItemsController')
 4 [internal function]: CodeIgniter\Autoloader\Autoloader->loadClass('App\\Controllers\\ItemsController')
 5 [internal function]: spl_autoload_call('App\\Controllers\\ItemsController')
 6 SYSTEMPATH\CodeIgniter.php(890): class_exists('\\App\\Controllers\\ItemsController', true)
 7 SYSTEMPATH\CodeIgniter.php(484): CodeIgniter\CodeIgniter->startController()
 8 SYSTEMPATH\CodeIgniter.php(366): CodeIgniter\CodeIgniter->handleRequest(null, Object(Config\Cache), false)
 9 FCPATH\index.php(67): CodeIgniter\CodeIgniter->run()
INFO - 2023-08-07 05:47:27 --> Session: Class initialized using 'CodeIgniter\Session\Handlers\FileHandler' driver.
WARNING - 2023-08-07 05:47:27 --> [DEPRECATED] The behavior of unparenthesized expressions containing both '.' and '+'/'-' will change in PHP 8: '+'/'-' will take a higher precedence in APPPATH\Controllers\ItemsController.php on line 405.
 1 SYSTEMPATH\Autoloader\Autoloader.php(312): include_once()
 2 SYSTEMPATH\Autoloader\Autoloader.php(289): CodeIgniter\Autoloader\Autoloader->includeFile('C:\\xampp\\htdocs\\enterpro\\app\\Controllers\\ItemsController.php')
 3 SYSTEMPATH\Autoloader\Autoloader.php(267): CodeIgniter\Autoloader\Autoloader->loadInNamespace('App\\Controllers\\ItemsController')
 4 [internal function]: CodeIgniter\Autoloader\Autoloader->loadClass('App\\Controllers\\ItemsController')
 5 [internal function]: spl_autoload_call('App\\Controllers\\ItemsController')
 6 SYSTEMPATH\CodeIgniter.php(890): class_exists('\\App\\Controllers\\ItemsController', true)
 7 SYSTEMPATH\CodeIgniter.php(484): CodeIgniter\CodeIgniter->startController()
 8 SYSTEMPATH\CodeIgniter.php(366): CodeIgniter\CodeIgniter->handleRequest(null, Object(Config\Cache), false)
 9 FCPATH\index.php(67): CodeIgniter\CodeIgniter->run()
WARNING - 2023-08-07 05:47:27 --> [DEPRECATED] The behavior of unparenthesized expressions containing both '.' and '+'/'-' will change in PHP 8: '+'/'-' will take a higher precedence in APPPATH\Controllers\ItemsController.php on line 405.
 1 SYSTEMPATH\Autoloader\Autoloader.php(312): include_once()
 2 SYSTEMPATH\Autoloader\Autoloader.php(289): CodeIgniter\Autoloader\Autoloader->includeFile('C:\\xampp\\htdocs\\enterpro\\app\\Controllers\\ItemsController.php')
 3 SYSTEMPATH\Autoloader\Autoloader.php(267): CodeIgniter\Autoloader\Autoloader->loadInNamespace('App\\Controllers\\ItemsController')
 4 [internal function]: CodeIgniter\Autoloader\Autoloader->loadClass('App\\Controllers\\ItemsController')
 5 [internal function]: spl_autoload_call('App\\Controllers\\ItemsController')
 6 SYSTEMPATH\CodeIgniter.php(890): class_exists('\\App\\Controllers\\ItemsController', true)
 7 SYSTEMPATH\CodeIgniter.php(484): CodeIgniter\CodeIgniter->startController()
 8 SYSTEMPATH\CodeIgniter.php(366): CodeIgniter\CodeIgniter->handleRequest(null, Object(Config\Cache), false)
 9 FCPATH\index.php(67): CodeIgniter\CodeIgniter->run()
WARNING - 2023-08-07 05:47:27 --> [DEPRECATED] The behavior of unparenthesized expressions containing both '.' and '+'/'-' will change in PHP 8: '+'/'-' will take a higher precedence in APPPATH\Controllers\ItemsController.php on line 405.
 1 SYSTEMPATH\Autoloader\Autoloader.php(312): include_once()
 2 SYSTEMPATH\Autoloader\Autoloader.php(289): CodeIgniter\Autoloader\Autoloader->includeFile('C:\\xampp\\htdocs\\enterpro\\app\\Controllers\\ItemsController.php')
 3 SYSTEMPATH\Autoloader\Autoloader.php(267): CodeIgniter\Autoloader\Autoloader->loadInNamespace('App\\Controllers\\ItemsController')
 4 [internal function]: CodeIgniter\Autoloader\Autoloader->loadClass('App\\Controllers\\ItemsController')
 5 [internal function]: spl_autoload_call('App\\Controllers\\ItemsController')
 6 SYSTEMPATH\CodeIgniter.php(890): class_exists('\\App\\Controllers\\ItemsController', true)
 7 SYSTEMPATH\CodeIgniter.php(484): CodeIgniter\CodeIgniter->startController()
 8 SYSTEMPATH\CodeIgniter.php(366): CodeIgniter\CodeIgniter->handleRequest(null, Object(Config\Cache), false)
 9 FCPATH\index.php(67): CodeIgniter\CodeIgniter->run()
WARNING - 2023-08-07 05:47:27 --> [DEPRECATED] The behavior of unparenthesized expressions containing both '.' and '+'/'-' will change in PHP 8: '+'/'-' will take a higher precedence in APPPATH\Controllers\ItemsController.php on line 405.
 1 SYSTEMPATH\Autoloader\Autoloader.php(312): include_once()
 2 SYSTEMPATH\Autoloader\Autoloader.php(289): CodeIgniter\Autoloader\Autoloader->includeFile('C:\\xampp\\htdocs\\enterpro\\app\\Controllers\\ItemsController.php')
 3 SYSTEMPATH\Autoloader\Autoloader.php(267): CodeIgniter\Autoloader\Autoloader->loadInNamespace('App\\Controllers\\ItemsController')
 4 [internal function]: CodeIgniter\Autoloader\Autoloader->loadClass('App\\Controllers\\ItemsController')
 5 [internal function]: spl_autoload_call('App\\Controllers\\ItemsController')
 6 SYSTEMPATH\CodeIgniter.php(890): class_exists('\\App\\Controllers\\ItemsController', true)
 7 SYSTEMPATH\CodeIgniter.php(484): CodeIgniter\CodeIgniter->startController()
 8 SYSTEMPATH\CodeIgniter.php(366): CodeIgniter\CodeIgniter->handleRequest(null, Object(Config\Cache), false)
 9 FCPATH\index.php(67): CodeIgniter\CodeIgniter->run()
INFO - 2023-08-07 05:47:27 --> Session: Class initialized using 'CodeIgniter\Session\Handlers\FileHandler' driver.
WARNING - 2023-08-07 05:47:27 --> [DEPRECATED] The behavior of unparenthesized expressions containing both '.' and '+'/'-' will change in PHP 8: '+'/'-' will take a higher precedence in APPPATH\Controllers\ItemsController.php on line 405.
 1 SYSTEMPATH\Autoloader\Autoloader.php(312): include_once()
 2 SYSTEMPATH\Autoloader\Autoloader.php(289): CodeIgniter\Autoloader\Autoloader->includeFile('C:\\xampp\\htdocs\\enterpro\\app\\Controllers\\ItemsController.php')
 3 SYSTEMPATH\Autoloader\Autoloader.php(267): CodeIgniter\Autoloader\Autoloader->loadInNamespace('App\\Controllers\\ItemsController')
 4 [internal function]: CodeIgniter\Autoloader\Autoloader->loadClass('App\\Controllers\\ItemsController')
 5 [internal function]: spl_autoload_call('App\\Controllers\\ItemsController')
 6 SYSTEMPATH\CodeIgniter.php(890): class_exists('\\App\\Controllers\\ItemsController', true)
 7 SYSTEMPATH\CodeIgniter.php(484): CodeIgniter\CodeIgniter->startController()
 8 SYSTEMPATH\CodeIgniter.php(366): CodeIgniter\CodeIgniter->handleRequest(null, Object(Config\Cache), false)
 9 FCPATH\index.php(67): CodeIgniter\CodeIgniter->run()
INFO - 2023-08-07 05:47:27 --> Session: Class initialized using 'CodeIgniter\Session\Handlers\FileHandler' driver.
WARNING - 2023-08-07 05:47:27 --> [DEPRECATED] The behavior of unparenthesized expressions containing both '.' and '+'/'-' will change in PHP 8: '+'/'-' will take a higher precedence in APPPATH\Controllers\ItemsController.php on line 405.
 1 SYSTEMPATH\Autoloader\Autoloader.php(312): include_once()
 2 SYSTEMPATH\Autoloader\Autoloader.php(289): CodeIgniter\Autoloader\Autoloader->includeFile('C:\\xampp\\htdocs\\enterpro\\app\\Controllers\\ItemsController.php')
 3 SYSTEMPATH\Autoloader\Autoloader.php(267): CodeIgniter\Autoloader\Autoloader->loadInNamespace('App\\Controllers\\ItemsController')
 4 [internal function]: CodeIgniter\Autoloader\Autoloader->loadClass('App\\Controllers\\ItemsController')
 5 [internal function]: spl_autoload_call('App\\Controllers\\ItemsController')
 6 SYSTEMPATH\CodeIgniter.php(890): class_exists('\\App\\Controllers\\ItemsController', true)
 7 SYSTEMPATH\CodeIgniter.php(484): CodeIgniter\CodeIgniter->startController()
 8 SYSTEMPATH\CodeIgniter.php(366): CodeIgniter\CodeIgniter->handleRequest(null, Object(Config\Cache), false)
 9 FCPATH\index.php(67): CodeIgniter\CodeIgniter->run()
INFO - 2023-08-07 05:47:27 --> Session: Class initialized using 'CodeIgniter\Session\Handlers\FileHandler' driver.
WARNING - 2023-08-07 05:47:27 --> [DEPRECATED] The behavior of unparenthesized expressions containing both '.' and '+'/'-' will change in PHP 8: '+'/'-' will take a higher precedence in APPPATH\Controllers\ItemsController.php on line 405.
 1 SYSTEMPATH\Autoloader\Autoloader.php(312): include_once()
 2 SYSTEMPATH\Autoloader\Autoloader.php(289): CodeIgniter\Autoloader\Autoloader->includeFile('C:\\xampp\\htdocs\\enterpro\\app\\Controllers\\ItemsController.php')
 3 SYSTEMPATH\Autoloader\Autoloader.php(267): CodeIgniter\Autoloader\Autoloader->loadInNamespace('App\\Controllers\\ItemsController')
 4 [internal function]: CodeIgniter\Autoloader\Autoloader->loadClass('App\\Controllers\\ItemsController')
 5 [internal function]: spl_autoload_call('App\\Controllers\\ItemsController')
 6 SYSTEMPATH\CodeIgniter.php(890): class_exists('\\App\\Controllers\\ItemsController', true)
 7 SYSTEMPATH\CodeIgniter.php(484): CodeIgniter\CodeIgniter->startController()
 8 SYSTEMPATH\CodeIgniter.php(366): CodeIgniter\CodeIgniter->handleRequest(null, Object(Config\Cache), false)
 9 FCPATH\index.php(67): CodeIgniter\CodeIgniter->run()
INFO - 2023-08-07 05:47:27 --> Session: Class initialized using 'CodeIgniter\Session\Handlers\FileHandler' driver.
WARNING - 2023-08-07 05:47:27 --> [DEPRECATED] The behavior of unparenthesized expressions containing both '.' and '+'/'-' will change in PHP 8: '+'/'-' will take a higher precedence in APPPATH\Controllers\ItemsController.php on line 405.
 1 SYSTEMPATH\Autoloader\Autoloader.php(312): include_once()
 2 SYSTEMPATH\Autoloader\Autoloader.php(289): CodeIgniter\Autoloader\Autoloader->includeFile('C:\\xampp\\htdocs\\enterpro\\app\\Controllers\\ItemsController.php')
 3 SYSTEMPATH\Autoloader\Autoloader.php(267): CodeIgniter\Autoloader\Autoloader->loadInNamespace('App\\Controllers\\ItemsController')
 4 [internal function]: CodeIgniter\Autoloader\Autoloader->loadClass('App\\Controllers\\ItemsController')
 5 [internal function]: spl_autoload_call('App\\Controllers\\ItemsController')
 6 SYSTEMPATH\CodeIgniter.php(890): class_exists('\\App\\Controllers\\ItemsController', true)
 7 SYSTEMPATH\CodeIgniter.php(484): CodeIgniter\CodeIgniter->startController()
 8 SYSTEMPATH\CodeIgniter.php(366): CodeIgniter\CodeIgniter->handleRequest(null, Object(Config\Cache), false)
 9 FCPATH\index.php(67): CodeIgniter\CodeIgniter->run()
INFO - 2023-08-07 05:47:27 --> Session: Class initialized using 'CodeIgniter\Session\Handlers\FileHandler' driver.
INFO - 2023-08-07 05:47:28 --> Session: Class initialized using 'CodeIgniter\Session\Handlers\FileHandler' driver.
INFO - 2023-08-07 05:47:28 --> Session: Class initialized using 'CodeIgniter\Session\Handlers\FileHandler' driver.
INFO - 2023-08-07 05:47:28 --> Session: Class initialized using 'CodeIgniter\Session\Handlers\FileHandler' driver.
WARNING - 2023-08-07 07:48:04 --> [DEPRECATED] The behavior of unparenthesized expressions containing both '.' and '+'/'-' will change in PHP 8: '+'/'-' will take a higher precedence in APPPATH\Controllers\ItemsController.php on line 405.
 1 SYSTEMPATH\Autoloader\Autoloader.php(312): include_once()
 2 SYSTEMPATH\Autoloader\Autoloader.php(289): CodeIgniter\Autoloader\Autoloader->includeFile('C:\\xampp\\htdocs\\enterpro\\app\\Controllers\\ItemsController.php')
 3 SYSTEMPATH\Autoloader\Autoloader.php(267): CodeIgniter\Autoloader\Autoloader->loadInNamespace('App\\Controllers\\ItemsController')
 4 [internal function]: CodeIgniter\Autoloader\Autoloader->loadClass('App\\Controllers\\ItemsController')
 5 [internal function]: spl_autoload_call('App\\Controllers\\ItemsController')
 6 SYSTEMPATH\CodeIgniter.php(890): class_exists('\\App\\Controllers\\ItemsController', true)
 7 SYSTEMPATH\CodeIgniter.php(484): CodeIgniter\CodeIgniter->startController()
 8 SYSTEMPATH\CodeIgniter.php(366): CodeIgniter\CodeIgniter->handleRequest(null, Object(Config\Cache), false)
 9 FCPATH\index.php(67): CodeIgniter\CodeIgniter->run()
INFO - 2023-08-07 07:48:04 --> Session: Class initialized using 'CodeIgniter\Session\Handlers\FileHandler' driver.
INFO - 2023-08-07 07:48:04 --> Session: Class initialized using 'CodeIgniter\Session\Handlers\FileHandler' driver.
INFO - 2023-08-07 07:48:11 --> Session: Class initialized using 'CodeIgniter\Session\Handlers\FileHandler' driver.
INFO - 2023-08-07 07:48:11 --> Session: Class initialized using 'CodeIgniter\Session\Handlers\FileHandler' driver.
INFO - 2023-08-07 07:48:13 --> Session: Class initialized using 'CodeIgniter\Session\Handlers\FileHandler' driver.
INFO - 2023-08-07 07:48:13 --> Session: Class initialized using 'CodeIgniter\Session\Handlers\FileHandler' driver.
WARNING - 2023-08-07 07:48:16 --> [DEPRECATED] The behavior of unparenthesized expressions containing both '.' and '+'/'-' will change in PHP 8: '+'/'-' will take a higher precedence in APPPATH\Controllers\ItemsController.php on line 405.
 1 SYSTEMPATH\Autoloader\Autoloader.php(312): include_once()
 2 SYSTEMPATH\Autoloader\Autoloader.php(289): CodeIgniter\Autoloader\Autoloader->includeFile('C:\\xampp\\htdocs\\enterpro\\app\\Controllers\\ItemsController.php')
 3 SYSTEMPATH\Autoloader\Autoloader.php(267): CodeIgniter\Autoloader\Autoloader->loadInNamespace('App\\Controllers\\ItemsController')
 4 [internal function]: CodeIgniter\Autoloader\Autoloader->loadClass('App\\Controllers\\ItemsController')
 5 [internal function]: spl_autoload_call('App\\Controllers\\ItemsController')
 6 SYSTEMPATH\CodeIgniter.php(890): class_exists('\\App\\Controllers\\ItemsController', true)
 7 SYSTEMPATH\CodeIgniter.php(484): CodeIgniter\CodeIgniter->startController()
 8 SYSTEMPATH\CodeIgniter.php(366): CodeIgniter\CodeIgniter->handleRequest(null, Object(Config\Cache), false)
 9 FCPATH\index.php(67): CodeIgniter\CodeIgniter->run()
INFO - 2023-08-07 07:48:16 --> Session: Class initialized using 'CodeIgniter\Session\Handlers\FileHandler' driver.
WARNING - 2023-08-07 07:48:17 --> [DEPRECATED] The behavior of unparenthesized expressions containing both '.' and '+'/'-' will change in PHP 8: '+'/'-' will take a higher precedence in APPPATH\Controllers\ItemsController.php on line 405.
 1 SYSTEMPATH\Autoloader\Autoloader.php(312): include_once()
 2 SYSTEMPATH\Autoloader\Autoloader.php(289): CodeIgniter\Autoloader\Autoloader->includeFile('C:\\xampp\\htdocs\\enterpro\\app\\Controllers\\ItemsController.php')
 3 SYSTEMPATH\Autoloader\Autoloader.php(267): CodeIgniter\Autoloader\Autoloader->loadInNamespace('App\\Controllers\\ItemsController')
 4 [internal function]: CodeIgniter\Autoloader\Autoloader->loadClass('App\\Controllers\\ItemsController')
 5 [internal function]: spl_autoload_call('App\\Controllers\\ItemsController')
 6 SYSTEMPATH\CodeIgniter.php(890): class_exists('\\App\\Controllers\\ItemsController', true)
 7 SYSTEMPATH\CodeIgniter.php(484): CodeIgniter\CodeIgniter->startController()
 8 SYSTEMPATH\CodeIgniter.php(366): CodeIgniter\CodeIgniter->handleRequest(null, Object(Config\Cache), false)
 9 FCPATH\index.php(67): CodeIgniter\CodeIgniter->run()
INFO - 2023-08-07 07:48:17 --> Session: Class initialized using 'CodeIgniter\Session\Handlers\FileHandler' driver.
WARNING - 2023-08-07 07:48:17 --> [DEPRECATED] The behavior of unparenthesized expressions containing both '.' and '+'/'-' will change in PHP 8: '+'/'-' will take a higher precedence in APPPATH\Controllers\ItemsController.php on line 405.
 1 SYSTEMPATH\Autoloader\Autoloader.php(312): include_once()
 2 SYSTEMPATH\Autoloader\Autoloader.php(289): CodeIgniter\Autoloader\Autoloader->includeFile('C:\\xampp\\htdocs\\enterpro\\app\\Controllers\\ItemsController.php')
 3 SYSTEMPATH\Autoloader\Autoloader.php(267): CodeIgniter\Autoloader\Autoloader->loadInNamespace('App\\Controllers\\ItemsController')
 4 [internal function]: CodeIgniter\Autoloader\Autoloader->loadClass('App\\Controllers\\ItemsController')
 5 [internal function]: spl_autoload_call('App\\Controllers\\ItemsController')
 6 SYSTEMPATH\CodeIgniter.php(890): class_exists('\\App\\Controllers\\ItemsController', true)
 7 SYSTEMPATH\CodeIgniter.php(484): CodeIgniter\CodeIgniter->startController()
 8 SYSTEMPATH\CodeIgniter.php(366): CodeIgniter\CodeIgniter->handleRequest(null, Object(Config\Cache), false)
 9 FCPATH\index.php(67): CodeIgniter\CodeIgniter->run()
WARNING - 2023-08-07 07:48:17 --> [DEPRECATED] The behavior of unparenthesized expressions containing both '.' and '+'/'-' will change in PHP 8: '+'/'-' will take a higher precedence in APPPATH\Controllers\ItemsController.php on line 405.
 1 SYSTEMPATH\Autoloader\Autoloader.php(312): include_once()
 2 SYSTEMPATH\Autoloader\Autoloader.php(289): CodeIgniter\Autoloader\Autoloader->includeFile('C:\\xampp\\htdocs\\enterpro\\app\\Controllers\\ItemsController.php')
 3 SYSTEMPATH\Autoloader\Autoloader.php(267): CodeIgniter\Autoloader\Autoloader->loadInNamespace('App\\Controllers\\ItemsController')
 4 [internal function]: CodeIgniter\Autoloader\Autoloader->loadClass('App\\Controllers\\ItemsController')
 5 [internal function]: spl_autoload_call('App\\Controllers\\ItemsController')
 6 SYSTEMPATH\CodeIgniter.php(890): class_exists('\\App\\Controllers\\ItemsController', true)
 7 SYSTEMPATH\CodeIgniter.php(484): CodeIgniter\CodeIgniter->startController()
 8 SYSTEMPATH\CodeIgniter.php(366): CodeIgniter\CodeIgniter->handleRequest(null, Object(Config\Cache), false)
 9 FCPATH\index.php(67): CodeIgniter\CodeIgniter->run()
WARNING - 2023-08-07 07:48:17 --> [DEPRECATED] The behavior of unparenthesized expressions containing both '.' and '+'/'-' will change in PHP 8: '+'/'-' will take a higher precedence in APPPATH\Controllers\ItemsController.php on line 405.
 1 SYSTEMPATH\Autoloader\Autoloader.php(312): include_once()
 2 SYSTEMPATH\Autoloader\Autoloader.php(289): CodeIgniter\Autoloader\Autoloader->includeFile('C:\\xampp\\htdocs\\enterpro\\app\\Controllers\\ItemsController.php')
 3 SYSTEMPATH\Autoloader\Autoloader.php(267): CodeIgniter\Autoloader\Autoloader->loadInNamespace('App\\Controllers\\ItemsController')
 4 [internal function]: CodeIgniter\Autoloader\Autoloader->loadClass('App\\Controllers\\ItemsController')
 5 [internal function]: spl_autoload_call('App\\Controllers\\ItemsController')
 6 SYSTEMPATH\CodeIgniter.php(890): class_exists('\\App\\Controllers\\ItemsController', true)
 7 SYSTEMPATH\CodeIgniter.php(484): CodeIgniter\CodeIgniter->startController()
 8 SYSTEMPATH\CodeIgniter.php(366): CodeIgniter\CodeIgniter->handleRequest(null, Object(Config\Cache), false)
 9 FCPATH\index.php(67): CodeIgniter\CodeIgniter->run()
INFO - 2023-08-07 07:48:17 --> Session: Class initialized using 'CodeIgniter\Session\Handlers\FileHandler' driver.
WARNING - 2023-08-07 07:48:17 --> [DEPRECATED] The behavior of unparenthesized expressions containing both '.' and '+'/'-' will change in PHP 8: '+'/'-' will take a higher precedence in APPPATH\Controllers\ItemsController.php on line 405.
 1 SYSTEMPATH\Autoloader\Autoloader.php(312): include_once()
 2 SYSTEMPATH\Autoloader\Autoloader.php(289): CodeIgniter\Autoloader\Autoloader->includeFile('C:\\xampp\\htdocs\\enterpro\\app\\Controllers\\ItemsController.php')
 3 SYSTEMPATH\Autoloader\Autoloader.php(267): CodeIgniter\Autoloader\Autoloader->loadInNamespace('App\\Controllers\\ItemsController')
 4 [internal function]: CodeIgniter\Autoloader\Autoloader->loadClass('App\\Controllers\\ItemsController')
 5 [internal function]: spl_autoload_call('App\\Controllers\\ItemsController')
 6 SYSTEMPATH\CodeIgniter.php(890): class_exists('\\App\\Controllers\\ItemsController', true)
 7 SYSTEMPATH\CodeIgniter.php(484): CodeIgniter\CodeIgniter->startController()
 8 SYSTEMPATH\CodeIgniter.php(366): CodeIgniter\CodeIgniter->handleRequest(null, Object(Config\Cache), false)
 9 FCPATH\index.php(67): CodeIgniter\CodeIgniter->run()
WARNING - 2023-08-07 07:48:17 --> [DEPRECATED] The behavior of unparenthesized expressions containing both '.' and '+'/'-' will change in PHP 8: '+'/'-' will take a higher precedence in APPPATH\Controllers\ItemsController.php on line 405.
 1 SYSTEMPATH\Autoloader\Autoloader.php(312): include_once()
 2 SYSTEMPATH\Autoloader\Autoloader.php(289): CodeIgniter\Autoloader\Autoloader->includeFile('C:\\xampp\\htdocs\\enterpro\\app\\Controllers\\ItemsController.php')
 3 SYSTEMPATH\Autoloader\Autoloader.php(267): CodeIgniter\Autoloader\Autoloader->loadInNamespace('App\\Controllers\\ItemsController')
 4 [internal function]: CodeIgniter\Autoloader\Autoloader->loadClass('App\\Controllers\\ItemsController')
 5 [internal function]: spl_autoload_call('App\\Controllers\\ItemsController')
 6 SYSTEMPATH\CodeIgniter.php(890): class_exists('\\App\\Controllers\\ItemsController', true)
 7 SYSTEMPATH\CodeIgniter.php(484): CodeIgniter\CodeIgniter->startController()
 8 SYSTEMPATH\CodeIgniter.php(366): CodeIgniter\CodeIgniter->handleRequest(null, Object(Config\Cache), false)
 9 FCPATH\index.php(67): CodeIgniter\CodeIgniter->run()
INFO - 2023-08-07 07:48:17 --> Session: Class initialized using 'CodeIgniter\Session\Handlers\FileHandler' driver.
WARNING - 2023-08-07 07:48:17 --> [DEPRECATED] The behavior of unparenthesized expressions containing both '.' and '+'/'-' will change in PHP 8: '+'/'-' will take a higher precedence in APPPATH\Controllers\ItemsController.php on line 405.
 1 SYSTEMPATH\Autoloader\Autoloader.php(312): include_once()
 2 SYSTEMPATH\Autoloader\Autoloader.php(289): CodeIgniter\Autoloader\Autoloader->includeFile('C:\\xampp\\htdocs\\enterpro\\app\\Controllers\\ItemsController.php')
 3 SYSTEMPATH\Autoloader\Autoloader.php(267): CodeIgniter\Autoloader\Autoloader->loadInNamespace('App\\Controllers\\ItemsController')
 4 [internal function]: CodeIgniter\Autoloader\Autoloader->loadClass('App\\Controllers\\ItemsController')
 5 [internal function]: spl_autoload_call('App\\Controllers\\ItemsController')
 6 SYSTEMPATH\CodeIgniter.php(890): class_exists('\\App\\Controllers\\ItemsController', true)
 7 SYSTEMPATH\CodeIgniter.php(484): CodeIgniter\CodeIgniter->startController()
 8 SYSTEMPATH\CodeIgniter.php(366): CodeIgniter\CodeIgniter->handleRequest(null, Object(Config\Cache), false)
 9 FCPATH\index.php(67): CodeIgniter\CodeIgniter->run()
INFO - 2023-08-07 07:48:17 --> Session: Class initialized using 'CodeIgniter\Session\Handlers\FileHandler' driver.
WARNING - 2023-08-07 07:48:17 --> [DEPRECATED] The behavior of unparenthesized expressions containing both '.' and '+'/'-' will change in PHP 8: '+'/'-' will take a higher precedence in APPPATH\Controllers\ItemsController.php on line 405.
 1 SYSTEMPATH\Autoloader\Autoloader.php(312): include_once()
 2 SYSTEMPATH\Autoloader\Autoloader.php(289): CodeIgniter\Autoloader\Autoloader->includeFile('C:\\xampp\\htdocs\\enterpro\\app\\Controllers\\ItemsController.php')
 3 SYSTEMPATH\Autoloader\Autoloader.php(267): CodeIgniter\Autoloader\Autoloader->loadInNamespace('App\\Controllers\\ItemsController')
 4 [internal function]: CodeIgniter\Autoloader\Autoloader->loadClass('App\\Controllers\\ItemsController')
 5 [internal function]: spl_autoload_call('App\\Controllers\\ItemsController')
 6 SYSTEMPATH\CodeIgniter.php(890): class_exists('\\App\\Controllers\\ItemsController', true)
 7 SYSTEMPATH\CodeIgniter.php(484): CodeIgniter\CodeIgniter->startController()
 8 SYSTEMPATH\CodeIgniter.php(366): CodeIgniter\CodeIgniter->handleRequest(null, Object(Config\Cache), false)
 9 FCPATH\index.php(67): CodeIgniter\CodeIgniter->run()
INFO - 2023-08-07 07:48:17 --> Session: Class initialized using 'CodeIgniter\Session\Handlers\FileHandler' driver.
WARNING - 2023-08-07 07:48:17 --> [DEPRECATED] The behavior of unparenthesized expressions containing both '.' and '+'/'-' will change in PHP 8: '+'/'-' will take a higher precedence in APPPATH\Controllers\ItemsController.php on line 405.
 1 SYSTEMPATH\Autoloader\Autoloader.php(312): include_once()
 2 SYSTEMPATH\Autoloader\Autoloader.php(289): CodeIgniter\Autoloader\Autoloader->includeFile('C:\\xampp\\htdocs\\enterpro\\app\\Controllers\\ItemsController.php')
 3 SYSTEMPATH\Autoloader\Autoloader.php(267): CodeIgniter\Autoloader\Autoloader->loadInNamespace('App\\Controllers\\ItemsController')
 4 [internal function]: CodeIgniter\Autoloader\Autoloader->loadClass('App\\Controllers\\ItemsController')
 5 [internal function]: spl_autoload_call('App\\Controllers\\ItemsController')
 6 SYSTEMPATH\CodeIgniter.php(890): class_exists('\\App\\Controllers\\ItemsController', true)
 7 SYSTEMPATH\CodeIgniter.php(484): CodeIgniter\CodeIgniter->startController()
 8 SYSTEMPATH\CodeIgniter.php(366): CodeIgniter\CodeIgniter->handleRequest(null, Object(Config\Cache), false)
 9 FCPATH\index.php(67): CodeIgniter\CodeIgniter->run()
INFO - 2023-08-07 07:48:17 --> Session: Class initialized using 'CodeIgniter\Session\Handlers\FileHandler' driver.
INFO - 2023-08-07 07:48:17 --> Session: Class initialized using 'CodeIgniter\Session\Handlers\FileHandler' driver.
INFO - 2023-08-07 07:48:17 --> Session: Class initialized using 'CodeIgniter\Session\Handlers\FileHandler' driver.
INFO - 2023-08-07 07:48:17 --> Session: Class initialized using 'CodeIgniter\Session\Handlers\FileHandler' driver.
WARNING - 2023-08-07 07:48:19 --> [DEPRECATED] The behavior of unparenthesized expressions containing both '.' and '+'/'-' will change in PHP 8: '+'/'-' will take a higher precedence in APPPATH\Controllers\ItemsController.php on line 405.
 1 SYSTEMPATH\Autoloader\Autoloader.php(312): include_once()
 2 SYSTEMPATH\Autoloader\Autoloader.php(289): CodeIgniter\Autoloader\Autoloader->includeFile('C:\\xampp\\htdocs\\enterpro\\app\\Controllers\\ItemsController.php')
 3 SYSTEMPATH\Autoloader\Autoloader.php(267): CodeIgniter\Autoloader\Autoloader->loadInNamespace('App\\Controllers\\ItemsController')
 4 [internal function]: CodeIgniter\Autoloader\Autoloader->loadClass('App\\Controllers\\ItemsController')
 5 [internal function]: spl_autoload_call('App\\Controllers\\ItemsController')
 6 SYSTEMPATH\CodeIgniter.php(890): class_exists('\\App\\Controllers\\ItemsController', true)
 7 SYSTEMPATH\CodeIgniter.php(484): CodeIgniter\CodeIgniter->startController()
 8 SYSTEMPATH\CodeIgniter.php(366): CodeIgniter\CodeIgniter->handleRequest(null, Object(Config\Cache), false)
 9 FCPATH\index.php(67): CodeIgniter\CodeIgniter->run()
INFO - 2023-08-07 07:48:19 --> Session: Class initialized using 'CodeIgniter\Session\Handlers\FileHandler' driver.
