INFO - 2023-09-21 04:33:03 --> Session: Class initialized using 'CodeIgniter\Session\Handlers\FileHandler' driver.
INFO - 2023-09-21 04:33:03 --> Session: Class initialized using 'CodeIgniter\Session\Handlers\FileHandler' driver.
INFO - 2023-09-21 04:41:53 --> Session: Class initialized using 'CodeIgniter\Session\Handlers\FileHandler' driver.
INFO - 2023-09-21 04:41:53 --> Session: Class initialized using 'CodeIgniter\Session\Handlers\FileHandler' driver.
INFO - 2023-09-21 04:41:55 --> Session: Class initialized using 'CodeIgniter\Session\Handlers\FileHandler' driver.
INFO - 2023-09-21 04:41:55 --> Session: Class initialized using 'CodeIgniter\Session\Handlers\FileHandler' driver.
INFO - 2023-09-21 04:42:05 --> Session: Class initialized using 'CodeIgniter\Session\Handlers\FileHandler' driver.
INFO - 2023-09-21 04:42:06 --> Session: Class initialized using 'CodeIgniter\Session\Handlers\FileHandler' driver.
INFO - 2023-09-21 04:42:06 --> Session: Class initialized using 'CodeIgniter\Session\Handlers\FileHandler' driver.
INFO - 2023-09-21 04:42:06 --> Session: Class initialized using 'CodeIgniter\Session\Handlers\FileHandler' driver.
INFO - 2023-09-21 04:42:06 --> Session: Class initialized using 'CodeIgniter\Session\Handlers\FileHandler' driver.
INFO - 2023-09-21 04:42:06 --> Session: Class initialized using 'CodeIgniter\Session\Handlers\FileHandler' driver.
INFO - 2023-09-21 04:42:06 --> Session: Class initialized using 'CodeIgniter\Session\Handlers\FileHandler' driver.
INFO - 2023-09-21 04:45:42 --> Session: Class initialized using 'CodeIgniter\Session\Handlers\FileHandler' driver.
INFO - 2023-09-21 04:45:45 --> Session: Class initialized using 'CodeIgniter\Session\Handlers\FileHandler' driver.
INFO - 2023-09-21 04:45:45 --> Session: Class initialized using 'CodeIgniter\Session\Handlers\FileHandler' driver.
INFO - 2023-09-21 04:45:45 --> Session: Class initialized using 'CodeIgniter\Session\Handlers\FileHandler' driver.
INFO - 2023-09-21 04:45:46 --> Session: Class initialized using 'CodeIgniter\Session\Handlers\FileHandler' driver.
INFO - 2023-09-21 04:45:46 --> Session: Class initialized using 'CodeIgniter\Session\Handlers\FileHandler' driver.
INFO - 2023-09-21 04:45:46 --> Session: Class initialized using 'CodeIgniter\Session\Handlers\FileHandler' driver.
INFO - 2023-09-21 04:45:46 --> Session: Class initialized using 'CodeIgniter\Session\Handlers\FileHandler' driver.
INFO - 2023-09-21 04:49:57 --> Session: Class initialized using 'CodeIgniter\Session\Handlers\FileHandler' driver.
INFO - 2023-09-21 04:49:57 --> Session: Class initialized using 'CodeIgniter\Session\Handlers\FileHandler' driver.
INFO - 2023-09-21 05:22:51 --> Session: Class initialized using 'CodeIgniter\Session\Handlers\FileHandler' driver.
INFO - 2023-09-21 05:22:54 --> Session: Class initialized using 'CodeIgniter\Session\Handlers\FileHandler' driver.
INFO - 2023-09-21 05:28:17 --> Session: Class initialized using 'CodeIgniter\Session\Handlers\FileHandler' driver.
INFO - 2023-09-21 05:28:18 --> Session: Class initialized using 'CodeIgniter\Session\Handlers\FileHandler' driver.
INFO - 2023-09-21 05:28:20 --> Session: Class initialized using 'CodeIgniter\Session\Handlers\FileHandler' driver.
CRITICAL - 2023-09-21 05:28:20 --> Invalid file: ".php"
in SYSTEMPATH\Exceptions\FrameworkException.php on line 33.
 1 SYSTEMPATH\View\View.php(212): CodeIgniter\Exceptions\FrameworkException::forInvalidFile('.php')
 2 SYSTEMPATH\Common.php(1180): CodeIgniter\View\View->render('', [], true)
 3 APPPATH\Libraries\Template.php(10): view('', [...])
 4 APPPATH\Controllers\ReportsController.php(77): App\Libraries\Template->render('', [...])
 5 SYSTEMPATH\CodeIgniter.php(932): App\Controllers\ReportsController->reports('stock-on-hand')
 6 SYSTEMPATH\CodeIgniter.php(497): CodeIgniter\CodeIgniter->runController(Object(App\Controllers\ReportsController))
 7 SYSTEMPATH\CodeIgniter.php(366): CodeIgniter\CodeIgniter->handleRequest(null, Object(Config\Cache), false)
 8 FCPATH\index.php(67): CodeIgniter\CodeIgniter->run()
INFO - 2023-09-21 05:28:41 --> Session: Class initialized using 'CodeIgniter\Session\Handlers\FileHandler' driver.
INFO - 2023-09-21 05:28:41 --> Session: Class initialized using 'CodeIgniter\Session\Handlers\FileHandler' driver.
INFO - 2023-09-21 05:28:56 --> Session: Class initialized using 'CodeIgniter\Session\Handlers\FileHandler' driver.
INFO - 2023-09-21 05:28:57 --> Session: Class initialized using 'CodeIgniter\Session\Handlers\FileHandler' driver.
INFO - 2023-09-21 05:29:09 --> Session: Class initialized using 'CodeIgniter\Session\Handlers\FileHandler' driver.
INFO - 2023-09-21 05:29:10 --> Session: Class initialized using 'CodeIgniter\Session\Handlers\FileHandler' driver.
INFO - 2023-09-21 05:30:47 --> Session: Class initialized using 'CodeIgniter\Session\Handlers\FileHandler' driver.
INFO - 2023-09-21 05:31:45 --> Session: Class initialized using 'CodeIgniter\Session\Handlers\FileHandler' driver.
INFO - 2023-09-21 05:32:11 --> Session: Class initialized using 'CodeIgniter\Session\Handlers\FileHandler' driver.
INFO - 2023-09-21 06:25:19 --> Session: Class initialized using 'CodeIgniter\Session\Handlers\FileHandler' driver.
INFO - 2023-09-21 07:17:10 --> Session: Class initialized using 'CodeIgniter\Session\Handlers\FileHandler' driver.
INFO - 2023-09-21 08:53:41 --> Session: Class initialized using 'CodeIgniter\Session\Handlers\FileHandler' driver.
INFO - 2023-09-21 08:53:43 --> Session: Class initialized using 'CodeIgniter\Session\Handlers\FileHandler' driver.
INFO - 2023-09-21 08:53:43 --> Session: Class initialized using 'CodeIgniter\Session\Handlers\FileHandler' driver.
INFO - 2023-09-21 08:53:43 --> Session: Class initialized using 'CodeIgniter\Session\Handlers\FileHandler' driver.
INFO - 2023-09-21 08:53:43 --> Session: Class initialized using 'CodeIgniter\Session\Handlers\FileHandler' driver.
INFO - 2023-09-21 08:53:43 --> Session: Class initialized using 'CodeIgniter\Session\Handlers\FileHandler' driver.
INFO - 2023-09-21 08:53:43 --> Session: Class initialized using 'CodeIgniter\Session\Handlers\FileHandler' driver.
INFO - 2023-09-21 08:54:10 --> Session: Class initialized using 'CodeIgniter\Session\Handlers\FileHandler' driver.
INFO - 2023-09-21 09:23:31 --> Session: Class initialized using 'CodeIgniter\Session\Handlers\FileHandler' driver.
INFO - 2023-09-21 09:23:32 --> Session: Class initialized using 'CodeIgniter\Session\Handlers\FileHandler' driver.
CRITICAL - 2023-09-21 09:23:32 --> Undefined index: category_id
in APPPATH\Controllers\ReportsController.php on line 335.
 1 APPPATH\Controllers\ReportsController.php(335): CodeIgniter\Debug\Exceptions->errorHandler(8, 'Undefined index: category_id', 'C:\\xampp\\htdocs\\enterpro\\app\\Controllers\\ReportsController.php', 335, [...])
 2 SYSTEMPATH\CodeIgniter.php(932): App\Controllers\ReportsController->stockOnHand()
 3 SYSTEMPATH\CodeIgniter.php(497): CodeIgniter\CodeIgniter->runController(Object(App\Controllers\ReportsController))
 4 SYSTEMPATH\CodeIgniter.php(366): CodeIgniter\CodeIgniter->handleRequest(null, Object(Config\Cache), false)
 5 FCPATH\index.php(67): CodeIgniter\CodeIgniter->run()
INFO - 2023-09-21 09:23:35 --> Session: Class initialized using 'CodeIgniter\Session\Handlers\FileHandler' driver.
INFO - 2023-09-21 09:23:36 --> Session: Class initialized using 'CodeIgniter\Session\Handlers\FileHandler' driver.
CRITICAL - 2023-09-21 09:23:36 --> Undefined index: category_id
in APPPATH\Controllers\ReportsController.php on line 335.
 1 APPPATH\Controllers\ReportsController.php(335): CodeIgniter\Debug\Exceptions->errorHandler(8, 'Undefined index: category_id', 'C:\\xampp\\htdocs\\enterpro\\app\\Controllers\\ReportsController.php', 335, [...])
 2 SYSTEMPATH\CodeIgniter.php(932): App\Controllers\ReportsController->stockOnHand()
 3 SYSTEMPATH\CodeIgniter.php(497): CodeIgniter\CodeIgniter->runController(Object(App\Controllers\ReportsController))
 4 SYSTEMPATH\CodeIgniter.php(366): CodeIgniter\CodeIgniter->handleRequest(null, Object(Config\Cache), false)
 5 FCPATH\index.php(67): CodeIgniter\CodeIgniter->run()
INFO - 2023-09-21 09:24:22 --> Session: Class initialized using 'CodeIgniter\Session\Handlers\FileHandler' driver.
INFO - 2023-09-21 09:24:23 --> Session: Class initialized using 'CodeIgniter\Session\Handlers\FileHandler' driver.
INFO - 2023-09-21 09:25:55 --> Session: Class initialized using 'CodeIgniter\Session\Handlers\FileHandler' driver.
INFO - 2023-09-21 09:25:56 --> Session: Class initialized using 'CodeIgniter\Session\Handlers\FileHandler' driver.
INFO - 2023-09-21 09:26:08 --> Session: Class initialized using 'CodeIgniter\Session\Handlers\FileHandler' driver.
INFO - 2023-09-21 09:26:09 --> Session: Class initialized using 'CodeIgniter\Session\Handlers\FileHandler' driver.
INFO - 2023-09-21 09:26:15 --> Session: Class initialized using 'CodeIgniter\Session\Handlers\FileHandler' driver.
INFO - 2023-09-21 09:26:16 --> Session: Class initialized using 'CodeIgniter\Session\Handlers\FileHandler' driver.
INFO - 2023-09-21 09:26:32 --> Session: Class initialized using 'CodeIgniter\Session\Handlers\FileHandler' driver.
INFO - 2023-09-21 09:26:33 --> Session: Class initialized using 'CodeIgniter\Session\Handlers\FileHandler' driver.
INFO - 2023-09-21 09:28:57 --> Session: Class initialized using 'CodeIgniter\Session\Handlers\FileHandler' driver.
INFO - 2023-09-21 09:28:58 --> Session: Class initialized using 'CodeIgniter\Session\Handlers\FileHandler' driver.
INFO - 2023-09-21 09:31:32 --> Session: Class initialized using 'CodeIgniter\Session\Handlers\FileHandler' driver.
INFO - 2023-09-21 09:31:33 --> Session: Class initialized using 'CodeIgniter\Session\Handlers\FileHandler' driver.
INFO - 2023-09-21 09:32:21 --> Session: Class initialized using 'CodeIgniter\Session\Handlers\FileHandler' driver.
INFO - 2023-09-21 09:32:22 --> Session: Class initialized using 'CodeIgniter\Session\Handlers\FileHandler' driver.
ERROR - 2023-09-21 09:32:22 --> mysqli_sql_exception: Column 'id' in field list is ambiguous in C:\xampp\htdocs\enterpro\system\Database\MySQLi\Connection.php:295
Stack trace:
#0 C:\xampp\htdocs\enterpro\system\Database\MySQLi\Connection.php(295): mysqli->query('SELECT COUNT(*)...', 0)
#1 C:\xampp\htdocs\enterpro\system\Database\BaseConnection.php(692): CodeIgniter\Database\MySQLi\Connection->execute('SELECT COUNT(*)...')
#2 C:\xampp\htdocs\enterpro\system\Database\BaseConnection.php(606): CodeIgniter\Database\BaseConnection->simpleQuery('SELECT COUNT(*)...')
#3 C:\xampp\htdocs\enterpro\system\Database\BaseBuilder.php(1700): CodeIgniter\Database\BaseConnection->query('SELECT COUNT(*)...', Array, false)
#4 C:\xampp\htdocs\enterpro\system\Model.php(606): CodeIgniter\Database\BaseBuilder->countAllResults(true)
#5 C:\xampp\htdocs\enterpro\app\Controllers\ReportsController.php(362): CodeIgniter\Model->countAllResults()
#6 C:\xampp\htdocs\enterpro\system\CodeIgniter.php(932): App\Controllers\ReportsController->stockOnHand()
#7 C:\xampp\htdocs\enterpro\system\CodeIgniter.php(497): CodeIgniter\CodeIgniter->runController(Object(App\Controllers\ReportsController))
#8 C:\xampp\htdocs\enterpro\system\CodeIgniter.php(366): CodeIgniter\CodeIgniter->handleRequest(NULL, Object(Config\Cache), false)
#9 C:\xampp\htdocs\enterpro\index.php(67): CodeIgniter\CodeIgniter->run()
#10 {main}
CRITICAL - 2023-09-21 09:32:22 --> Column 'id' in field list is ambiguous
in SYSTEMPATH\Database\MySQLi\Connection.php on line 295.
 1 SYSTEMPATH\Database\MySQLi\Connection.php(295): mysqli->query('SELECT COUNT(*) AS `numrows`
FROM (
SELECT `id`
FROM `current_inventory`
LEFT JOIN `items` ON `current_inventory`.`item_id` = `items`.`id`
LEFT JOIN `stores` ON `current_inventory`.`store_id` = `stores`.`id`
LEFT JOIN `categories` `c` ON `items`.`category_id` = `c`.`id`
LEFT JOIN `brandmasters` `b` ON `items`.`brand_id` = `b`.`id`
LEFT JOIN `items_price` `p` ON `items`.`id` = `p`.`items_id`
LEFT JOIN `uom_master` ON `items`.`uom_id` = `uom_master`.`id`
WHERE `current_inventory`.`quantity` > 0
GROUP BY `current_inventory`.`item_id`, `current_inventory`.`store_id`
) CI_count_all_results', 0)
 2 SYSTEMPATH\Database\BaseConnection.php(692): CodeIgniter\Database\MySQLi\Connection->execute('SELECT COUNT(*) AS `numrows`
FROM (
SELECT `id`
FROM `current_inventory`
LEFT JOIN `items` ON `current_inventory`.`item_id` = `items`.`id`
LEFT JOIN `stores` ON `current_inventory`.`store_id` = `stores`.`id`
LEFT JOIN `categories` `c` ON `items`.`category_id` = `c`.`id`
LEFT JOIN `brandmasters` `b` ON `items`.`brand_id` = `b`.`id`
LEFT JOIN `items_price` `p` ON `items`.`id` = `p`.`items_id`
LEFT JOIN `uom_master` ON `items`.`uom_id` = `uom_master`.`id`
WHERE `current_inventory`.`quantity` > 0
GROUP BY `current_inventory`.`item_id`, `current_inventory`.`store_id`
) CI_count_all_results')
 3 SYSTEMPATH\Database\BaseConnection.php(606): CodeIgniter\Database\BaseConnection->simpleQuery('SELECT COUNT(*) AS `numrows`
FROM (
SELECT `id`
FROM `current_inventory`
LEFT JOIN `items` ON `current_inventory`.`item_id` = `items`.`id`
LEFT JOIN `stores` ON `current_inventory`.`store_id` = `stores`.`id`
LEFT JOIN `categories` `c` ON `items`.`category_id` = `c`.`id`
LEFT JOIN `brandmasters` `b` ON `items`.`brand_id` = `b`.`id`
LEFT JOIN `items_price` `p` ON `items`.`id` = `p`.`items_id`
LEFT JOIN `uom_master` ON `items`.`uom_id` = `uom_master`.`id`
WHERE `current_inventory`.`quantity` > 0
GROUP BY `current_inventory`.`item_id`, `current_inventory`.`store_id`
) CI_count_all_results')
 4 SYSTEMPATH\Database\BaseBuilder.php(1700): CodeIgniter\Database\BaseConnection->query('SELECT COUNT(*) AS `numrows`
FROM (
SELECT `id`
FROM `current_inventory`
LEFT JOIN `items` ON `current_inventory`.`item_id` = `items`.`id`
LEFT JOIN `stores` ON `current_inventory`.`store_id` = `stores`.`id`
LEFT JOIN `categories` `c` ON `items`.`category_id` = `c`.`id`
LEFT JOIN `brandmasters` `b` ON `items`.`brand_id` = `b`.`id`
LEFT JOIN `items_price` `p` ON `items`.`id` = `p`.`items_id`
LEFT JOIN `uom_master` ON `items`.`uom_id` = `uom_master`.`id`
WHERE `current_inventory`.`quantity` > :current_inventory.quantity:
GROUP BY `current_inventory`.`item_id`, `current_inventory`.`store_id`
) CI_count_all_results', [...], false)
 5 SYSTEMPATH\Model.php(606): CodeIgniter\Database\BaseBuilder->countAllResults(true)
 6 APPPATH\Controllers\ReportsController.php(362): CodeIgniter\Model->countAllResults()
 7 SYSTEMPATH\CodeIgniter.php(932): App\Controllers\ReportsController->stockOnHand()
 8 SYSTEMPATH\CodeIgniter.php(497): CodeIgniter\CodeIgniter->runController(Object(App\Controllers\ReportsController))
 9 SYSTEMPATH\CodeIgniter.php(366): CodeIgniter\CodeIgniter->handleRequest(null, Object(Config\Cache), false)
10 FCPATH\index.php(67): CodeIgniter\CodeIgniter->run()
INFO - 2023-09-21 09:40:00 --> Session: Class initialized using 'CodeIgniter\Session\Handlers\FileHandler' driver.
INFO - 2023-09-21 09:40:02 --> Session: Class initialized using 'CodeIgniter\Session\Handlers\FileHandler' driver.
INFO - 2023-09-21 09:40:35 --> Session: Class initialized using 'CodeIgniter\Session\Handlers\FileHandler' driver.
INFO - 2023-09-21 09:40:36 --> Session: Class initialized using 'CodeIgniter\Session\Handlers\FileHandler' driver.
INFO - 2023-09-21 09:42:22 --> Session: Class initialized using 'CodeIgniter\Session\Handlers\FileHandler' driver.
INFO - 2023-09-21 09:42:23 --> Session: Class initialized using 'CodeIgniter\Session\Handlers\FileHandler' driver.
INFO - 2023-09-21 09:42:23 --> Session: Class initialized using 'CodeIgniter\Session\Handlers\FileHandler' driver.
INFO - 2023-09-21 09:42:23 --> Session: Class initialized using 'CodeIgniter\Session\Handlers\FileHandler' driver.
INFO - 2023-09-21 09:42:23 --> Session: Class initialized using 'CodeIgniter\Session\Handlers\FileHandler' driver.
INFO - 2023-09-21 09:42:24 --> Session: Class initialized using 'CodeIgniter\Session\Handlers\FileHandler' driver.
INFO - 2023-09-21 09:42:24 --> Session: Class initialized using 'CodeIgniter\Session\Handlers\FileHandler' driver.
INFO - 2023-09-21 09:44:33 --> Session: Class initialized using 'CodeIgniter\Session\Handlers\FileHandler' driver.
INFO - 2023-09-21 09:44:34 --> Session: Class initialized using 'CodeIgniter\Session\Handlers\FileHandler' driver.
ERROR - 2023-09-21 09:44:34 --> mysqli_sql_exception: Not unique table/alias: 'l' in C:\xampp\htdocs\enterpro\system\Database\MySQLi\Connection.php:295
Stack trace:
#0 C:\xampp\htdocs\enterpro\system\Database\MySQLi\Connection.php(295): mysqli->query('SELECT `current...', 0)
#1 C:\xampp\htdocs\enterpro\system\Database\BaseConnection.php(692): CodeIgniter\Database\MySQLi\Connection->execute('SELECT `current...')
#2 C:\xampp\htdocs\enterpro\system\Database\BaseConnection.php(606): CodeIgniter\Database\BaseConnection->simpleQuery('SELECT `current...')
#3 C:\xampp\htdocs\enterpro\system\Database\BaseBuilder.php(1616): CodeIgniter\Database\BaseConnection->query('SELECT `current...', Array, false)
#4 C:\xampp\htdocs\enterpro\system\Model.php(241): CodeIgniter\Database\BaseBuilder->get()
#5 C:\xampp\htdocs\enterpro\system\BaseModel.php(618): CodeIgniter\Model->doFindAll(10, 0)
#6 C:\xampp\htdocs\enterpro\app\Controllers\ReportsController.php(359): CodeIgniter\BaseModel->findAll(10, 0)
#7 C:\xampp\htdocs\enterpro\system\CodeIgniter.php(932): App\Controllers\ReportsController->stockOnHand()
#8 C:\xampp\htdocs\enterpro\system\CodeIgniter.php(497): CodeIgniter\CodeIgniter->runController(Object(App\Controllers\ReportsController))
#9 C:\xampp\htdocs\enterpro\system\CodeIgniter.php(366): CodeIgniter\CodeIgniter->handleRequest(NULL, Object(Config\Cache), false)
#10 C:\xampp\htdocs\enterpro\index.php(67): CodeIgniter\CodeIgniter->run()
#11 {main}
CRITICAL - 2023-09-21 09:44:34 --> Not unique table/alias: 'l'
in SYSTEMPATH\Database\MySQLi\Connection.php on line 295.
 1 SYSTEMPATH\Database\MySQLi\Connection.php(295): mysqli->query('SELECT `current_inventory`.`id`, `current_inventory`.`quantity`, `items`.`id` as `item_code`, `items`.`item_name`, `items`.`sku_barcode`, `c`.`category_name`, `b`.`brand_name`, `p`.`retail_price`, `stores`.`store_name`, `uom_master`.`uom`, `l`.`location_description`
FROM `current_inventory`
LEFT JOIN `items` ON `current_inventory`.`item_id` = `items`.`id`
LEFT JOIN `stores` ON `current_inventory`.`store_id` = `stores`.`id`
LEFT JOIN `location` `l` ON `current_inventory`.`location_id` = `l`.`id`
LEFT JOIN `categories` `c` ON `items`.`category_id` = `c`.`id`
LEFT JOIN `brandmasters` `b` ON `items`.`brand_id` = `b`.`id`
LEFT JOIN `items_price` `p` ON `items`.`id` = `p`.`items_id`
LEFT JOIN `uom_master` ON `items`.`uom_id` = `uom_master`.`id`
LEFT JOIN `location` `l` ON `current_inventory`.`location_id` = `l`.`id`
WHERE `current_inventory`.`quantity` > 0
GROUP BY `current_inventory`.`item_id`, `current_inventory`.`store_id`
ORDER BY `current_inventory`.`id` DESC
 LIMIT 10', 0)
 2 SYSTEMPATH\Database\BaseConnection.php(692): CodeIgniter\Database\MySQLi\Connection->execute('SELECT `current_inventory`.`id`, `current_inventory`.`quantity`, `items`.`id` as `item_code`, `items`.`item_name`, `items`.`sku_barcode`, `c`.`category_name`, `b`.`brand_name`, `p`.`retail_price`, `stores`.`store_name`, `uom_master`.`uom`, `l`.`location_description`
FROM `current_inventory`
LEFT JOIN `items` ON `current_inventory`.`item_id` = `items`.`id`
LEFT JOIN `stores` ON `current_inventory`.`store_id` = `stores`.`id`
LEFT JOIN `location` `l` ON `current_inventory`.`location_id` = `l`.`id`
LEFT JOIN `categories` `c` ON `items`.`category_id` = `c`.`id`
LEFT JOIN `brandmasters` `b` ON `items`.`brand_id` = `b`.`id`
LEFT JOIN `items_price` `p` ON `items`.`id` = `p`.`items_id`
LEFT JOIN `uom_master` ON `items`.`uom_id` = `uom_master`.`id`
LEFT JOIN `location` `l` ON `current_inventory`.`location_id` = `l`.`id`
WHERE `current_inventory`.`quantity` > 0
GROUP BY `current_inventory`.`item_id`, `current_inventory`.`store_id`
ORDER BY `current_inventory`.`id` DESC
 LIMIT 10')
 3 SYSTEMPATH\Database\BaseConnection.php(606): CodeIgniter\Database\BaseConnection->simpleQuery('SELECT `current_inventory`.`id`, `current_inventory`.`quantity`, `items`.`id` as `item_code`, `items`.`item_name`, `items`.`sku_barcode`, `c`.`category_name`, `b`.`brand_name`, `p`.`retail_price`, `stores`.`store_name`, `uom_master`.`uom`, `l`.`location_description`
FROM `current_inventory`
LEFT JOIN `items` ON `current_inventory`.`item_id` = `items`.`id`
LEFT JOIN `stores` ON `current_inventory`.`store_id` = `stores`.`id`
LEFT JOIN `location` `l` ON `current_inventory`.`location_id` = `l`.`id`
LEFT JOIN `categories` `c` ON `items`.`category_id` = `c`.`id`
LEFT JOIN `brandmasters` `b` ON `items`.`brand_id` = `b`.`id`
LEFT JOIN `items_price` `p` ON `items`.`id` = `p`.`items_id`
LEFT JOIN `uom_master` ON `items`.`uom_id` = `uom_master`.`id`
LEFT JOIN `location` `l` ON `current_inventory`.`location_id` = `l`.`id`
WHERE `current_inventory`.`quantity` > 0
GROUP BY `current_inventory`.`item_id`, `current_inventory`.`store_id`
ORDER BY `current_inventory`.`id` DESC
 LIMIT 10')
 4 SYSTEMPATH\Database\BaseBuilder.php(1616): CodeIgniter\Database\BaseConnection->query('SELECT `current_inventory`.`id`, `current_inventory`.`quantity`, `items`.`id` as `item_code`, `items`.`item_name`, `items`.`sku_barcode`, `c`.`category_name`, `b`.`brand_name`, `p`.`retail_price`, `stores`.`store_name`, `uom_master`.`uom`, `l`.`location_description`
FROM `current_inventory`
LEFT JOIN `items` ON `current_inventory`.`item_id` = `items`.`id`
LEFT JOIN `stores` ON `current_inventory`.`store_id` = `stores`.`id`
LEFT JOIN `location` `l` ON `current_inventory`.`location_id` = `l`.`id`
LEFT JOIN `categories` `c` ON `items`.`category_id` = `c`.`id`
LEFT JOIN `brandmasters` `b` ON `items`.`brand_id` = `b`.`id`
LEFT JOIN `items_price` `p` ON `items`.`id` = `p`.`items_id`
LEFT JOIN `uom_master` ON `items`.`uom_id` = `uom_master`.`id`
LEFT JOIN `location` `l` ON `current_inventory`.`location_id` = `l`.`id`
WHERE `current_inventory`.`quantity` > :current_inventory.quantity.1:
GROUP BY `current_inventory`.`item_id`, `current_inventory`.`store_id`
ORDER BY `current_inventory`.`id` DESC
 LIMIT 10', [...], false)
 5 SYSTEMPATH\Model.php(241): CodeIgniter\Database\BaseBuilder->get()
 6 SYSTEMPATH\BaseModel.php(618): CodeIgniter\Model->doFindAll(10, 0)
 7 APPPATH\Controllers\ReportsController.php(359): CodeIgniter\BaseModel->findAll(10, 0)
 8 SYSTEMPATH\CodeIgniter.php(932): App\Controllers\ReportsController->stockOnHand()
 9 SYSTEMPATH\CodeIgniter.php(497): CodeIgniter\CodeIgniter->runController(Object(App\Controllers\ReportsController))
10 SYSTEMPATH\CodeIgniter.php(366): CodeIgniter\CodeIgniter->handleRequest(null, Object(Config\Cache), false)
11 FCPATH\index.php(67): CodeIgniter\CodeIgniter->run()
INFO - 2023-09-21 09:45:00 --> Session: Class initialized using 'CodeIgniter\Session\Handlers\FileHandler' driver.
INFO - 2023-09-21 09:45:02 --> Session: Class initialized using 'CodeIgniter\Session\Handlers\FileHandler' driver.
ERROR - 2023-09-21 09:45:02 --> mysqli_sql_exception: Not unique table/alias: 'location' in C:\xampp\htdocs\enterpro\system\Database\MySQLi\Connection.php:295
Stack trace:
#0 C:\xampp\htdocs\enterpro\system\Database\MySQLi\Connection.php(295): mysqli->query('SELECT `current...', 0)
#1 C:\xampp\htdocs\enterpro\system\Database\BaseConnection.php(692): CodeIgniter\Database\MySQLi\Connection->execute('SELECT `current...')
#2 C:\xampp\htdocs\enterpro\system\Database\BaseConnection.php(606): CodeIgniter\Database\BaseConnection->simpleQuery('SELECT `current...')
#3 C:\xampp\htdocs\enterpro\system\Database\BaseBuilder.php(1616): CodeIgniter\Database\BaseConnection->query('SELECT `current...', Array, false)
#4 C:\xampp\htdocs\enterpro\system\Model.php(241): CodeIgniter\Database\BaseBuilder->get()
#5 C:\xampp\htdocs\enterpro\system\BaseModel.php(618): CodeIgniter\Model->doFindAll(10, 0)
#6 C:\xampp\htdocs\enterpro\app\Controllers\ReportsController.php(359): CodeIgniter\BaseModel->findAll(10, 0)
#7 C:\xampp\htdocs\enterpro\system\CodeIgniter.php(932): App\Controllers\ReportsController->stockOnHand()
#8 C:\xampp\htdocs\enterpro\system\CodeIgniter.php(497): CodeIgniter\CodeIgniter->runController(Object(App\Controllers\ReportsController))
#9 C:\xampp\htdocs\enterpro\system\CodeIgniter.php(366): CodeIgniter\CodeIgniter->handleRequest(NULL, Object(Config\Cache), false)
#10 C:\xampp\htdocs\enterpro\index.php(67): CodeIgniter\CodeIgniter->run()
#11 {main}
CRITICAL - 2023-09-21 09:45:02 --> Not unique table/alias: 'location'
in SYSTEMPATH\Database\MySQLi\Connection.php on line 295.
 1 SYSTEMPATH\Database\MySQLi\Connection.php(295): mysqli->query('SELECT `current_inventory`.`id`, `current_inventory`.`quantity`, `items`.`id` as `item_code`, `items`.`item_name`, `items`.`sku_barcode`, `c`.`category_name`, `b`.`brand_name`, `p`.`retail_price`, `stores`.`store_name`, `uom_master`.`uom`, `location`.`location_description`
FROM `current_inventory`
LEFT JOIN `items` ON `current_inventory`.`item_id` = `items`.`id`
LEFT JOIN `stores` ON `current_inventory`.`store_id` = `stores`.`id`
LEFT JOIN `location` ON `current_inventory`.`location_id` = `location`.`id`
LEFT JOIN `categories` `c` ON `items`.`category_id` = `c`.`id`
LEFT JOIN `brandmasters` `b` ON `items`.`brand_id` = `b`.`id`
LEFT JOIN `items_price` `p` ON `items`.`id` = `p`.`items_id`
LEFT JOIN `uom_master` ON `items`.`uom_id` = `uom_master`.`id`
LEFT JOIN `location` ON `current_inventory`.`location_id` = `location`.`id`
WHERE `current_inventory`.`quantity` > 0
GROUP BY `current_inventory`.`item_id`, `current_inventory`.`store_id`
ORDER BY `current_inventory`.`id` DESC
 LIMIT 10', 0)
 2 SYSTEMPATH\Database\BaseConnection.php(692): CodeIgniter\Database\MySQLi\Connection->execute('SELECT `current_inventory`.`id`, `current_inventory`.`quantity`, `items`.`id` as `item_code`, `items`.`item_name`, `items`.`sku_barcode`, `c`.`category_name`, `b`.`brand_name`, `p`.`retail_price`, `stores`.`store_name`, `uom_master`.`uom`, `location`.`location_description`
FROM `current_inventory`
LEFT JOIN `items` ON `current_inventory`.`item_id` = `items`.`id`
LEFT JOIN `stores` ON `current_inventory`.`store_id` = `stores`.`id`
LEFT JOIN `location` ON `current_inventory`.`location_id` = `location`.`id`
LEFT JOIN `categories` `c` ON `items`.`category_id` = `c`.`id`
LEFT JOIN `brandmasters` `b` ON `items`.`brand_id` = `b`.`id`
LEFT JOIN `items_price` `p` ON `items`.`id` = `p`.`items_id`
LEFT JOIN `uom_master` ON `items`.`uom_id` = `uom_master`.`id`
LEFT JOIN `location` ON `current_inventory`.`location_id` = `location`.`id`
WHERE `current_inventory`.`quantity` > 0
GROUP BY `current_inventory`.`item_id`, `current_inventory`.`store_id`
ORDER BY `current_inventory`.`id` DESC
 LIMIT 10')
 3 SYSTEMPATH\Database\BaseConnection.php(606): CodeIgniter\Database\BaseConnection->simpleQuery('SELECT `current_inventory`.`id`, `current_inventory`.`quantity`, `items`.`id` as `item_code`, `items`.`item_name`, `items`.`sku_barcode`, `c`.`category_name`, `b`.`brand_name`, `p`.`retail_price`, `stores`.`store_name`, `uom_master`.`uom`, `location`.`location_description`
FROM `current_inventory`
LEFT JOIN `items` ON `current_inventory`.`item_id` = `items`.`id`
LEFT JOIN `stores` ON `current_inventory`.`store_id` = `stores`.`id`
LEFT JOIN `location` ON `current_inventory`.`location_id` = `location`.`id`
LEFT JOIN `categories` `c` ON `items`.`category_id` = `c`.`id`
LEFT JOIN `brandmasters` `b` ON `items`.`brand_id` = `b`.`id`
LEFT JOIN `items_price` `p` ON `items`.`id` = `p`.`items_id`
LEFT JOIN `uom_master` ON `items`.`uom_id` = `uom_master`.`id`
LEFT JOIN `location` ON `current_inventory`.`location_id` = `location`.`id`
WHERE `current_inventory`.`quantity` > 0
GROUP BY `current_inventory`.`item_id`, `current_inventory`.`store_id`
ORDER BY `current_inventory`.`id` DESC
 LIMIT 10')
 4 SYSTEMPATH\Database\BaseBuilder.php(1616): CodeIgniter\Database\BaseConnection->query('SELECT `current_inventory`.`id`, `current_inventory`.`quantity`, `items`.`id` as `item_code`, `items`.`item_name`, `items`.`sku_barcode`, `c`.`category_name`, `b`.`brand_name`, `p`.`retail_price`, `stores`.`store_name`, `uom_master`.`uom`, `location`.`location_description`
FROM `current_inventory`
LEFT JOIN `items` ON `current_inventory`.`item_id` = `items`.`id`
LEFT JOIN `stores` ON `current_inventory`.`store_id` = `stores`.`id`
LEFT JOIN `location` ON `current_inventory`.`location_id` = `location`.`id`
LEFT JOIN `categories` `c` ON `items`.`category_id` = `c`.`id`
LEFT JOIN `brandmasters` `b` ON `items`.`brand_id` = `b`.`id`
LEFT JOIN `items_price` `p` ON `items`.`id` = `p`.`items_id`
LEFT JOIN `uom_master` ON `items`.`uom_id` = `uom_master`.`id`
LEFT JOIN `location` ON `current_inventory`.`location_id` = `location`.`id`
WHERE `current_inventory`.`quantity` > :current_inventory.quantity.1:
GROUP BY `current_inventory`.`item_id`, `current_inventory`.`store_id`
ORDER BY `current_inventory`.`id` DESC
 LIMIT 10', [...], false)
 5 SYSTEMPATH\Model.php(241): CodeIgniter\Database\BaseBuilder->get()
 6 SYSTEMPATH\BaseModel.php(618): CodeIgniter\Model->doFindAll(10, 0)
 7 APPPATH\Controllers\ReportsController.php(359): CodeIgniter\BaseModel->findAll(10, 0)
 8 SYSTEMPATH\CodeIgniter.php(932): App\Controllers\ReportsController->stockOnHand()
 9 SYSTEMPATH\CodeIgniter.php(497): CodeIgniter\CodeIgniter->runController(Object(App\Controllers\ReportsController))
10 SYSTEMPATH\CodeIgniter.php(366): CodeIgniter\CodeIgniter->handleRequest(null, Object(Config\Cache), false)
11 FCPATH\index.php(67): CodeIgniter\CodeIgniter->run()
INFO - 2023-09-21 09:45:04 --> Session: Class initialized using 'CodeIgniter\Session\Handlers\FileHandler' driver.
INFO - 2023-09-21 09:45:06 --> Session: Class initialized using 'CodeIgniter\Session\Handlers\FileHandler' driver.
ERROR - 2023-09-21 09:45:06 --> mysqli_sql_exception: Not unique table/alias: 'location' in C:\xampp\htdocs\enterpro\system\Database\MySQLi\Connection.php:295
Stack trace:
#0 C:\xampp\htdocs\enterpro\system\Database\MySQLi\Connection.php(295): mysqli->query('SELECT `current...', 0)
#1 C:\xampp\htdocs\enterpro\system\Database\BaseConnection.php(692): CodeIgniter\Database\MySQLi\Connection->execute('SELECT `current...')
#2 C:\xampp\htdocs\enterpro\system\Database\BaseConnection.php(606): CodeIgniter\Database\BaseConnection->simpleQuery('SELECT `current...')
#3 C:\xampp\htdocs\enterpro\system\Database\BaseBuilder.php(1616): CodeIgniter\Database\BaseConnection->query('SELECT `current...', Array, false)
#4 C:\xampp\htdocs\enterpro\system\Model.php(241): CodeIgniter\Database\BaseBuilder->get()
#5 C:\xampp\htdocs\enterpro\system\BaseModel.php(618): CodeIgniter\Model->doFindAll(10, 0)
#6 C:\xampp\htdocs\enterpro\app\Controllers\ReportsController.php(359): CodeIgniter\BaseModel->findAll(10, 0)
#7 C:\xampp\htdocs\enterpro\system\CodeIgniter.php(932): App\Controllers\ReportsController->stockOnHand()
#8 C:\xampp\htdocs\enterpro\system\CodeIgniter.php(497): CodeIgniter\CodeIgniter->runController(Object(App\Controllers\ReportsController))
#9 C:\xampp\htdocs\enterpro\system\CodeIgniter.php(366): CodeIgniter\CodeIgniter->handleRequest(NULL, Object(Config\Cache), false)
#10 C:\xampp\htdocs\enterpro\index.php(67): CodeIgniter\CodeIgniter->run()
#11 {main}
CRITICAL - 2023-09-21 09:45:06 --> Not unique table/alias: 'location'
in SYSTEMPATH\Database\MySQLi\Connection.php on line 295.
 1 SYSTEMPATH\Database\MySQLi\Connection.php(295): mysqli->query('SELECT `current_inventory`.`id`, `current_inventory`.`quantity`, `items`.`id` as `item_code`, `items`.`item_name`, `items`.`sku_barcode`, `c`.`category_name`, `b`.`brand_name`, `p`.`retail_price`, `stores`.`store_name`, `uom_master`.`uom`, `location`.`location_description`
FROM `current_inventory`
LEFT JOIN `items` ON `current_inventory`.`item_id` = `items`.`id`
LEFT JOIN `stores` ON `current_inventory`.`store_id` = `stores`.`id`
LEFT JOIN `location` ON `current_inventory`.`location_id` = `location`.`id`
LEFT JOIN `categories` `c` ON `items`.`category_id` = `c`.`id`
LEFT JOIN `brandmasters` `b` ON `items`.`brand_id` = `b`.`id`
LEFT JOIN `items_price` `p` ON `items`.`id` = `p`.`items_id`
LEFT JOIN `uom_master` ON `items`.`uom_id` = `uom_master`.`id`
LEFT JOIN `location` ON `current_inventory`.`location_id` = `location`.`id`
WHERE `current_inventory`.`quantity` > 0
GROUP BY `current_inventory`.`item_id`, `current_inventory`.`store_id`
ORDER BY `current_inventory`.`id` DESC
 LIMIT 10', 0)
 2 SYSTEMPATH\Database\BaseConnection.php(692): CodeIgniter\Database\MySQLi\Connection->execute('SELECT `current_inventory`.`id`, `current_inventory`.`quantity`, `items`.`id` as `item_code`, `items`.`item_name`, `items`.`sku_barcode`, `c`.`category_name`, `b`.`brand_name`, `p`.`retail_price`, `stores`.`store_name`, `uom_master`.`uom`, `location`.`location_description`
FROM `current_inventory`
LEFT JOIN `items` ON `current_inventory`.`item_id` = `items`.`id`
LEFT JOIN `stores` ON `current_inventory`.`store_id` = `stores`.`id`
LEFT JOIN `location` ON `current_inventory`.`location_id` = `location`.`id`
LEFT JOIN `categories` `c` ON `items`.`category_id` = `c`.`id`
LEFT JOIN `brandmasters` `b` ON `items`.`brand_id` = `b`.`id`
LEFT JOIN `items_price` `p` ON `items`.`id` = `p`.`items_id`
LEFT JOIN `uom_master` ON `items`.`uom_id` = `uom_master`.`id`
LEFT JOIN `location` ON `current_inventory`.`location_id` = `location`.`id`
WHERE `current_inventory`.`quantity` > 0
GROUP BY `current_inventory`.`item_id`, `current_inventory`.`store_id`
ORDER BY `current_inventory`.`id` DESC
 LIMIT 10')
 3 SYSTEMPATH\Database\BaseConnection.php(606): CodeIgniter\Database\BaseConnection->simpleQuery('SELECT `current_inventory`.`id`, `current_inventory`.`quantity`, `items`.`id` as `item_code`, `items`.`item_name`, `items`.`sku_barcode`, `c`.`category_name`, `b`.`brand_name`, `p`.`retail_price`, `stores`.`store_name`, `uom_master`.`uom`, `location`.`location_description`
FROM `current_inventory`
LEFT JOIN `items` ON `current_inventory`.`item_id` = `items`.`id`
LEFT JOIN `stores` ON `current_inventory`.`store_id` = `stores`.`id`
LEFT JOIN `location` ON `current_inventory`.`location_id` = `location`.`id`
LEFT JOIN `categories` `c` ON `items`.`category_id` = `c`.`id`
LEFT JOIN `brandmasters` `b` ON `items`.`brand_id` = `b`.`id`
LEFT JOIN `items_price` `p` ON `items`.`id` = `p`.`items_id`
LEFT JOIN `uom_master` ON `items`.`uom_id` = `uom_master`.`id`
LEFT JOIN `location` ON `current_inventory`.`location_id` = `location`.`id`
WHERE `current_inventory`.`quantity` > 0
GROUP BY `current_inventory`.`item_id`, `current_inventory`.`store_id`
ORDER BY `current_inventory`.`id` DESC
 LIMIT 10')
 4 SYSTEMPATH\Database\BaseBuilder.php(1616): CodeIgniter\Database\BaseConnection->query('SELECT `current_inventory`.`id`, `current_inventory`.`quantity`, `items`.`id` as `item_code`, `items`.`item_name`, `items`.`sku_barcode`, `c`.`category_name`, `b`.`brand_name`, `p`.`retail_price`, `stores`.`store_name`, `uom_master`.`uom`, `location`.`location_description`
FROM `current_inventory`
LEFT JOIN `items` ON `current_inventory`.`item_id` = `items`.`id`
LEFT JOIN `stores` ON `current_inventory`.`store_id` = `stores`.`id`
LEFT JOIN `location` ON `current_inventory`.`location_id` = `location`.`id`
LEFT JOIN `categories` `c` ON `items`.`category_id` = `c`.`id`
LEFT JOIN `brandmasters` `b` ON `items`.`brand_id` = `b`.`id`
LEFT JOIN `items_price` `p` ON `items`.`id` = `p`.`items_id`
LEFT JOIN `uom_master` ON `items`.`uom_id` = `uom_master`.`id`
LEFT JOIN `location` ON `current_inventory`.`location_id` = `location`.`id`
WHERE `current_inventory`.`quantity` > :current_inventory.quantity.1:
GROUP BY `current_inventory`.`item_id`, `current_inventory`.`store_id`
ORDER BY `current_inventory`.`id` DESC
 LIMIT 10', [...], false)
 5 SYSTEMPATH\Model.php(241): CodeIgniter\Database\BaseBuilder->get()
 6 SYSTEMPATH\BaseModel.php(618): CodeIgniter\Model->doFindAll(10, 0)
 7 APPPATH\Controllers\ReportsController.php(359): CodeIgniter\BaseModel->findAll(10, 0)
 8 SYSTEMPATH\CodeIgniter.php(932): App\Controllers\ReportsController->stockOnHand()
 9 SYSTEMPATH\CodeIgniter.php(497): CodeIgniter\CodeIgniter->runController(Object(App\Controllers\ReportsController))
10 SYSTEMPATH\CodeIgniter.php(366): CodeIgniter\CodeIgniter->handleRequest(null, Object(Config\Cache), false)
11 FCPATH\index.php(67): CodeIgniter\CodeIgniter->run()
INFO - 2023-09-21 09:45:27 --> Session: Class initialized using 'CodeIgniter\Session\Handlers\FileHandler' driver.
INFO - 2023-09-21 09:45:29 --> Session: Class initialized using 'CodeIgniter\Session\Handlers\FileHandler' driver.
INFO - 2023-09-21 09:45:40 --> Session: Class initialized using 'CodeIgniter\Session\Handlers\FileHandler' driver.
INFO - 2023-09-21 09:45:42 --> Session: Class initialized using 'CodeIgniter\Session\Handlers\FileHandler' driver.
INFO - 2023-09-21 09:46:06 --> Session: Class initialized using 'CodeIgniter\Session\Handlers\FileHandler' driver.
INFO - 2023-09-21 09:46:07 --> Session: Class initialized using 'CodeIgniter\Session\Handlers\FileHandler' driver.
INFO - 2023-09-21 09:46:19 --> Session: Class initialized using 'CodeIgniter\Session\Handlers\FileHandler' driver.
INFO - 2023-09-21 09:46:21 --> Session: Class initialized using 'CodeIgniter\Session\Handlers\FileHandler' driver.
CRITICAL - 2023-09-21 09:53:47 --> syntax error, unexpected '->' (T_OBJECT_OPERATOR), expecting identifier (T_STRING) or variable (T_VARIABLE) or '{' or '$'
in APPPATH\Controllers\ReportsController.php on line 63.
 1 SYSTEMPATH\Autoloader\Autoloader.php(289): CodeIgniter\Autoloader\Autoloader->includeFile('C:\\xampp\\htdocs\\enterpro\\app\\Controllers\\ReportsController.php')
 2 SYSTEMPATH\Autoloader\Autoloader.php(267): CodeIgniter\Autoloader\Autoloader->loadInNamespace('App\\Controllers\\ReportsController')
 3 [internal function]: CodeIgniter\Autoloader\Autoloader->loadClass('App\\Controllers\\ReportsController')
 4 [internal function]: spl_autoload_call('App\\Controllers\\ReportsController')
 5 SYSTEMPATH\CodeIgniter.php(890): class_exists('\\App\\Controllers\\ReportsController', true)
 6 SYSTEMPATH\CodeIgniter.php(484): CodeIgniter\CodeIgniter->startController()
 7 SYSTEMPATH\CodeIgniter.php(366): CodeIgniter\CodeIgniter->handleRequest(null, Object(Config\Cache), false)
 8 FCPATH\index.php(67): CodeIgniter\CodeIgniter->run()
INFO - 2023-09-21 09:53:52 --> Session: Class initialized using 'CodeIgniter\Session\Handlers\FileHandler' driver.
CRITICAL - 2023-09-21 09:53:53 --> Undefined index: location_name
in APPPATH\Views\pages\reports\stock-on-hand.php on line 50.
 1 APPPATH\Views\pages\reports\stock-on-hand.php(50): CodeIgniter\Debug\Exceptions->errorHandler(8, 'Undefined index: location_name', 'C:\\xampp\\htdocs\\enterpro\\app\\Views\\pages\\reports\\stock-on-hand.php', 50, [...])
 2 SYSTEMPATH\View\View.php(224): include('C:\\xampp\\htdocs\\enterpro\\app\\Views\\pages\\reports\\stock-on-hand.php')
 3 SYSTEMPATH\View\View.php(227): CodeIgniter\View\View->CodeIgniter\View\{closure}()
 4 SYSTEMPATH\Common.php(1180): CodeIgniter\View\View->render('pages/reports/stock-on-hand', [], true)
 5 APPPATH\Libraries\Template.php(10): view('pages/reports/stock-on-hand', [...])
 6 APPPATH\Controllers\ReportsController.php(86): App\Libraries\Template->render('pages/reports/stock-on-hand', [...])
 7 SYSTEMPATH\CodeIgniter.php(932): App\Controllers\ReportsController->reports('stock-on-hand')
 8 SYSTEMPATH\CodeIgniter.php(497): CodeIgniter\CodeIgniter->runController(Object(App\Controllers\ReportsController))
 9 SYSTEMPATH\CodeIgniter.php(366): CodeIgniter\CodeIgniter->handleRequest(null, Object(Config\Cache), false)
10 FCPATH\index.php(67): CodeIgniter\CodeIgniter->run()
INFO - 2023-09-21 09:54:04 --> Session: Class initialized using 'CodeIgniter\Session\Handlers\FileHandler' driver.
INFO - 2023-09-21 09:54:05 --> Session: Class initialized using 'CodeIgniter\Session\Handlers\FileHandler' driver.
INFO - 2023-09-21 09:59:47 --> Session: Class initialized using 'CodeIgniter\Session\Handlers\FileHandler' driver.
INFO - 2023-09-21 09:59:49 --> Session: Class initialized using 'CodeIgniter\Session\Handlers\FileHandler' driver.
INFO - 2023-09-21 09:59:52 --> Session: Class initialized using 'CodeIgniter\Session\Handlers\FileHandler' driver.
INFO - 2023-09-21 09:59:55 --> Session: Class initialized using 'CodeIgniter\Session\Handlers\FileHandler' driver.
INFO - 2023-09-21 10:00:27 --> Session: Class initialized using 'CodeIgniter\Session\Handlers\FileHandler' driver.
INFO - 2023-09-21 10:00:28 --> Session: Class initialized using 'CodeIgniter\Session\Handlers\FileHandler' driver.
INFO - 2023-09-21 10:00:29 --> Session: Class initialized using 'CodeIgniter\Session\Handlers\FileHandler' driver.
INFO - 2023-09-21 10:00:48 --> Session: Class initialized using 'CodeIgniter\Session\Handlers\FileHandler' driver.
INFO - 2023-09-21 10:00:49 --> Session: Class initialized using 'CodeIgniter\Session\Handlers\FileHandler' driver.
INFO - 2023-09-21 10:00:51 --> Session: Class initialized using 'CodeIgniter\Session\Handlers\FileHandler' driver.
INFO - 2023-09-21 10:00:52 --> Session: Class initialized using 'CodeIgniter\Session\Handlers\FileHandler' driver.
INFO - 2023-09-21 10:01:31 --> Session: Class initialized using 'CodeIgniter\Session\Handlers\FileHandler' driver.
INFO - 2023-09-21 10:01:32 --> Session: Class initialized using 'CodeIgniter\Session\Handlers\FileHandler' driver.
INFO - 2023-09-21 10:01:34 --> Session: Class initialized using 'CodeIgniter\Session\Handlers\FileHandler' driver.
INFO - 2023-09-21 10:01:38 --> Session: Class initialized using 'CodeIgniter\Session\Handlers\FileHandler' driver.
INFO - 2023-09-21 10:02:01 --> Session: Class initialized using 'CodeIgniter\Session\Handlers\FileHandler' driver.
INFO - 2023-09-21 10:02:02 --> Session: Class initialized using 'CodeIgniter\Session\Handlers\FileHandler' driver.
INFO - 2023-09-21 10:02:06 --> Session: Class initialized using 'CodeIgniter\Session\Handlers\FileHandler' driver.
INFO - 2023-09-21 10:02:08 --> Session: Class initialized using 'CodeIgniter\Session\Handlers\FileHandler' driver.
INFO - 2023-09-21 10:02:15 --> Session: Class initialized using 'CodeIgniter\Session\Handlers\FileHandler' driver.
INFO - 2023-09-21 10:02:30 --> Session: Class initialized using 'CodeIgniter\Session\Handlers\FileHandler' driver.
INFO - 2023-09-21 10:02:31 --> Session: Class initialized using 'CodeIgniter\Session\Handlers\FileHandler' driver.
INFO - 2023-09-21 10:02:43 --> Session: Class initialized using 'CodeIgniter\Session\Handlers\FileHandler' driver.
INFO - 2023-09-21 10:02:43 --> Session: Class initialized using 'CodeIgniter\Session\Handlers\FileHandler' driver.
CRITICAL - 2023-09-21 10:02:45 --> syntax error, unexpected '">Location</option>"' (T_CONSTANT_ENCAPSED_STRING)
in APPPATH\Controllers\CommonController.php on line 127.
 1 SYSTEMPATH\Autoloader\Autoloader.php(289): CodeIgniter\Autoloader\Autoloader->includeFile('C:\\xampp\\htdocs\\enterpro\\app\\Controllers\\CommonController.php')
 2 SYSTEMPATH\Autoloader\Autoloader.php(267): CodeIgniter\Autoloader\Autoloader->loadInNamespace('App\\Controllers\\CommonController')
 3 [internal function]: CodeIgniter\Autoloader\Autoloader->loadClass('App\\Controllers\\CommonController')
 4 [internal function]: spl_autoload_call('App\\Controllers\\CommonController')
 5 SYSTEMPATH\CodeIgniter.php(890): class_exists('\\App\\Controllers\\CommonController', true)
 6 SYSTEMPATH\CodeIgniter.php(484): CodeIgniter\CodeIgniter->startController()
 7 SYSTEMPATH\CodeIgniter.php(366): CodeIgniter\CodeIgniter->handleRequest(null, Object(Config\Cache), false)
 8 FCPATH\index.php(67): CodeIgniter\CodeIgniter->run()
CRITICAL - 2023-09-21 10:02:47 --> syntax error, unexpected '">Location</option>"' (T_CONSTANT_ENCAPSED_STRING)
in APPPATH\Controllers\CommonController.php on line 127.
 1 SYSTEMPATH\Autoloader\Autoloader.php(289): CodeIgniter\Autoloader\Autoloader->includeFile('C:\\xampp\\htdocs\\enterpro\\app\\Controllers\\CommonController.php')
 2 SYSTEMPATH\Autoloader\Autoloader.php(267): CodeIgniter\Autoloader\Autoloader->loadInNamespace('App\\Controllers\\CommonController')
 3 [internal function]: CodeIgniter\Autoloader\Autoloader->loadClass('App\\Controllers\\CommonController')
 4 [internal function]: spl_autoload_call('App\\Controllers\\CommonController')
 5 SYSTEMPATH\CodeIgniter.php(890): class_exists('\\App\\Controllers\\CommonController', true)
 6 SYSTEMPATH\CodeIgniter.php(484): CodeIgniter\CodeIgniter->startController()
 7 SYSTEMPATH\CodeIgniter.php(366): CodeIgniter\CodeIgniter->handleRequest(null, Object(Config\Cache), false)
 8 FCPATH\index.php(67): CodeIgniter\CodeIgniter->run()
INFO - 2023-09-21 10:03:02 --> Session: Class initialized using 'CodeIgniter\Session\Handlers\FileHandler' driver.
INFO - 2023-09-21 10:03:02 --> Session: Class initialized using 'CodeIgniter\Session\Handlers\FileHandler' driver.
INFO - 2023-09-21 10:03:15 --> Session: Class initialized using 'CodeIgniter\Session\Handlers\FileHandler' driver.
INFO - 2023-09-21 10:03:17 --> Session: Class initialized using 'CodeIgniter\Session\Handlers\FileHandler' driver.
INFO - 2023-09-21 10:03:20 --> Session: Class initialized using 'CodeIgniter\Session\Handlers\FileHandler' driver.
INFO - 2023-09-21 10:03:21 --> Session: Class initialized using 'CodeIgniter\Session\Handlers\FileHandler' driver.
INFO - 2023-09-21 10:03:41 --> Session: Class initialized using 'CodeIgniter\Session\Handlers\FileHandler' driver.
INFO - 2023-09-21 10:03:42 --> Session: Class initialized using 'CodeIgniter\Session\Handlers\FileHandler' driver.
INFO - 2023-09-21 10:05:02 --> Session: Class initialized using 'CodeIgniter\Session\Handlers\FileHandler' driver.
INFO - 2023-09-21 10:05:03 --> Session: Class initialized using 'CodeIgniter\Session\Handlers\FileHandler' driver.
INFO - 2023-09-21 10:06:45 --> Session: Class initialized using 'CodeIgniter\Session\Handlers\FileHandler' driver.
INFO - 2023-09-21 10:07:51 --> Session: Class initialized using 'CodeIgniter\Session\Handlers\FileHandler' driver.
INFO - 2023-09-21 10:07:52 --> Session: Class initialized using 'CodeIgniter\Session\Handlers\FileHandler' driver.
INFO - 2023-09-21 10:07:52 --> Session: Class initialized using 'CodeIgniter\Session\Handlers\FileHandler' driver.
INFO - 2023-09-21 10:07:52 --> Session: Class initialized using 'CodeIgniter\Session\Handlers\FileHandler' driver.
INFO - 2023-09-21 10:07:52 --> Session: Class initialized using 'CodeIgniter\Session\Handlers\FileHandler' driver.
INFO - 2023-09-21 10:07:52 --> Session: Class initialized using 'CodeIgniter\Session\Handlers\FileHandler' driver.
INFO - 2023-09-21 10:07:52 --> Session: Class initialized using 'CodeIgniter\Session\Handlers\FileHandler' driver.
INFO - 2023-09-21 10:08:01 --> Session: Class initialized using 'CodeIgniter\Session\Handlers\FileHandler' driver.
INFO - 2023-09-21 10:08:02 --> Session: Class initialized using 'CodeIgniter\Session\Handlers\FileHandler' driver.
INFO - 2023-09-21 10:08:03 --> Session: Class initialized using 'CodeIgniter\Session\Handlers\FileHandler' driver.
INFO - 2023-09-21 10:08:03 --> Session: Class initialized using 'CodeIgniter\Session\Handlers\FileHandler' driver.
INFO - 2023-09-21 10:08:03 --> Session: Class initialized using 'CodeIgniter\Session\Handlers\FileHandler' driver.
INFO - 2023-09-21 10:08:03 --> Session: Class initialized using 'CodeIgniter\Session\Handlers\FileHandler' driver.
INFO - 2023-09-21 10:08:03 --> Session: Class initialized using 'CodeIgniter\Session\Handlers\FileHandler' driver.
INFO - 2023-09-21 10:08:04 --> Session: Class initialized using 'CodeIgniter\Session\Handlers\FileHandler' driver.
INFO - 2023-09-21 10:08:04 --> Session: Class initialized using 'CodeIgniter\Session\Handlers\FileHandler' driver.
INFO - 2023-09-21 10:08:07 --> Session: Class initialized using 'CodeIgniter\Session\Handlers\FileHandler' driver.
INFO - 2023-09-21 10:08:07 --> Session: Class initialized using 'CodeIgniter\Session\Handlers\FileHandler' driver.
INFO - 2023-09-21 10:12:34 --> Session: Class initialized using 'CodeIgniter\Session\Handlers\FileHandler' driver.
INFO - 2023-09-21 10:12:35 --> Session: Class initialized using 'CodeIgniter\Session\Handlers\FileHandler' driver.
INFO - 2023-09-21 10:12:35 --> Session: Class initialized using 'CodeIgniter\Session\Handlers\FileHandler' driver.
INFO - 2023-09-21 10:12:35 --> Session: Class initialized using 'CodeIgniter\Session\Handlers\FileHandler' driver.
INFO - 2023-09-21 10:12:35 --> Session: Class initialized using 'CodeIgniter\Session\Handlers\FileHandler' driver.
INFO - 2023-09-21 10:12:35 --> Session: Class initialized using 'CodeIgniter\Session\Handlers\FileHandler' driver.
INFO - 2023-09-21 10:12:35 --> Session: Class initialized using 'CodeIgniter\Session\Handlers\FileHandler' driver.
INFO - 2023-09-21 10:18:41 --> Session: Class initialized using 'CodeIgniter\Session\Handlers\FileHandler' driver.
INFO - 2023-09-21 10:18:42 --> Session: Class initialized using 'CodeIgniter\Session\Handlers\FileHandler' driver.
INFO - 2023-09-21 10:18:46 --> Session: Class initialized using 'CodeIgniter\Session\Handlers\FileHandler' driver.
INFO - 2023-09-21 10:18:47 --> Session: Class initialized using 'CodeIgniter\Session\Handlers\FileHandler' driver.
INFO - 2023-09-21 10:19:11 --> Session: Class initialized using 'CodeIgniter\Session\Handlers\FileHandler' driver.
INFO - 2023-09-21 10:19:12 --> Session: Class initialized using 'CodeIgniter\Session\Handlers\FileHandler' driver.
INFO - 2023-09-21 10:19:29 --> Session: Class initialized using 'CodeIgniter\Session\Handlers\FileHandler' driver.
INFO - 2023-09-21 10:19:29 --> Session: Class initialized using 'CodeIgniter\Session\Handlers\FileHandler' driver.
INFO - 2023-09-21 10:19:49 --> Session: Class initialized using 'CodeIgniter\Session\Handlers\FileHandler' driver.
INFO - 2023-09-21 10:19:49 --> Session: Class initialized using 'CodeIgniter\Session\Handlers\FileHandler' driver.
INFO - 2023-09-21 10:27:52 --> Session: Class initialized using 'CodeIgniter\Session\Handlers\FileHandler' driver.
INFO - 2023-09-21 10:27:53 --> Session: Class initialized using 'CodeIgniter\Session\Handlers\FileHandler' driver.
INFO - 2023-09-21 10:27:53 --> Session: Class initialized using 'CodeIgniter\Session\Handlers\FileHandler' driver.
INFO - 2023-09-21 10:27:53 --> Session: Class initialized using 'CodeIgniter\Session\Handlers\FileHandler' driver.
INFO - 2023-09-21 10:27:53 --> Session: Class initialized using 'CodeIgniter\Session\Handlers\FileHandler' driver.
INFO - 2023-09-21 10:27:53 --> Session: Class initialized using 'CodeIgniter\Session\Handlers\FileHandler' driver.
INFO - 2023-09-21 10:27:54 --> Session: Class initialized using 'CodeIgniter\Session\Handlers\FileHandler' driver.
INFO - 2023-09-21 10:27:55 --> Session: Class initialized using 'CodeIgniter\Session\Handlers\FileHandler' driver.
INFO - 2023-09-21 10:27:55 --> Session: Class initialized using 'CodeIgniter\Session\Handlers\FileHandler' driver.
INFO - 2023-09-21 10:36:55 --> Session: Class initialized using 'CodeIgniter\Session\Handlers\FileHandler' driver.
INFO - 2023-09-21 10:36:56 --> Session: Class initialized using 'CodeIgniter\Session\Handlers\FileHandler' driver.
ERROR - 2023-09-21 10:36:56 --> mysqli_sql_exception: Unknown column 'current_inventory.id' in 'order clause' in C:\xampp\htdocs\enterpro\system\Database\MySQLi\Connection.php:295
Stack trace:
#0 C:\xampp\htdocs\enterpro\system\Database\MySQLi\Connection.php(295): mysqli->query('SELECT `store_i...', 0)
#1 C:\xampp\htdocs\enterpro\system\Database\BaseConnection.php(692): CodeIgniter\Database\MySQLi\Connection->execute('SELECT `store_i...')
#2 C:\xampp\htdocs\enterpro\system\Database\BaseConnection.php(606): CodeIgniter\Database\BaseConnection->simpleQuery('SELECT `store_i...')
#3 C:\xampp\htdocs\enterpro\system\Database\BaseBuilder.php(1616): CodeIgniter\Database\BaseConnection->query('SELECT `store_i...', Array, false)
#4 C:\xampp\htdocs\enterpro\system\Model.php(241): CodeIgniter\Database\BaseBuilder->get()
#5 C:\xampp\htdocs\enterpro\system\BaseModel.php(618): CodeIgniter\Model->doFindAll(10, 0)
#6 C:\xampp\htdocs\enterpro\app\Controllers\ReportsController.php(453): CodeIgniter\BaseModel->findAll(10, 0)
#7 C:\xampp\htdocs\enterpro\system\CodeIgniter.php(932): App\Controllers\ReportsController->stockTakeWithQty()
#8 C:\xampp\htdocs\enterpro\system\CodeIgniter.php(497): CodeIgniter\CodeIgniter->runController(Object(App\Controllers\ReportsController))
#9 C:\xampp\htdocs\enterpro\system\CodeIgniter.php(366): CodeIgniter\CodeIgniter->handleRequest(NULL, Object(Config\Cache), false)
#10 C:\xampp\htdocs\enterpro\index.php(67): CodeIgniter\CodeIgniter->run()
#11 {main}
CRITICAL - 2023-09-21 10:36:56 --> Unknown column 'current_inventory.id' in 'order clause'
in SYSTEMPATH\Database\MySQLi\Connection.php on line 295.
 1 SYSTEMPATH\Database\MySQLi\Connection.php(295): mysqli->query('SELECT `store_items`.*, `items`.`item_name`, `items`.`sku_barcode`, `c`.`category_name`, `p`.`retail_price`, `stores`.`store_name`, `l`.`location_description` as `location`
FROM `store_items`
LEFT JOIN `items` ON `store_items`.`item_id` = `items`.`id`
LEFT JOIN `stores` ON `store_items`.`store_id` = `stores`.`id`
LEFT JOIN `location` `l` ON `store_items`.`location_id` = `l`.`id`
LEFT JOIN `categories` `c` ON `items`.`category_id` = `c`.`id`
LEFT JOIN `items_price` `p` ON `items`.`id` = `p`.`items_id`
ORDER BY `current_inventory`.`id` DESC
 LIMIT 10', 0)
 2 SYSTEMPATH\Database\BaseConnection.php(692): CodeIgniter\Database\MySQLi\Connection->execute('SELECT `store_items`.*, `items`.`item_name`, `items`.`sku_barcode`, `c`.`category_name`, `p`.`retail_price`, `stores`.`store_name`, `l`.`location_description` as `location`
FROM `store_items`
LEFT JOIN `items` ON `store_items`.`item_id` = `items`.`id`
LEFT JOIN `stores` ON `store_items`.`store_id` = `stores`.`id`
LEFT JOIN `location` `l` ON `store_items`.`location_id` = `l`.`id`
LEFT JOIN `categories` `c` ON `items`.`category_id` = `c`.`id`
LEFT JOIN `items_price` `p` ON `items`.`id` = `p`.`items_id`
ORDER BY `current_inventory`.`id` DESC
 LIMIT 10')
 3 SYSTEMPATH\Database\BaseConnection.php(606): CodeIgniter\Database\BaseConnection->simpleQuery('SELECT `store_items`.*, `items`.`item_name`, `items`.`sku_barcode`, `c`.`category_name`, `p`.`retail_price`, `stores`.`store_name`, `l`.`location_description` as `location`
FROM `store_items`
LEFT JOIN `items` ON `store_items`.`item_id` = `items`.`id`
LEFT JOIN `stores` ON `store_items`.`store_id` = `stores`.`id`
LEFT JOIN `location` `l` ON `store_items`.`location_id` = `l`.`id`
LEFT JOIN `categories` `c` ON `items`.`category_id` = `c`.`id`
LEFT JOIN `items_price` `p` ON `items`.`id` = `p`.`items_id`
ORDER BY `current_inventory`.`id` DESC
 LIMIT 10')
 4 SYSTEMPATH\Database\BaseBuilder.php(1616): CodeIgniter\Database\BaseConnection->query('SELECT `store_items`.*, `items`.`item_name`, `items`.`sku_barcode`, `c`.`category_name`, `p`.`retail_price`, `stores`.`store_name`, `l`.`location_description` as `location`
FROM `store_items`
LEFT JOIN `items` ON `store_items`.`item_id` = `items`.`id`
LEFT JOIN `stores` ON `store_items`.`store_id` = `stores`.`id`
LEFT JOIN `location` `l` ON `store_items`.`location_id` = `l`.`id`
LEFT JOIN `categories` `c` ON `items`.`category_id` = `c`.`id`
LEFT JOIN `items_price` `p` ON `items`.`id` = `p`.`items_id`
ORDER BY `current_inventory`.`id` DESC
 LIMIT 10', [...], false)
 5 SYSTEMPATH\Model.php(241): CodeIgniter\Database\BaseBuilder->get()
 6 SYSTEMPATH\BaseModel.php(618): CodeIgniter\Model->doFindAll(10, 0)
 7 APPPATH\Controllers\ReportsController.php(453): CodeIgniter\BaseModel->findAll(10, 0)
 8 SYSTEMPATH\CodeIgniter.php(932): App\Controllers\ReportsController->stockTakeWithQty()
 9 SYSTEMPATH\CodeIgniter.php(497): CodeIgniter\CodeIgniter->runController(Object(App\Controllers\ReportsController))
10 SYSTEMPATH\CodeIgniter.php(366): CodeIgniter\CodeIgniter->handleRequest(null, Object(Config\Cache), false)
11 FCPATH\index.php(67): CodeIgniter\CodeIgniter->run()
INFO - 2023-09-21 10:37:06 --> Session: Class initialized using 'CodeIgniter\Session\Handlers\FileHandler' driver.
INFO - 2023-09-21 10:37:07 --> Session: Class initialized using 'CodeIgniter\Session\Handlers\FileHandler' driver.
INFO - 2023-09-21 10:37:19 --> Session: Class initialized using 'CodeIgniter\Session\Handlers\FileHandler' driver.
INFO - 2023-09-21 10:37:20 --> Session: Class initialized using 'CodeIgniter\Session\Handlers\FileHandler' driver.
INFO - 2023-09-21 10:40:15 --> Session: Class initialized using 'CodeIgniter\Session\Handlers\FileHandler' driver.
INFO - 2023-09-21 10:40:16 --> Session: Class initialized using 'CodeIgniter\Session\Handlers\FileHandler' driver.
INFO - 2023-09-21 10:41:18 --> Session: Class initialized using 'CodeIgniter\Session\Handlers\FileHandler' driver.
INFO - 2023-09-21 10:41:19 --> Session: Class initialized using 'CodeIgniter\Session\Handlers\FileHandler' driver.
INFO - 2023-09-21 10:41:29 --> Session: Class initialized using 'CodeIgniter\Session\Handlers\FileHandler' driver.
INFO - 2023-09-21 10:41:29 --> Session: Class initialized using 'CodeIgniter\Session\Handlers\FileHandler' driver.
INFO - 2023-09-21 10:49:11 --> Session: Class initialized using 'CodeIgniter\Session\Handlers\FileHandler' driver.
INFO - 2023-09-21 10:49:21 --> Session: Class initialized using 'CodeIgniter\Session\Handlers\FileHandler' driver.
INFO - 2023-09-21 10:49:22 --> Session: Class initialized using 'CodeIgniter\Session\Handlers\FileHandler' driver.
INFO - 2023-09-21 10:49:37 --> Session: Class initialized using 'CodeIgniter\Session\Handlers\FileHandler' driver.
INFO - 2023-09-21 10:49:48 --> Session: Class initialized using 'CodeIgniter\Session\Handlers\FileHandler' driver.
INFO - 2023-09-21 10:50:23 --> Session: Class initialized using 'CodeIgniter\Session\Handlers\FileHandler' driver.
INFO - 2023-09-21 10:50:24 --> Session: Class initialized using 'CodeIgniter\Session\Handlers\FileHandler' driver.
INFO - 2023-09-21 10:50:27 --> Session: Class initialized using 'CodeIgniter\Session\Handlers\FileHandler' driver.
INFO - 2023-09-21 10:51:17 --> Session: Class initialized using 'CodeIgniter\Session\Handlers\FileHandler' driver.
INFO - 2023-09-21 10:51:18 --> Session: Class initialized using 'CodeIgniter\Session\Handlers\FileHandler' driver.
INFO - 2023-09-21 10:51:22 --> Session: Class initialized using 'CodeIgniter\Session\Handlers\FileHandler' driver.
INFO - 2023-09-21 10:54:58 --> Session: Class initialized using 'CodeIgniter\Session\Handlers\FileHandler' driver.
INFO - 2023-09-21 10:54:59 --> Session: Class initialized using 'CodeIgniter\Session\Handlers\FileHandler' driver.
ERROR - 2023-09-21 10:54:59 --> mysqli_sql_exception: Column 'pos_id' in where clause is ambiguous in C:\xampp\htdocs\enterpro\system\Database\MySQLi\Connection.php:295
Stack trace:
#0 C:\xampp\htdocs\enterpro\system\Database\MySQLi\Connection.php(295): mysqli->query('SELECT `store_i...', 0)
#1 C:\xampp\htdocs\enterpro\system\Database\BaseConnection.php(692): CodeIgniter\Database\MySQLi\Connection->execute('SELECT `store_i...')
#2 C:\xampp\htdocs\enterpro\system\Database\BaseConnection.php(606): CodeIgniter\Database\BaseConnection->simpleQuery('SELECT `store_i...')
#3 C:\xampp\htdocs\enterpro\system\Database\BaseBuilder.php(1616): CodeIgniter\Database\BaseConnection->query('SELECT `store_i...', Array, false)
#4 C:\xampp\htdocs\enterpro\system\Model.php(241): CodeIgniter\Database\BaseBuilder->get()
#5 C:\xampp\htdocs\enterpro\system\BaseModel.php(618): CodeIgniter\Model->doFindAll(10, 0)
#6 C:\xampp\htdocs\enterpro\app\Controllers\ReportsController.php(463): CodeIgniter\BaseModel->findAll(10, 0)
#7 C:\xampp\htdocs\enterpro\system\CodeIgniter.php(932): App\Controllers\ReportsController->stockTakeWithQty()
#8 C:\xampp\htdocs\enterpro\system\CodeIgniter.php(497): CodeIgniter\CodeIgniter->runController(Object(App\Controllers\ReportsController))
#9 C:\xampp\htdocs\enterpro\system\CodeIgniter.php(366): CodeIgniter\CodeIgniter->handleRequest(NULL, Object(Config\Cache), false)
#10 C:\xampp\htdocs\enterpro\index.php(67): CodeIgniter\CodeIgniter->run()
#11 {main}
CRITICAL - 2023-09-21 10:54:59 --> Column 'pos_id' in where clause is ambiguous
in SYSTEMPATH\Database\MySQLi\Connection.php on line 295.
 1 SYSTEMPATH\Database\MySQLi\Connection.php(295): mysqli->query('SELECT `store_items`.*, `items`.`item_name`, `items`.`sku_barcode`, `c`.`category_name`, `p`.`retail_price`, `stores`.`store_name`, `l`.`location_description` as `location`
FROM `store_items`
LEFT JOIN `items` ON `store_items`.`item_id` = `items`.`id`
LEFT JOIN `stores` ON `store_items`.`store_id` = `stores`.`id`
LEFT JOIN `location` `l` ON `store_items`.`location_id` = `l`.`id`
LEFT JOIN `categories` `c` ON `items`.`category_id` = `c`.`id`
LEFT JOIN `items_price` `p` ON `items`.`id` = `p`.`items_id`
WHERE `store_items`.`created_at` >= \'2023-09-21\'
AND `store_items`.`created_at` <= \'2023-09-21\'
AND `pos_id` = \'1\'
ORDER BY `store_items`.`id` DESC
 LIMIT 10', 0)
 2 SYSTEMPATH\Database\BaseConnection.php(692): CodeIgniter\Database\MySQLi\Connection->execute('SELECT `store_items`.*, `items`.`item_name`, `items`.`sku_barcode`, `c`.`category_name`, `p`.`retail_price`, `stores`.`store_name`, `l`.`location_description` as `location`
FROM `store_items`
LEFT JOIN `items` ON `store_items`.`item_id` = `items`.`id`
LEFT JOIN `stores` ON `store_items`.`store_id` = `stores`.`id`
LEFT JOIN `location` `l` ON `store_items`.`location_id` = `l`.`id`
LEFT JOIN `categories` `c` ON `items`.`category_id` = `c`.`id`
LEFT JOIN `items_price` `p` ON `items`.`id` = `p`.`items_id`
WHERE `store_items`.`created_at` >= \'2023-09-21\'
AND `store_items`.`created_at` <= \'2023-09-21\'
AND `pos_id` = \'1\'
ORDER BY `store_items`.`id` DESC
 LIMIT 10')
 3 SYSTEMPATH\Database\BaseConnection.php(606): CodeIgniter\Database\BaseConnection->simpleQuery('SELECT `store_items`.*, `items`.`item_name`, `items`.`sku_barcode`, `c`.`category_name`, `p`.`retail_price`, `stores`.`store_name`, `l`.`location_description` as `location`
FROM `store_items`
LEFT JOIN `items` ON `store_items`.`item_id` = `items`.`id`
LEFT JOIN `stores` ON `store_items`.`store_id` = `stores`.`id`
LEFT JOIN `location` `l` ON `store_items`.`location_id` = `l`.`id`
LEFT JOIN `categories` `c` ON `items`.`category_id` = `c`.`id`
LEFT JOIN `items_price` `p` ON `items`.`id` = `p`.`items_id`
WHERE `store_items`.`created_at` >= \'2023-09-21\'
AND `store_items`.`created_at` <= \'2023-09-21\'
AND `pos_id` = \'1\'
ORDER BY `store_items`.`id` DESC
 LIMIT 10')
 4 SYSTEMPATH\Database\BaseBuilder.php(1616): CodeIgniter\Database\BaseConnection->query('SELECT `store_items`.*, `items`.`item_name`, `items`.`sku_barcode`, `c`.`category_name`, `p`.`retail_price`, `stores`.`store_name`, `l`.`location_description` as `location`
FROM `store_items`
LEFT JOIN `items` ON `store_items`.`item_id` = `items`.`id`
LEFT JOIN `stores` ON `store_items`.`store_id` = `stores`.`id`
LEFT JOIN `location` `l` ON `store_items`.`location_id` = `l`.`id`
LEFT JOIN `categories` `c` ON `items`.`category_id` = `c`.`id`
LEFT JOIN `items_price` `p` ON `items`.`id` = `p`.`items_id`
WHERE `store_items`.`created_at` >= :store_items.created_at:
AND `store_items`.`created_at` <= :store_items.created_at.1:
AND `pos_id` = :pos_id.1:
ORDER BY `store_items`.`id` DESC
 LIMIT 10', [...], false)
 5 SYSTEMPATH\Model.php(241): CodeIgniter\Database\BaseBuilder->get()
 6 SYSTEMPATH\BaseModel.php(618): CodeIgniter\Model->doFindAll(10, 0)
 7 APPPATH\Controllers\ReportsController.php(463): CodeIgniter\BaseModel->findAll(10, 0)
 8 SYSTEMPATH\CodeIgniter.php(932): App\Controllers\ReportsController->stockTakeWithQty()
 9 SYSTEMPATH\CodeIgniter.php(497): CodeIgniter\CodeIgniter->runController(Object(App\Controllers\ReportsController))
10 SYSTEMPATH\CodeIgniter.php(366): CodeIgniter\CodeIgniter->handleRequest(null, Object(Config\Cache), false)
11 FCPATH\index.php(67): CodeIgniter\CodeIgniter->run()
INFO - 2023-09-21 10:55:12 --> Session: Class initialized using 'CodeIgniter\Session\Handlers\FileHandler' driver.
INFO - 2023-09-21 10:55:18 --> Session: Class initialized using 'CodeIgniter\Session\Handlers\FileHandler' driver.
INFO - 2023-09-21 10:57:41 --> Session: Class initialized using 'CodeIgniter\Session\Handlers\FileHandler' driver.
INFO - 2023-09-21 10:57:42 --> Session: Class initialized using 'CodeIgniter\Session\Handlers\FileHandler' driver.
INFO - 2023-09-21 10:57:45 --> Session: Class initialized using 'CodeIgniter\Session\Handlers\FileHandler' driver.
INFO - 2023-09-21 10:58:29 --> Session: Class initialized using 'CodeIgniter\Session\Handlers\FileHandler' driver.
INFO - 2023-09-21 10:58:29 --> Session: Class initialized using 'CodeIgniter\Session\Handlers\FileHandler' driver.
INFO - 2023-09-21 10:58:32 --> Session: Class initialized using 'CodeIgniter\Session\Handlers\FileHandler' driver.
INFO - 2023-09-21 10:58:55 --> Session: Class initialized using 'CodeIgniter\Session\Handlers\FileHandler' driver.
INFO - 2023-09-21 10:58:55 --> Session: Class initialized using 'CodeIgniter\Session\Handlers\FileHandler' driver.
ERROR - 2023-09-21 10:58:55 --> mysqli_sql_exception: Unknown column 'store_items.location' in 'group statement' in C:\xampp\htdocs\enterpro\system\Database\MySQLi\Connection.php:295
Stack trace:
#0 C:\xampp\htdocs\enterpro\system\Database\MySQLi\Connection.php(295): mysqli->query('SELECT COUNT(*)...', 0)
#1 C:\xampp\htdocs\enterpro\system\Database\BaseConnection.php(692): CodeIgniter\Database\MySQLi\Connection->execute('SELECT COUNT(*)...')
#2 C:\xampp\htdocs\enterpro\system\Database\BaseConnection.php(606): CodeIgniter\Database\BaseConnection->simpleQuery('SELECT COUNT(*)...')
#3 C:\xampp\htdocs\enterpro\system\Database\BaseBuilder.php(1700): CodeIgniter\Database\BaseConnection->query('SELECT COUNT(*)...', Array, false)
#4 C:\xampp\htdocs\enterpro\system\Model.php(606): CodeIgniter\Database\BaseBuilder->countAllResults(true)
#5 C:\xampp\htdocs\enterpro\app\Controllers\ReportsController.php(472): CodeIgniter\Model->countAllResults()
#6 C:\xampp\htdocs\enterpro\system\CodeIgniter.php(932): App\Controllers\ReportsController->stockTakeWithQty()
#7 C:\xampp\htdocs\enterpro\system\CodeIgniter.php(497): CodeIgniter\CodeIgniter->runController(Object(App\Controllers\ReportsController))
#8 C:\xampp\htdocs\enterpro\system\CodeIgniter.php(366): CodeIgniter\CodeIgniter->handleRequest(NULL, Object(Config\Cache), false)
#9 C:\xampp\htdocs\enterpro\index.php(67): CodeIgniter\CodeIgniter->run()
#10 {main}
CRITICAL - 2023-09-21 10:58:55 --> Unknown column 'store_items.location' in 'group statement'
in SYSTEMPATH\Database\MySQLi\Connection.php on line 295.
 1 SYSTEMPATH\Database\MySQLi\Connection.php(295): mysqli->query('SELECT COUNT(*) AS `numrows`
FROM (
SELECT `store_items`.`id`
FROM `store_items`
LEFT JOIN `items` ON `store_items`.`item_id` = `items`.`id`
LEFT JOIN `stores` ON `store_items`.`store_id` = `stores`.`id`
LEFT JOIN `location` `l` ON `store_items`.`location_id` = `l`.`id`
LEFT JOIN `categories` `c` ON `items`.`category_id` = `c`.`id`
LEFT JOIN `items_price` `p` ON `items`.`id` = `p`.`items_id`
WHERE `store_items`.`created_at` >= \'2023-09-21\'
AND `store_items`.`created_at` <= \'2023-09-21\'
GROUP BY `store_items`.`item_id`, `store_items`.`store_id`, `store_items`.`location`
) CI_count_all_results', 0)
 2 SYSTEMPATH\Database\BaseConnection.php(692): CodeIgniter\Database\MySQLi\Connection->execute('SELECT COUNT(*) AS `numrows`
FROM (
SELECT `store_items`.`id`
FROM `store_items`
LEFT JOIN `items` ON `store_items`.`item_id` = `items`.`id`
LEFT JOIN `stores` ON `store_items`.`store_id` = `stores`.`id`
LEFT JOIN `location` `l` ON `store_items`.`location_id` = `l`.`id`
LEFT JOIN `categories` `c` ON `items`.`category_id` = `c`.`id`
LEFT JOIN `items_price` `p` ON `items`.`id` = `p`.`items_id`
WHERE `store_items`.`created_at` >= \'2023-09-21\'
AND `store_items`.`created_at` <= \'2023-09-21\'
GROUP BY `store_items`.`item_id`, `store_items`.`store_id`, `store_items`.`location`
) CI_count_all_results')
 3 SYSTEMPATH\Database\BaseConnection.php(606): CodeIgniter\Database\BaseConnection->simpleQuery('SELECT COUNT(*) AS `numrows`
FROM (
SELECT `store_items`.`id`
FROM `store_items`
LEFT JOIN `items` ON `store_items`.`item_id` = `items`.`id`
LEFT JOIN `stores` ON `store_items`.`store_id` = `stores`.`id`
LEFT JOIN `location` `l` ON `store_items`.`location_id` = `l`.`id`
LEFT JOIN `categories` `c` ON `items`.`category_id` = `c`.`id`
LEFT JOIN `items_price` `p` ON `items`.`id` = `p`.`items_id`
WHERE `store_items`.`created_at` >= \'2023-09-21\'
AND `store_items`.`created_at` <= \'2023-09-21\'
GROUP BY `store_items`.`item_id`, `store_items`.`store_id`, `store_items`.`location`
) CI_count_all_results')
 4 SYSTEMPATH\Database\BaseBuilder.php(1700): CodeIgniter\Database\BaseConnection->query('SELECT COUNT(*) AS `numrows`
FROM (
SELECT `store_items`.`id`
FROM `store_items`
LEFT JOIN `items` ON `store_items`.`item_id` = `items`.`id`
LEFT JOIN `stores` ON `store_items`.`store_id` = `stores`.`id`
LEFT JOIN `location` `l` ON `store_items`.`location_id` = `l`.`id`
LEFT JOIN `categories` `c` ON `items`.`category_id` = `c`.`id`
LEFT JOIN `items_price` `p` ON `items`.`id` = `p`.`items_id`
WHERE `store_items`.`created_at` >= :store_items.created_at:
AND `store_items`.`created_at` <= :store_items.created_at.1:
GROUP BY `store_items`.`item_id`, `store_items`.`store_id`, `store_items`.`location`
) CI_count_all_results', [...], false)
 5 SYSTEMPATH\Model.php(606): CodeIgniter\Database\BaseBuilder->countAllResults(true)
 6 APPPATH\Controllers\ReportsController.php(472): CodeIgniter\Model->countAllResults()
 7 SYSTEMPATH\CodeIgniter.php(932): App\Controllers\ReportsController->stockTakeWithQty()
 8 SYSTEMPATH\CodeIgniter.php(497): CodeIgniter\CodeIgniter->runController(Object(App\Controllers\ReportsController))
 9 SYSTEMPATH\CodeIgniter.php(366): CodeIgniter\CodeIgniter->handleRequest(null, Object(Config\Cache), false)
10 FCPATH\index.php(67): CodeIgniter\CodeIgniter->run()
INFO - 2023-09-21 10:59:05 --> Session: Class initialized using 'CodeIgniter\Session\Handlers\FileHandler' driver.
INFO - 2023-09-21 10:59:06 --> Session: Class initialized using 'CodeIgniter\Session\Handlers\FileHandler' driver.
INFO - 2023-09-21 10:59:08 --> Session: Class initialized using 'CodeIgniter\Session\Handlers\FileHandler' driver.
INFO - 2023-09-21 10:59:29 --> Session: Class initialized using 'CodeIgniter\Session\Handlers\FileHandler' driver.
INFO - 2023-09-21 10:59:35 --> Session: Class initialized using 'CodeIgniter\Session\Handlers\FileHandler' driver.
INFO - 2023-09-21 10:59:38 --> Session: Class initialized using 'CodeIgniter\Session\Handlers\FileHandler' driver.
INFO - 2023-09-21 10:59:40 --> Session: Class initialized using 'CodeIgniter\Session\Handlers\FileHandler' driver.
INFO - 2023-09-21 10:59:40 --> Session: Class initialized using 'CodeIgniter\Session\Handlers\FileHandler' driver.
INFO - 2023-09-21 11:18:14 --> Session: Class initialized using 'CodeIgniter\Session\Handlers\FileHandler' driver.
INFO - 2023-09-21 11:18:15 --> Session: Class initialized using 'CodeIgniter\Session\Handlers\FileHandler' driver.
INFO - 2023-09-21 11:18:19 --> Session: Class initialized using 'CodeIgniter\Session\Handlers\FileHandler' driver.
INFO - 2023-09-21 11:18:19 --> Session: Class initialized using 'CodeIgniter\Session\Handlers\FileHandler' driver.
CRITICAL - 2023-09-21 11:18:19 --> Undefined index: location_id
in APPPATH\Controllers\ReportsController.php on line 352.
 1 APPPATH\Controllers\ReportsController.php(352): CodeIgniter\Debug\Exceptions->errorHandler(8, 'Undefined index: location_id', 'C:\\xampp\\htdocs\\enterpro\\app\\Controllers\\ReportsController.php', 352, [...])
 2 SYSTEMPATH\CodeIgniter.php(932): App\Controllers\ReportsController->stockOnHand()
 3 SYSTEMPATH\CodeIgniter.php(497): CodeIgniter\CodeIgniter->runController(Object(App\Controllers\ReportsController))
 4 SYSTEMPATH\CodeIgniter.php(366): CodeIgniter\CodeIgniter->handleRequest(null, Object(Config\Cache), false)
 5 FCPATH\index.php(67): CodeIgniter\CodeIgniter->run()
INFO - 2023-09-21 11:19:05 --> Session: Class initialized using 'CodeIgniter\Session\Handlers\FileHandler' driver.
INFO - 2023-09-21 11:19:05 --> Session: Class initialized using 'CodeIgniter\Session\Handlers\FileHandler' driver.
CRITICAL - 2023-09-21 11:19:05 --> Undefined index: location_id
in APPPATH\Controllers\ReportsController.php on line 352.
 1 APPPATH\Controllers\ReportsController.php(352): CodeIgniter\Debug\Exceptions->errorHandler(8, 'Undefined index: location_id', 'C:\\xampp\\htdocs\\enterpro\\app\\Controllers\\ReportsController.php', 352, [...])
 2 SYSTEMPATH\CodeIgniter.php(932): App\Controllers\ReportsController->stockOnHand()
 3 SYSTEMPATH\CodeIgniter.php(497): CodeIgniter\CodeIgniter->runController(Object(App\Controllers\ReportsController))
 4 SYSTEMPATH\CodeIgniter.php(366): CodeIgniter\CodeIgniter->handleRequest(null, Object(Config\Cache), false)
 5 FCPATH\index.php(67): CodeIgniter\CodeIgniter->run()
INFO - 2023-09-21 11:19:37 --> Session: Class initialized using 'CodeIgniter\Session\Handlers\FileHandler' driver.
INFO - 2023-09-21 11:19:38 --> Session: Class initialized using 'CodeIgniter\Session\Handlers\FileHandler' driver.
ERROR - 2023-09-21 11:19:38 --> mysqli_sql_exception: Column 'pos_id' in where clause is ambiguous in C:\xampp\htdocs\enterpro\system\Database\MySQLi\Connection.php:295
Stack trace:
#0 C:\xampp\htdocs\enterpro\system\Database\MySQLi\Connection.php(295): mysqli->query('SELECT COUNT(*)...', 0)
#1 C:\xampp\htdocs\enterpro\system\Database\BaseConnection.php(692): CodeIgniter\Database\MySQLi\Connection->execute('SELECT COUNT(*)...')
#2 C:\xampp\htdocs\enterpro\system\Database\BaseConnection.php(606): CodeIgniter\Database\BaseConnection->simpleQuery('SELECT COUNT(*)...')
#3 C:\xampp\htdocs\enterpro\system\Database\BaseBuilder.php(1700): CodeIgniter\Database\BaseConnection->query('SELECT COUNT(*)...', Array, false)
#4 C:\xampp\htdocs\enterpro\system\Model.php(606): CodeIgniter\Database\BaseBuilder->countAllResults(true)
#5 C:\xampp\htdocs\enterpro\app\Controllers\ReportsController.php(451): CodeIgniter\Model->countAllResults()
#6 C:\xampp\htdocs\enterpro\system\CodeIgniter.php(932): App\Controllers\ReportsController->stockPrice()
#7 C:\xampp\htdocs\enterpro\system\CodeIgniter.php(497): CodeIgniter\CodeIgniter->runController(Object(App\Controllers\ReportsController))
#8 C:\xampp\htdocs\enterpro\system\CodeIgniter.php(366): CodeIgniter\CodeIgniter->handleRequest(NULL, Object(Config\Cache), false)
#9 C:\xampp\htdocs\enterpro\index.php(67): CodeIgniter\CodeIgniter->run()
#10 {main}
CRITICAL - 2023-09-21 11:19:38 --> Column 'pos_id' in where clause is ambiguous
in SYSTEMPATH\Database\MySQLi\Connection.php on line 295.
 1 SYSTEMPATH\Database\MySQLi\Connection.php(295): mysqli->query('SELECT COUNT(*) AS `numrows`
FROM `items`
LEFT JOIN `items_price` `p` ON `items`.`id` = `p`.`items_id`
LEFT JOIN `stores` ON `p`.`store_id` = `stores`.`id`
LEFT JOIN `categories` `c` ON `items`.`category_id` = `c`.`id`
WHERE `pos_id` = \'1\'', 0)
 2 SYSTEMPATH\Database\BaseConnection.php(692): CodeIgniter\Database\MySQLi\Connection->execute('SELECT COUNT(*) AS `numrows`
FROM `items`
LEFT JOIN `items_price` `p` ON `items`.`id` = `p`.`items_id`
LEFT JOIN `stores` ON `p`.`store_id` = `stores`.`id`
LEFT JOIN `categories` `c` ON `items`.`category_id` = `c`.`id`
WHERE `pos_id` = \'1\'')
 3 SYSTEMPATH\Database\BaseConnection.php(606): CodeIgniter\Database\BaseConnection->simpleQuery('SELECT COUNT(*) AS `numrows`
FROM `items`
LEFT JOIN `items_price` `p` ON `items`.`id` = `p`.`items_id`
LEFT JOIN `stores` ON `p`.`store_id` = `stores`.`id`
LEFT JOIN `categories` `c` ON `items`.`category_id` = `c`.`id`
WHERE `pos_id` = \'1\'')
 4 SYSTEMPATH\Database\BaseBuilder.php(1700): CodeIgniter\Database\BaseConnection->query('SELECT COUNT(*) AS `numrows`
FROM `items`
LEFT JOIN `items_price` `p` ON `items`.`id` = `p`.`items_id`
LEFT JOIN `stores` ON `p`.`store_id` = `stores`.`id`
LEFT JOIN `categories` `c` ON `items`.`category_id` = `c`.`id`
WHERE `pos_id` = :pos_id:', [...], false)
 5 SYSTEMPATH\Model.php(606): CodeIgniter\Database\BaseBuilder->countAllResults(true)
 6 APPPATH\Controllers\ReportsController.php(451): CodeIgniter\Model->countAllResults()
 7 SYSTEMPATH\CodeIgniter.php(932): App\Controllers\ReportsController->stockPrice()
 8 SYSTEMPATH\CodeIgniter.php(497): CodeIgniter\CodeIgniter->runController(Object(App\Controllers\ReportsController))
 9 SYSTEMPATH\CodeIgniter.php(366): CodeIgniter\CodeIgniter->handleRequest(null, Object(Config\Cache), false)
10 FCPATH\index.php(67): CodeIgniter\CodeIgniter->run()
INFO - 2023-09-21 11:20:15 --> Session: Class initialized using 'CodeIgniter\Session\Handlers\FileHandler' driver.
INFO - 2023-09-21 11:20:16 --> Session: Class initialized using 'CodeIgniter\Session\Handlers\FileHandler' driver.
INFO - 2023-09-21 11:20:59 --> Session: Class initialized using 'CodeIgniter\Session\Handlers\FileHandler' driver.
INFO - 2023-09-21 11:21:00 --> Session: Class initialized using 'CodeIgniter\Session\Handlers\FileHandler' driver.
INFO - 2023-09-21 11:21:44 --> Session: Class initialized using 'CodeIgniter\Session\Handlers\FileHandler' driver.
INFO - 2023-09-21 11:21:46 --> Session: Class initialized using 'CodeIgniter\Session\Handlers\FileHandler' driver.
INFO - 2023-09-21 11:21:46 --> Session: Class initialized using 'CodeIgniter\Session\Handlers\FileHandler' driver.
INFO - 2023-09-21 11:21:59 --> Session: Class initialized using 'CodeIgniter\Session\Handlers\FileHandler' driver.
INFO - 2023-09-21 11:22:00 --> Session: Class initialized using 'CodeIgniter\Session\Handlers\FileHandler' driver.
INFO - 2023-09-21 11:24:11 --> Session: Class initialized using 'CodeIgniter\Session\Handlers\FileHandler' driver.
INFO - 2023-09-21 11:24:12 --> Session: Class initialized using 'CodeIgniter\Session\Handlers\FileHandler' driver.
INFO - 2023-09-21 11:24:19 --> Session: Class initialized using 'CodeIgniter\Session\Handlers\FileHandler' driver.
INFO - 2023-09-21 11:24:19 --> Session: Class initialized using 'CodeIgniter\Session\Handlers\FileHandler' driver.
INFO - 2023-09-21 11:25:47 --> Session: Class initialized using 'CodeIgniter\Session\Handlers\FileHandler' driver.
INFO - 2023-09-21 11:25:47 --> Session: Class initialized using 'CodeIgniter\Session\Handlers\FileHandler' driver.
INFO - 2023-09-21 11:27:23 --> Session: Class initialized using 'CodeIgniter\Session\Handlers\FileHandler' driver.
CRITICAL - 2023-09-21 11:27:34 --> syntax error, unexpected '}'
in APPPATH\Controllers\ReportsController.php on line 62.
 1 SYSTEMPATH\Autoloader\Autoloader.php(289): CodeIgniter\Autoloader\Autoloader->includeFile('C:\\xampp\\htdocs\\enterpro\\app\\Controllers\\ReportsController.php')
 2 SYSTEMPATH\Autoloader\Autoloader.php(267): CodeIgniter\Autoloader\Autoloader->loadInNamespace('App\\Controllers\\ReportsController')
 3 [internal function]: CodeIgniter\Autoloader\Autoloader->loadClass('App\\Controllers\\ReportsController')
 4 [internal function]: spl_autoload_call('App\\Controllers\\ReportsController')
 5 SYSTEMPATH\CodeIgniter.php(890): class_exists('\\App\\Controllers\\ReportsController', true)
 6 SYSTEMPATH\CodeIgniter.php(484): CodeIgniter\CodeIgniter->startController()
 7 SYSTEMPATH\CodeIgniter.php(366): CodeIgniter\CodeIgniter->handleRequest(null, Object(Config\Cache), false)
 8 FCPATH\index.php(67): CodeIgniter\CodeIgniter->run()
INFO - 2023-09-21 11:27:37 --> Session: Class initialized using 'CodeIgniter\Session\Handlers\FileHandler' driver.
INFO - 2023-09-21 11:28:13 --> Session: Class initialized using 'CodeIgniter\Session\Handlers\FileHandler' driver.
INFO - 2023-09-21 11:28:27 --> Session: Class initialized using 'CodeIgniter\Session\Handlers\FileHandler' driver.
CRITICAL - 2023-09-21 11:28:41 --> syntax error, unexpected '}'
in APPPATH\Controllers\ReportsController.php on line 62.
 1 SYSTEMPATH\Autoloader\Autoloader.php(289): CodeIgniter\Autoloader\Autoloader->includeFile('C:\\xampp\\htdocs\\enterpro\\app\\Controllers\\ReportsController.php')
 2 SYSTEMPATH\Autoloader\Autoloader.php(267): CodeIgniter\Autoloader\Autoloader->loadInNamespace('App\\Controllers\\ReportsController')
 3 [internal function]: CodeIgniter\Autoloader\Autoloader->loadClass('App\\Controllers\\ReportsController')
 4 [internal function]: spl_autoload_call('App\\Controllers\\ReportsController')
 5 SYSTEMPATH\CodeIgniter.php(890): class_exists('\\App\\Controllers\\ReportsController', true)
 6 SYSTEMPATH\CodeIgniter.php(484): CodeIgniter\CodeIgniter->startController()
 7 SYSTEMPATH\CodeIgniter.php(366): CodeIgniter\CodeIgniter->handleRequest(null, Object(Config\Cache), false)
 8 FCPATH\index.php(67): CodeIgniter\CodeIgniter->run()
INFO - 2023-09-21 11:28:44 --> Session: Class initialized using 'CodeIgniter\Session\Handlers\FileHandler' driver.
INFO - 2023-09-21 11:29:32 --> Session: Class initialized using 'CodeIgniter\Session\Handlers\FileHandler' driver.
INFO - 2023-09-21 11:29:32 --> Session: Class initialized using 'CodeIgniter\Session\Handlers\FileHandler' driver.
INFO - 2023-09-21 11:29:51 --> Session: Class initialized using 'CodeIgniter\Session\Handlers\FileHandler' driver.
INFO - 2023-09-21 11:29:57 --> Session: Class initialized using 'CodeIgniter\Session\Handlers\FileHandler' driver.
INFO - 2023-09-21 11:29:57 --> Session: Class initialized using 'CodeIgniter\Session\Handlers\FileHandler' driver.
INFO - 2023-09-21 11:30:24 --> Session: Class initialized using 'CodeIgniter\Session\Handlers\FileHandler' driver.
INFO - 2023-09-21 11:30:25 --> Session: Class initialized using 'CodeIgniter\Session\Handlers\FileHandler' driver.
INFO - 2023-09-21 12:20:49 --> Session: Class initialized using 'CodeIgniter\Session\Handlers\FileHandler' driver.
INFO - 2023-09-21 12:20:50 --> Session: Class initialized using 'CodeIgniter\Session\Handlers\FileHandler' driver.
INFO - 2023-09-21 12:22:47 --> Session: Class initialized using 'CodeIgniter\Session\Handlers\FileHandler' driver.
INFO - 2023-09-21 12:22:48 --> Session: Class initialized using 'CodeIgniter\Session\Handlers\FileHandler' driver.
INFO - 2023-09-21 12:22:58 --> Session: Class initialized using 'CodeIgniter\Session\Handlers\FileHandler' driver.
INFO - 2023-09-21 12:22:59 --> Session: Class initialized using 'CodeIgniter\Session\Handlers\FileHandler' driver.
INFO - 2023-09-21 12:26:14 --> Session: Class initialized using 'CodeIgniter\Session\Handlers\FileHandler' driver.
INFO - 2023-09-21 12:26:16 --> Session: Class initialized using 'CodeIgniter\Session\Handlers\FileHandler' driver.
INFO - 2023-09-21 12:39:51 --> Session: Class initialized using 'CodeIgniter\Session\Handlers\FileHandler' driver.
INFO - 2023-09-21 12:39:52 --> Session: Class initialized using 'CodeIgniter\Session\Handlers\FileHandler' driver.
INFO - 2023-09-21 12:40:28 --> Session: Class initialized using 'CodeIgniter\Session\Handlers\FileHandler' driver.
INFO - 2023-09-21 12:40:28 --> Session: Class initialized using 'CodeIgniter\Session\Handlers\FileHandler' driver.
INFO - 2023-09-21 12:40:31 --> Session: Class initialized using 'CodeIgniter\Session\Handlers\FileHandler' driver.
INFO - 2023-09-21 12:40:32 --> Session: Class initialized using 'CodeIgniter\Session\Handlers\FileHandler' driver.
CRITICAL - 2023-09-21 12:40:32 --> Undefined index: category_id
in APPPATH\Controllers\ReportsController.php on line 498.
 1 APPPATH\Controllers\ReportsController.php(498): CodeIgniter\Debug\Exceptions->errorHandler(8, 'Undefined index: category_id', 'C:\\xampp\\htdocs\\enterpro\\app\\Controllers\\ReportsController.php', 498, [...])
 2 SYSTEMPATH\CodeIgniter.php(932): App\Controllers\ReportsController->stockPrice()
 3 SYSTEMPATH\CodeIgniter.php(497): CodeIgniter\CodeIgniter->runController(Object(App\Controllers\ReportsController))
 4 SYSTEMPATH\CodeIgniter.php(366): CodeIgniter\CodeIgniter->handleRequest(null, Object(Config\Cache), false)
 5 FCPATH\index.php(67): CodeIgniter\CodeIgniter->run()
INFO - 2023-09-21 12:40:37 --> Session: Class initialized using 'CodeIgniter\Session\Handlers\FileHandler' driver.
INFO - 2023-09-21 12:40:38 --> Session: Class initialized using 'CodeIgniter\Session\Handlers\FileHandler' driver.
CRITICAL - 2023-09-21 12:40:38 --> Undefined index: category_id
in APPPATH\Controllers\ReportsController.php on line 498.
 1 APPPATH\Controllers\ReportsController.php(498): CodeIgniter\Debug\Exceptions->errorHandler(8, 'Undefined index: category_id', 'C:\\xampp\\htdocs\\enterpro\\app\\Controllers\\ReportsController.php', 498, [...])
 2 SYSTEMPATH\CodeIgniter.php(932): App\Controllers\ReportsController->stockPrice()
 3 SYSTEMPATH\CodeIgniter.php(497): CodeIgniter\CodeIgniter->runController(Object(App\Controllers\ReportsController))
 4 SYSTEMPATH\CodeIgniter.php(366): CodeIgniter\CodeIgniter->handleRequest(null, Object(Config\Cache), false)
 5 FCPATH\index.php(67): CodeIgniter\CodeIgniter->run()
INFO - 2023-09-21 12:41:01 --> Session: Class initialized using 'CodeIgniter\Session\Handlers\FileHandler' driver.
INFO - 2023-09-21 12:42:08 --> Session: Class initialized using 'CodeIgniter\Session\Handlers\FileHandler' driver.
INFO - 2023-09-21 12:42:09 --> Session: Class initialized using 'CodeIgniter\Session\Handlers\FileHandler' driver.
INFO - 2023-09-21 12:51:31 --> Session: Class initialized using 'CodeIgniter\Session\Handlers\FileHandler' driver.
INFO - 2023-09-21 12:51:32 --> Session: Class initialized using 'CodeIgniter\Session\Handlers\FileHandler' driver.
INFO - 2023-09-21 12:51:32 --> Session: Class initialized using 'CodeIgniter\Session\Handlers\FileHandler' driver.
INFO - 2023-09-21 12:51:32 --> Session: Class initialized using 'CodeIgniter\Session\Handlers\FileHandler' driver.
INFO - 2023-09-21 12:51:32 --> Session: Class initialized using 'CodeIgniter\Session\Handlers\FileHandler' driver.
INFO - 2023-09-21 12:51:32 --> Session: Class initialized using 'CodeIgniter\Session\Handlers\FileHandler' driver.
INFO - 2023-09-21 12:51:32 --> Session: Class initialized using 'CodeIgniter\Session\Handlers\FileHandler' driver.
INFO - 2023-09-21 12:51:32 --> Session: Class initialized using 'CodeIgniter\Session\Handlers\FileHandler' driver.
INFO - 2023-09-21 12:51:33 --> Session: Class initialized using 'CodeIgniter\Session\Handlers\FileHandler' driver.
INFO - 2023-09-21 12:58:59 --> Session: Class initialized using 'CodeIgniter\Session\Handlers\FileHandler' driver.
INFO - 2023-09-21 12:58:59 --> Session: Class initialized using 'CodeIgniter\Session\Handlers\FileHandler' driver.
INFO - 2023-09-21 12:58:59 --> Session: Class initialized using 'CodeIgniter\Session\Handlers\FileHandler' driver.
INFO - 2023-09-21 12:58:59 --> Session: Class initialized using 'CodeIgniter\Session\Handlers\FileHandler' driver.
INFO - 2023-09-21 12:58:59 --> Session: Class initialized using 'CodeIgniter\Session\Handlers\FileHandler' driver.
INFO - 2023-09-21 12:59:00 --> Session: Class initialized using 'CodeIgniter\Session\Handlers\FileHandler' driver.
INFO - 2023-09-21 12:59:00 --> Session: Class initialized using 'CodeIgniter\Session\Handlers\FileHandler' driver.
INFO - 2023-09-21 12:59:00 --> Session: Class initialized using 'CodeIgniter\Session\Handlers\FileHandler' driver.
INFO - 2023-09-21 13:00:10 --> Session: Class initialized using 'CodeIgniter\Session\Handlers\FileHandler' driver.
INFO - 2023-09-21 13:00:10 --> Session: Class initialized using 'CodeIgniter\Session\Handlers\FileHandler' driver.
INFO - 2023-09-21 13:01:22 --> Session: Class initialized using 'CodeIgniter\Session\Handlers\FileHandler' driver.
INFO - 2023-09-21 13:01:23 --> Session: Class initialized using 'CodeIgniter\Session\Handlers\FileHandler' driver.
INFO - 2023-09-21 13:01:23 --> Session: Class initialized using 'CodeIgniter\Session\Handlers\FileHandler' driver.
INFO - 2023-09-21 13:01:23 --> Session: Class initialized using 'CodeIgniter\Session\Handlers\FileHandler' driver.
INFO - 2023-09-21 13:01:23 --> Session: Class initialized using 'CodeIgniter\Session\Handlers\FileHandler' driver.
INFO - 2023-09-21 13:01:23 --> Session: Class initialized using 'CodeIgniter\Session\Handlers\FileHandler' driver.
INFO - 2023-09-21 13:01:23 --> Session: Class initialized using 'CodeIgniter\Session\Handlers\FileHandler' driver.
INFO - 2023-09-21 13:01:27 --> Session: Class initialized using 'CodeIgniter\Session\Handlers\FileHandler' driver.
INFO - 2023-09-21 13:01:28 --> Session: Class initialized using 'CodeIgniter\Session\Handlers\FileHandler' driver.
INFO - 2023-09-21 13:01:28 --> Session: Class initialized using 'CodeIgniter\Session\Handlers\FileHandler' driver.
INFO - 2023-09-21 13:01:28 --> Session: Class initialized using 'CodeIgniter\Session\Handlers\FileHandler' driver.
INFO - 2023-09-21 13:01:28 --> Session: Class initialized using 'CodeIgniter\Session\Handlers\FileHandler' driver.
INFO - 2023-09-21 13:01:28 --> Session: Class initialized using 'CodeIgniter\Session\Handlers\FileHandler' driver.
INFO - 2023-09-21 13:01:28 --> Session: Class initialized using 'CodeIgniter\Session\Handlers\FileHandler' driver.
INFO - 2023-09-21 13:01:28 --> Session: Class initialized using 'CodeIgniter\Session\Handlers\FileHandler' driver.
INFO - 2023-09-21 13:01:30 --> Session: Class initialized using 'CodeIgniter\Session\Handlers\FileHandler' driver.
INFO - 2023-09-21 13:01:33 --> Session: Class initialized using 'CodeIgniter\Session\Handlers\FileHandler' driver.
INFO - 2023-09-21 13:01:34 --> Session: Class initialized using 'CodeIgniter\Session\Handlers\FileHandler' driver.
INFO - 2023-09-21 13:01:35 --> Session: Class initialized using 'CodeIgniter\Session\Handlers\FileHandler' driver.
INFO - 2023-09-21 13:01:35 --> Session: Class initialized using 'CodeIgniter\Session\Handlers\FileHandler' driver.
INFO - 2023-09-21 13:01:37 --> Session: Class initialized using 'CodeIgniter\Session\Handlers\FileHandler' driver.
INFO - 2023-09-21 13:01:40 --> Session: Class initialized using 'CodeIgniter\Session\Handlers\FileHandler' driver.
INFO - 2023-09-21 13:01:40 --> Session: Class initialized using 'CodeIgniter\Session\Handlers\FileHandler' driver.
INFO - 2023-09-21 13:01:40 --> Session: Class initialized using 'CodeIgniter\Session\Handlers\FileHandler' driver.
INFO - 2023-09-21 13:01:40 --> Session: Class initialized using 'CodeIgniter\Session\Handlers\FileHandler' driver.
INFO - 2023-09-21 13:01:41 --> Session: Class initialized using 'CodeIgniter\Session\Handlers\FileHandler' driver.
INFO - 2023-09-21 13:01:43 --> Session: Class initialized using 'CodeIgniter\Session\Handlers\FileHandler' driver.
INFO - 2023-09-21 13:01:44 --> Session: Class initialized using 'CodeIgniter\Session\Handlers\FileHandler' driver.
INFO - 2023-09-21 13:01:44 --> Session: Class initialized using 'CodeIgniter\Session\Handlers\FileHandler' driver.
INFO - 2023-09-21 13:01:44 --> Session: Class initialized using 'CodeIgniter\Session\Handlers\FileHandler' driver.
INFO - 2023-09-21 13:01:45 --> Session: Class initialized using 'CodeIgniter\Session\Handlers\FileHandler' driver.
INFO - 2023-09-21 13:01:49 --> Session: Class initialized using 'CodeIgniter\Session\Handlers\FileHandler' driver.
INFO - 2023-09-21 13:07:49 --> Session: Class initialized using 'CodeIgniter\Session\Handlers\FileHandler' driver.
INFO - 2023-09-21 13:07:50 --> Session: Class initialized using 'CodeIgniter\Session\Handlers\FileHandler' driver.
